Log file open, 12/27/17 16:31:40
LogWindows: Failed to load 'aqProf.dll' (GetLastError=126)
LogWindows: File 'aqProf.dll' does not exist
LogWindows: Failed to load 'VtuneApi.dll' (GetLastError=126)
LogWindows: File 'VtuneApi.dll' does not exist
LogWindows: Failed to load 'VtuneApi32e.dll' (GetLastError=126)
LogWindows: File 'VtuneApi32e.dll' does not exist
LogInit: Display: Running engine for game: ue4_client
LogPlatformFile: Not using cached read wrapper
LogInit: Display: RandInit(-1586157420) SRandInit(-1586157420).
LogInit: Read version file with build ID '3709383'
LogInit: Overriding engine version to CL 3794801, compatible CL 3709383
LogInit: Registered custom module enumerator with build ID '3709383'
LogTaskGraph: Started task graph with 5 named threads and 14 total threads with 3 sets of task threads.
LogStats: Stats thread started at 0.177528
LogD3D11RHI: Aftermath initialized
LogModuleManager: Display: Found up-to-date module file ../../../Engine/Plugins/2D/Paper2D/Binaries/Win64/UE4Editor-Paper2D.dll (API version 3709383).
LogModuleManager: Display: Found up-to-date module file ../../../Engine/Plugins/2D/Paper2D/Binaries/Win64/UE4Editor-Paper2DEditor.dll (API version 3709383).
LogModuleManager: Display: Found up-to-date module file ../../../Engine/Plugins/2D/Paper2D/Binaries/Win64/UE4Editor-PaperSpriteSheetImporter.dll (API version 3709383).
LogModuleManager: Display: Found up-to-date module file ../../../Engine/Plugins/2D/Paper2D/Binaries/Win64/UE4Editor-PaperTiledImporter.dll (API version 3709383).
LogModuleManager: Display: Found up-to-date module file ../../../Engine/Plugins/2D/Paper2D/Binaries/Win64/UE4Editor-SmartSnapping.dll (API version 3709383).
LogModuleManager: Display: Found up-to-date module file ../../../Engine/Plugins/Blendables/LightPropagationVolume/Binaries/Win64/UE4Editor-LightPropagationVolumeRuntime.dll (API version 3709383).
LogModuleManager: Display: Found up-to-date module file ../../../Engine/Plugins/Blendables/LightPropagationVolume/Binaries/Win64/UE4Editor-LightPropagationVolumeEditor.dll (API version 3709383).
LogModuleManager: Display: Found up-to-date module file ../../../Engine/Plugins/Developer/GitSourceControl/Binaries/Win64/UE4Editor-GitSourceControl.dll (API version 3709383).
LogModuleManager: Display: Found up-to-date module file ../../../Engine/Plugins/Developer/PerforceSourceControl/Binaries/Win64/UE4Editor-PerforceSourceControl.dll (API version 3709383).
LogModuleManager: Display: Found up-to-date module file ../../../Engine/Plugins/Developer/SubversionSourceControl/Binaries/Win64/UE4Editor-SubversionSourceControl.dll (API version 3709383).
LogModuleManager: Display: Found up-to-date module file ../../../Engine/Plugins/Developer/UObjectPlugin/Binaries/Win64/UE4Editor-UObjectPlugin.dll (API version 3709383).
LogModuleManager: Display: Found up-to-date module file ../../../Engine/Plugins/Developer/VisualStudioCodeSourceCodeAccess/Binaries/Win64/UE4Editor-VisualStudioCodeSourceCodeAccess.dll (API version 3709383).
LogModuleManager: Display: Found up-to-date module file ../../../Engine/Plugins/Developer/VisualStudioSourceCodeAccess/Binaries/Win64/UE4Editor-VisualStudioSourceCodeAccess.dll (API version 3709383).
LogModuleManager: Display: Found up-to-date module file ../../../Engine/Plugins/Editor/AssetManagerEditor/Binaries/Win64/UE4Editor-AssetManagerEditor.dll (API version 3709383).
LogModuleManager: Display: Found up-to-date module file ../../../Engine/Plugins/Editor/AudioCapture/Binaries/Win64/UE4Editor-AudioCapture.dll (API version 3709383).
LogModuleManager: Display: Found up-to-date module file ../../../Engine/Plugins/Editor/FacialAnimation/Binaries/Win64/UE4Editor-FacialAnimation.dll (API version 3709383).
LogModuleManager: Display: Found up-to-date module file ../../../Engine/Plugins/Editor/FacialAnimation/Binaries/Win64/UE4Editor-FacialAnimationEditor.dll (API version 3709383).
LogModuleManager: Display: Found up-to-date module file ../../../Engine/Plugins/Editor/GameplayTagsEditor/Binaries/Win64/UE4Editor-GameplayTagsEditor.dll (API version 3709383).
LogModuleManager: Display: Found up-to-date module file ../../../Engine/Plugins/Editor/MobileLauncherProfileWizard/Binaries/Win64/UE4Editor-MobileLauncherProfileWizard.dll (API version 3709383).
LogModuleManager: Display: Found up-to-date module file ../../../Engine/Plugins/Editor/PluginBrowser/Binaries/Win64/UE4Editor-PluginBrowser.dll (API version 3709383).
LogModuleManager: Display: Found up-to-date module file ../../../Engine/Plugins/Editor/SpeedTreeImporter/Binaries/Win64/UE4Editor-SpeedTreeImporter.dll (API version 3709383).
LogModuleManager: Display: Found up-to-date module file ../../../Engine/Plugins/Experimental/AlembicImporter/Binaries/Win64/UE4Editor-AlembicImporter.dll (API version 3709383).
LogModuleManager: Display: Found up-to-date module file ../../../Engine/Plugins/Experimental/AlembicImporter/Binaries/Win64/UE4Editor-AlembicLibrary.dll (API version 3709383).
LogModuleManager: Display: Found up-to-date module file ../../../Engine/Plugins/Experimental/CharacterAI/Binaries/Win64/UE4Editor-CharacterAI.dll (API version 3709383).
LogModuleManager: Display: Found up-to-date module file ../../../Engine/Plugins/Experimental/HTML5Networking/Binaries/Win64/UE4Editor-HTML5Networking.dll (API version 3709383).
LogModuleManager: Display: Found up-to-date module file ../../../Engine/Plugins/Media/AndroidMedia/Binaries/Win64/UE4Editor-AndroidMediaEditor.dll (API version 3709383).
LogModuleManager: Display: Found up-to-date module file ../../../Engine/Plugins/Media/AndroidMedia/Binaries/Win64/UE4Editor-AndroidMediaFactory.dll (API version 3709383).
LogModuleManager: Display: Found up-to-date module file ../../../Engine/Plugins/Media/AvfMedia/Binaries/Win64/UE4Editor-AvfMediaEditor.dll (API version 3709383).
LogModuleManager: Display: Found up-to-date module file ../../../Engine/Plugins/Media/AvfMedia/Binaries/Win64/UE4Editor-AvfMediaFactory.dll (API version 3709383).
LogModuleManager: Display: Found up-to-date module file ../../../Engine/Plugins/Media/AvfMedia/Binaries/Win64/UE4Editor-AvfMediaFactory.dll (API version 3709383).
LogModuleManager: Display: Found up-to-date module file ../../../Engine/Plugins/Media/ImgMedia/Binaries/Win64/UE4Editor-ImgMedia.dll (API version 3709383).
LogModuleManager: Display: Found up-to-date module file ../../../Engine/Plugins/Media/ImgMedia/Binaries/Win64/UE4Editor-ImgMediaEditor.dll (API version 3709383).
LogModuleManager: Display: Found up-to-date module file ../../../Engine/Plugins/Media/ImgMedia/Binaries/Win64/UE4Editor-ImgMediaFactory.dll (API version 3709383).
LogModuleManager: Display: Found up-to-date module file ../../../Engine/Plugins/Media/ImgMedia/Binaries/Win64/UE4Editor-ImgMediaFactory.dll (API version 3709383).
LogModuleManager: Display: Found up-to-date module file ../../../Engine/Plugins/Media/ImgMedia/Binaries/Win64/UE4Editor-OpenExrWrapper.dll (API version 3709383).
LogModuleManager: Display: Found up-to-date module file ../../../Engine/Plugins/Media/MediaCompositing/Binaries/Win64/UE4Editor-MediaCompositing.dll (API version 3709383).
LogModuleManager: Display: Found up-to-date module file ../../../Engine/Plugins/Media/MediaCompositing/Binaries/Win64/UE4Editor-MediaCompositingEditor.dll (API version 3709383).
LogModuleManager: Display: Found up-to-date module file ../../../Engine/Plugins/Media/MediaPlayerEditor/Binaries/Win64/UE4Editor-MediaPlayerEditor.dll (API version 3709383).
LogModuleManager: Display: Found up-to-date module file ../../../Engine/Plugins/Media/WmfMedia/Binaries/Win64/UE4Editor-WmfMedia.dll (API version 3709383).
LogModuleManager: Display: Found up-to-date module file ../../../Engine/Plugins/Media/WmfMedia/Binaries/Win64/UE4Editor-WmfMediaEditor.dll (API version 3709383).
LogModuleManager: Display: Found up-to-date module file ../../../Engine/Plugins/Media/WmfMedia/Binaries/Win64/UE4Editor-WmfMediaFactory.dll (API version 3709383).
LogModuleManager: Display: Found up-to-date module file ../../../Engine/Plugins/Media/WmfMedia/Binaries/Win64/UE4Editor-WmfMediaFactory.dll (API version 3709383).
LogModuleManager: Display: Found up-to-date module file ../../../Engine/Plugins/Messaging/TcpMessaging/Binaries/Win64/UE4Editor-TcpMessaging.dll (API version 3709383).
LogModuleManager: Display: Found up-to-date module file ../../../Engine/Plugins/Messaging/UdpMessaging/Binaries/Win64/UE4Editor-UdpMessaging.dll (API version 3709383).
LogModuleManager: Display: Found up-to-date module file ../../../Engine/Plugins/MovieScene/ActorSequence/Binaries/Win64/UE4Editor-ActorSequence.dll (API version 3709383).
LogModuleManager: Display: Found up-to-date module file ../../../Engine/Plugins/MovieScene/LevelSequenceEditor/Binaries/Win64/UE4Editor-LevelSequenceEditor.dll (API version 3709383).
LogModuleManager: Display: Found up-to-date module file ../../../Engine/Plugins/MovieScene/MatineeToLevelSequence/Binaries/Win64/UE4Editor-MatineeToLevelSequence.dll (API version 3709383).
LogModuleManager: Display: Found up-to-date module file ../../../Engine/Plugins/Online/OnlineSubsystem/Binaries/Win64/UE4Editor-OnlineSubsystem.dll (API version 3709383).
LogModuleManager: Display: Found up-to-date module file ../../../Engine/Plugins/Runtime/AndroidPermission/Binaries/Win64/UE4Editor-AndroidPermission.dll (API version 3709383).
LogModuleManager: Display: Found up-to-date module file ../../../Engine/Plugins/Online/OnlineSubsystemNull/Binaries/Win64/UE4Editor-OnlineSubsystemNull.dll (API version 3709383).
LogModuleManager: Display: Found up-to-date module file ../../../Engine/Plugins/Online/OnlineSubsystemUtils/Binaries/Win64/UE4Editor-OnlineSubsystemUtils.dll (API version 3709383).
LogModuleManager: Display: Found up-to-date module file ../../../Engine/Plugins/Online/OnlineSubsystemUtils/Binaries/Win64/UE4Editor-OnlineBlueprintSupport.dll (API version 3709383).
LogModuleManager: Display: Found up-to-date module file ../../../Engine/Plugins/Runtime/AndroidDeviceProfileSelector/Binaries/Win64/UE4Editor-AndroidDeviceProfileSelector.dll (API version 3709383).
LogModuleManager: Display: Found up-to-date module file ../../../Engine/Plugins/Runtime/AppleARKit/Binaries/Win64/UE4Editor-AppleARKit.dll (API version 3709383).
LogModuleManager: Display: Found up-to-date module file ../../../Engine/Plugins/Runtime/ArchVisCharacter/Binaries/Win64/UE4Editor-ArchVisCharacter.dll (API version 3709383).
LogModuleManager: Display: Found up-to-date module file ../../../Engine/Plugins/Runtime/CableComponent/Binaries/Win64/UE4Editor-CableComponent.dll (API version 3709383).
LogModuleManager: Display: Found up-to-date module file ../../../Engine/Plugins/Runtime/CustomMeshComponent/Binaries/Win64/UE4Editor-CustomMeshComponent.dll (API version 3709383).
LogModuleManager: Display: Found up-to-date module file ../../../Engine/Plugins/Runtime/ExampleDeviceProfileSelector/Binaries/Win64/UE4Editor-ExampleDeviceProfileSelector.dll (API version 3709383).
LogModuleManager: Display: Found up-to-date module file ../../../Engine/Plugins/Runtime/ImmediatePhysics/Binaries/Win64/UE4Editor-ImmediatePhysics.dll (API version 3709383).
LogModuleManager: Display: Found up-to-date module file ../../../Engine/Plugins/Runtime/ImmediatePhysics/Binaries/Win64/UE4Editor-ImmediatePhysicsEditor.dll (API version 3709383).
LogModuleManager: Display: Found up-to-date module file ../../../Engine/Plugins/Runtime/LocationServicesBPLibrary/Binaries/Win64/UE4Editor-LocationServicesBPLibrary.dll (API version 3709383).
LogModuleManager: Display: Found up-to-date module file ../../../Engine/Plugins/Runtime/MobilePatchingUtils/Binaries/Win64/UE4Editor-MobilePatchingUtils.dll (API version 3709383).
LogModuleManager: Display: Found up-to-date module file ../../../Engine/Plugins/Runtime/Oculus/OculusVR/Binaries/Win64/UE4Editor-OculusHMD.dll (API version 3709383).
LogModuleManager: Display: Found up-to-date module file ../../../Engine/Plugins/Runtime/Oculus/OculusVR/Binaries/Win64/UE4Editor-OculusInput.dll (API version 3709383).
LogModuleManager: Display: Found up-to-date module file ../../../Engine/Plugins/Runtime/Oculus/OculusVR/Binaries/Win64/UE4Editor-OculusEditor.dll (API version 3709383).
LogModuleManager: Display: Found up-to-date module file ../../../Engine/Plugins/Runtime/PhysXVehicles/Binaries/Win64/UE4Editor-PhysXVehicles.dll (API version 3709383).
LogModuleManager: Display: Found up-to-date module file ../../../Engine/Plugins/Runtime/PhysXVehicles/Binaries/Win64/UE4Editor-PhysXVehiclesEditor.dll (API version 3709383).
LogModuleManager: Display: Found up-to-date module file ../../../Engine/Plugins/Runtime/ProceduralMeshComponent/Binaries/Win64/UE4Editor-ProceduralMeshComponent.dll (API version 3709383).
LogModuleManager: Display: Found up-to-date module file ../../../Engine/Plugins/Runtime/ProceduralMeshComponent/Binaries/Win64/UE4Editor-ProceduralMeshComponentEditor.dll (API version 3709383).
LogModuleManager: Display: Found up-to-date module file ../../../Engine/Plugins/Runtime/RuntimePhysXCooking/Binaries/Win64/UE4Editor-RuntimePhysXCooking.dll (API version 3709383).
LogModuleManager: Display: Found up-to-date module file ../../../Engine/Plugins/Runtime/Steam/SteamVR/Binaries/Win64/UE4Editor-SteamVR.dll (API version 3709383).
LogModuleManager: Display: Found up-to-date module file ../../../Engine/Plugins/Runtime/Steam/SteamVR/Binaries/Win64/UE4Editor-SteamVRController.dll (API version 3709383).
LogModuleManager: Display: Found up-to-date module file ../../../Engine/Plugins/Runtime/WindowsMoviePlayer/Binaries/Win64/UE4Editor-WindowsMoviePlayer.dll (API version 3709383).
LogPluginManager: Mounting plugin Paper2D
LogPluginManager: Mounting plugin LightPropagationVolume
LogPluginManager: Mounting plugin CodeLiteSourceCodeAccess
LogPluginManager: Mounting plugin GitSourceControl
LogPluginManager: Mounting plugin KDevelopSourceCodeAccess
LogPluginManager: Mounting plugin NullSourceCodeAccess
LogPluginManager: Mounting plugin PerforceSourceControl
LogPluginManager: Mounting plugin SubversionSourceControl
LogPluginManager: Mounting plugin UObjectPlugin
LogPluginManager: Mounting plugin VisualStudioCodeSourceCodeAccess
LogPluginManager: Mounting plugin VisualStudioSourceCodeAccess
LogPluginManager: Mounting plugin XCodeSourceCodeAccess
LogPluginManager: Mounting plugin AssetManagerEditor
LogPluginManager: Mounting plugin AudioCapture
LogPluginManager: Mounting plugin FacialAnimation
LogPluginManager: Mounting plugin GameplayTagsEditor
LogPluginManager: Mounting plugin MobileLauncherProfileWizard
LogPluginManager: Mounting plugin PluginBrowser
LogPluginManager: Mounting plugin SpeedTreeImporter
LogPluginManager: Mounting plugin AlembicImporter
LogPluginManager: Mounting plugin CharacterAI
LogPluginManager: Mounting plugin HTML5Networking
LogPluginManager: Mounting plugin AndroidMedia
LogPluginManager: Mounting plugin AvfMedia
LogPluginManager: Mounting plugin ImgMedia
LogPluginManager: Mounting plugin MediaCompositing
LogPluginManager: Mounting plugin MediaPlayerEditor
LogPluginManager: Mounting plugin WmfMedia
LogPluginManager: Mounting plugin TcpMessaging
LogPluginManager: Mounting plugin UdpMessaging
LogPluginManager: Mounting plugin ActorSequence
LogPluginManager: Mounting plugin LevelSequenceEditor
LogPluginManager: Mounting plugin MatineeToLevelSequence
LogPluginManager: Mounting plugin OnlineSubsystemGooglePlay
LogPluginManager: Mounting plugin OnlineSubsystemIOS
LogPluginManager: Mounting plugin OnlineSubsystem
LogPluginManager: Mounting plugin OnlineSubsystemNull
LogPluginManager: Mounting plugin OnlineSubsystemUtils
LogPluginManager: Mounting plugin AndroidDeviceProfileSelector
LogPluginManager: Mounting plugin AndroidMoviePlayer
LogPluginManager: Mounting plugin AndroidPermission
LogPluginManager: Mounting plugin AppleARKit
LogPluginManager: Mounting plugin AppleMoviePlayer
LogPluginManager: Mounting plugin ArchVisCharacter
LogPluginManager: Mounting plugin CableComponent
LogPluginManager: Mounting plugin CustomMeshComponent
LogPluginManager: Mounting plugin ExampleDeviceProfileSelector
LogPluginManager: Mounting plugin GoogleCloudMessaging
LogPluginManager: Mounting plugin ImmediatePhysics
LogPluginManager: Mounting plugin IOSDeviceProfileSelector
LogPluginManager: Mounting plugin LinuxDeviceProfileSelector
LogPluginManager: Mounting plugin LocationServicesBPLibrary
LogPluginManager: Mounting plugin MobilePatchingUtils
LogPluginManager: Mounting plugin OculusVR
LogPluginManager: Plugin shader directory ../../../Engine/Plugins/Runtime/Oculus/OculusVR/Shaders found
LogPluginManager: Mapping shader source directory ../../../Engine/Plugins/Runtime/Oculus/OculusVR/Shaders to virtual directory /Plugin/OculusVR
LogPluginManager: Mounting plugin PhysXVehicles
LogPluginManager: Mounting plugin ProceduralMeshComponent
LogPluginManager: Mounting plugin RuntimePhysXCooking
LogPluginManager: Mounting plugin SteamVR
LogPluginManager: Mounting plugin WindowsMoviePlayer
LogInit: Using libcurl 7.47.1
LogInit:  - built for x86_64-pc-win32
LogInit:  - supports SSL with OpenSSL/1.0.2g
LogInit:  - supports HTTP deflate (compression) using libz 1.2.8
LogInit:  - other features:
LogInit:      CURL_VERSION_SSL
LogInit:      CURL_VERSION_LIBZ
LogInit:      CURL_VERSION_IPV6
LogInit:      CURL_VERSION_ASYNCHDNS
LogInit:      CURL_VERSION_LARGEFILE
LogInit:      CURL_VERSION_IDN
LogInit:  CurlRequestOptions (configurable via config and command line):
LogInit:  - bVerifyPeer = false  - Libcurl will NOT verify peer certificate
LogInit:  - bUseHttpProxy = false  - Libcurl will NOT use HTTP proxy
LogInit:  - bDontReuseConnections = false  - Libcurl will reuse connections
LogInit:  - CertBundlePath = nullptr  - Libcurl will use whatever was configured at build time.
LogInit: Build: ++UE4+Release-4.18-CL-3794801
LogInit: Engine Version: 4.18.2-3794801+++UE4+Release-4.18
LogInit: Compatible Engine Version: 4.18.0-3709383+++UE4+Release-4.18
LogInit: Net CL: 3709383
LogDevObjectVersion: Number of dev versions registered: 16
LogDevObjectVersion:   Dev-Blueprints (B0D832E4-1F89-4F0D-ACCF-7EB736FD4AA2): 10
LogDevObjectVersion:   Dev-Build (E1C64328-A22C-4D53-A36C-8E866417BD8C): 0
LogDevObjectVersion:   Dev-Core (375EC13C-06E4-48FB-B500-84F0262A717E): 2
LogDevObjectVersion:   Dev-Editor (E4B068ED-F494-42E9-A231-DA0B2E46BB41): 20
LogDevObjectVersion:   Dev-Framework (CFFC743F-43B0-4480-9391-14DF171D2073): 30
LogDevObjectVersion:   Dev-Mobile (B02B49B5-BB20-44E9-A304-32B752E40360): 0
LogDevObjectVersion:   Dev-Networking (A4E4105C-59A1-49B5-A7C5-40C4547EDFEE): 0
LogDevObjectVersion:   Dev-Online (39C831C9-5AE6-47DC-9A44-9C173E1C8E7C): 0
LogDevObjectVersion:   Dev-Physics (78F01B33-EBEA-4F98-B9B4-84EACCB95AA2): 0
LogDevObjectVersion:   Dev-Platform (6631380F-2D4D-43E0-8009-CF276956A95A): 0
LogDevObjectVersion:   Dev-Rendering (12F88B9F-8875-4AFC-A67C-D90C383ABD29): 20
LogDevObjectVersion:   Dev-Sequencer (7B5AE74C-D270-4C10-A958-57980B212A5A): 4
LogDevObjectVersion:   Dev-VR (D7296918-1DD6-4BDD-9DE2-64A83CC13884): 0
LogDevObjectVersion:   Dev-LoadTimes (C2A15278-BFE7-4AFE-6C17-90FF531DF755): 1
LogDevObjectVersion:   Private-Geometry (6EACA3D4-40EC-4CC1-B786-8BED09428FC5): 1
LogDevObjectVersion:   Dev-AnimPhys (29E575DD-E0A3-4627-9D10-D276232CDCEA): 12
LogInit: Compiled (64-bit): Dec  8 2017 02:04:53
LogInit: Compiled with Visual C++: 19.00.24215.01
LogInit: Build Configuration: Development
LogInit: Branch Name: ++UE4+Release-4.18
LogInit: Command line:  
LogInit: Base directory: D:/Program Files/Epic Games/UE_4.18/Engine/Binaries/Win64/
LogInit: Installed Engine Build: 1
LogInit: Presizing for max 8388607 objects, including 0 objects not considered by GC, pre-allocating 0 bytes for permanent pool.
LogInit: Object subsystem initialized
[2017.12.27-15.31.41:932][  0]LogInit: Selected Device Profile: [Windows]
[2017.12.27-15.31.41:932][  0]LogInit: Applying CVar settings loaded from the selected device profile: [Windows]
[2017.12.27-15.31.41:946][  0]LogInit: Computer: DESKTOP-AATF6VQ
[2017.12.27-15.31.41:946][  0]LogInit: User: Lisa
[2017.12.27-15.31.41:946][  0]LogInit: CPU Page size=4096, Cores=4
[2017.12.27-15.31.41:946][  0]LogInit: High frequency timer resolution =3.320310 MHz
[2017.12.27-15.31.41:947][  0]LogMemory: Memory total: Physical=7.8GB (8GB approx)
[2017.12.27-15.31.41:947][  0]LogMemory: Platform Memory Stats for Windows
[2017.12.27-15.31.41:947][  0]LogMemory: Process Physical Memory: 273.11 MB used, 273.11 MB peak
[2017.12.27-15.31.41:947][  0]LogMemory: Process Virtual Memory: 271.66 MB used, 271.66 MB peak
[2017.12.27-15.31.41:947][  0]LogMemory: Physical Memory: 5104.62 MB used,  2924.30 MB free, 8028.92 MB total
[2017.12.27-15.31.41:947][  0]LogMemory: Virtual Memory: 678.84 MB used,  2924.30 MB free, 134217728.00 MB total
[2017.12.27-15.31.42:203][  0]LogInit: Using OS detected language (en-US).
[2017.12.27-15.31.42:203][  0]LogInit: Using OS detected locale (en-US).
[2017.12.27-15.31.42:208][  0]LogTextLocalizationManager: No specific localization for 'en-US' exists, so the 'en' localization will be used.
[2017.12.27-15.31.43:936][  0]LogInit: Setting process to per monitor DPI aware
[2017.12.27-15.31.48:887][  0]LogD3D11RHI: D3D11 adapters:
[2017.12.27-15.31.48:899][  0]LogD3D11RHI:    0. 'AMD Radeon HD 5800 Series' (Feature Level 11_0)
[2017.12.27-15.31.48:899][  0]LogD3D11RHI:       1010/0/3840 MB DedicatedVideo/DedicatedSystem/SharedSystem, Outputs:2, VendorId:0x1002
[2017.12.27-15.31.48:908][  0]LogD3D11RHI:    1. 'AMD Radeon HD 5800 Series' (Feature Level 11_0)
[2017.12.27-15.31.48:908][  0]LogD3D11RHI:       1010/0/3840 MB DedicatedVideo/DedicatedSystem/SharedSystem, Outputs:1, VendorId:0x1002
[2017.12.27-15.31.48:951][  0]LogD3D11RHI:    2. 'Intel(R) HD Graphics 4600' (Feature Level 11_0)
[2017.12.27-15.31.48:951][  0]LogD3D11RHI:       112/0/2048 MB DedicatedVideo/DedicatedSystem/SharedSystem, Outputs:0, VendorId:0x8086
[2017.12.27-15.31.48:980][  0]LogD3D11RHI:    3. 'Microsoft Basic Render Driver' (Feature Level 11_0)
[2017.12.27-15.31.48:980][  0]LogD3D11RHI:       0/0/4014 MB DedicatedVideo/DedicatedSystem/SharedSystem, Outputs:0, VendorId:0x1414
[2017.12.27-15.31.48:980][  0]LogD3D11RHI: Chosen D3D11 Adapter: 0
[2017.12.27-15.31.48:985][  0]LogD3D11RHI: Creating new Direct3DDevice
[2017.12.27-15.31.48:986][  0]LogD3D11RHI:     GPU DeviceId: 0x6899 (for the marketing name, search the web for "GPU Device Id")
[2017.12.27-15.31.48:986][  0]LogWindows: EnumDisplayDevices:
[2017.12.27-15.31.48:986][  0]LogWindows:    0. 'AMD Radeon HD 5800 Series' (P:1 D:1)
[2017.12.27-15.31.48:986][  0]LogWindows:    1. 'AMD Radeon HD 5800 Series' (P:0 D:1)
[2017.12.27-15.31.48:986][  0]LogWindows:    2. 'AMD Radeon HD 5800 Series' (P:0 D:0)
[2017.12.27-15.31.48:986][  0]LogWindows:    3. 'AMD Radeon HD 5800 Series' (P:0 D:1)
[2017.12.27-15.31.48:986][  0]LogWindows:    4. 'AMD Radeon HD 5800 Series' (P:0 D:0)
[2017.12.27-15.31.48:986][  0]LogWindows:    5. 'AMD Radeon HD 5800 Series' (P:0 D:0)
[2017.12.27-15.31.48:986][  0]LogWindows:    6. 'Intel(R) HD Graphics 4600' (P:0 D:0)
[2017.12.27-15.31.48:987][  0]LogWindows:    7. 'Intel(R) HD Graphics 4600' (P:0 D:0)
[2017.12.27-15.31.48:987][  0]LogWindows:    8. 'Intel(R) HD Graphics 4600' (P:0 D:0)
[2017.12.27-15.31.48:987][  0]LogWindows: DebugString: GetVideoDriverDetailsInvalid PrimaryIsNotTheChoosenAdapter GetVideoDriverDetailsInvalid PrimaryIsNotTheChoosenAdapter GetVideoDriverDetailsInvalid PrimaryIsNotTheChoosenAdapter GetVideoDriverDetailsInvalid PrimaryIsNotTheChoosenAdapter GetVideoDriverDetailsInvalid PrimaryIsNotTheChoosenAdapter GetVideoDriverDetailsInvalid PrimaryIsNotTheChoosenAdapter GetVideoDriverDetailsInvalid PrimaryIsNotTheChoosenAdapter GetVideoDriverDetailsInvalid PrimaryIsNotTheChoosenAdapter GetVideoDriverDetailsInvalid PrimaryIsNotTheChoosenAdapter FoundDriverCount:0 
[2017.12.27-15.31.48:987][  0]LogD3D11RHI:     Adapter Name: AMD Radeon HD 5800 Series
[2017.12.27-15.31.48:987][  0]LogD3D11RHI:   Driver Version: Unknown (internal:Unknown, unified:Unknown)
[2017.12.27-15.31.48:987][  0]LogD3D11RHI:      Driver Date: Unknown
[2017.12.27-15.31.48:987][  0]LogRHI: Texture pool is 707 MB (70% of 1010 MB)
[2017.12.27-15.31.49:132][  0]LogD3D11RHI: AMD Pre GCN architecture detected, some driver workarounds will be in place
[2017.12.27-15.31.49:137][  0]LogD3D11RHI: Async texture creation enabled
[2017.12.27-15.31.49:147][  0]LogD3D11RHI: GPU Timing Frequency: 27.000000 (Debug: 2 1)
[2017.12.27-15.31.49:148][  0]LogShaderCompilers: Guid format shader working directory is -4 characters bigger than the processId version (../../../../../../Projects/clue_seeker/ue4_client/Intermediate/Shaders/WorkingDirectory/5324/).
[2017.12.27-15.31.49:148][  0]LogShaderCompilers: Cleaned the shader compiler working directory 'C:/Users/Lisa/AppData/Local/Temp/UnrealShaderWorkingDir/245574FE4FDB72DDB26309A0B7108745/'.
[2017.12.27-15.31.49:148][  0]LogShaderCompilers: Display: Using Local Shader Compiler.
[2017.12.27-15.31.51:958][  0]LogTemp: Display: Loaded TP AllDesktopTargetPlatform
[2017.12.27-15.31.52:001][  0]LogTemp: Display: Loaded TP MacClientTargetPlatform
[2017.12.27-15.31.52:044][  0]LogTemp: Display: Loaded TP MacNoEditorTargetPlatform
[2017.12.27-15.31.52:093][  0]LogTemp: Display: Loaded TP MacServerTargetPlatform
[2017.12.27-15.31.52:159][  0]LogTemp: Display: Loaded TP MacTargetPlatform
[2017.12.27-15.31.52:202][  0]LogTemp: Display: Loaded TP WindowsClientTargetPlatform
[2017.12.27-15.31.52:244][  0]LogTemp: Display: Loaded TP WindowsNoEditorTargetPlatform
[2017.12.27-15.31.52:299][  0]LogTemp: Display: Loaded TP WindowsServerTargetPlatform
[2017.12.27-15.31.52:336][  0]LogTemp: Display: Loaded TP WindowsTargetPlatform
[2017.12.27-15.31.52:379][  0]LogTemp: Display: Loaded TP Android_ASTCTargetPlatform
[2017.12.27-15.31.52:438][  0]LogTemp: Display: Loaded TP Android_ATCTargetPlatform
[2017.12.27-15.31.52:493][  0]LogTemp: Display: Loaded TP Android_DXTTargetPlatform
[2017.12.27-15.31.52:535][  0]LogTemp: Display: Loaded TP Android_ETC1TargetPlatform
[2017.12.27-15.31.52:578][  0]LogTemp: Display: Loaded TP Android_ETC2TargetPlatform
[2017.12.27-15.31.52:663][  0]LogTemp: Display: Loaded TP Android_MultiTargetPlatform
[2017.12.27-15.31.52:663][  0]LogTemp: Display: Loaded TP Android_PVRTCTargetPlatform
[2017.12.27-15.31.52:730][  0]LogTemp: Display: Loaded TP AndroidTargetPlatform
[2017.12.27-15.31.52:762][  0]LogTemp: Display: Loaded TP HTML5TargetPlatform
[2017.12.27-15.31.52:855][  0]LogTemp: Display: Loaded TP IOSTargetPlatform
[2017.12.27-15.31.52:876][  0]LogTemp: Display: Loaded TP TVOSTargetPlatform
[2017.12.27-15.31.52:917][  0]LogTemp: Display: Loaded TP LinuxClientTargetPlatform
[2017.12.27-15.31.52:960][  0]LogTemp: Display: Loaded TP LinuxNoEditorTargetPlatform
[2017.12.27-15.31.53:009][  0]LogTemp: Display: Loaded TP LinuxServerTargetPlatform
[2017.12.27-15.31.53:071][  0]LogTemp: Display: Loaded TP LinuxTargetPlatform
[2017.12.27-15.31.53:071][  0]LogTargetPlatformManager: Display: Building Assets For Windows
[2017.12.27-15.31.53:807][  0]LogDerivedDataCache: Display: Max Cache Size: 512 MB
[2017.12.27-15.31.54:213][  0]LogDerivedDataCache: Loaded boot cache 0.41s 71MB C:/Users/Lisa/AppData/Local/UnrealEngine/4.18/DerivedDataCache/Boot.ddc.
[2017.12.27-15.31.54:213][  0]LogDerivedDataCache: Display: Loaded Boot cache: C:/Users/Lisa/AppData/Local/UnrealEngine/4.18/DerivedDataCache/Boot.ddc
[2017.12.27-15.31.54:213][  0]LogDerivedDataCache: FDerivedDataBackendGraph:  Pak pak cache file ../../../../../../Projects/clue_seeker/ue4_client/DerivedDataCache/DDC.ddp not found, will not use a pak cache.
[2017.12.27-15.31.54:214][  0]LogDerivedDataCache: Unable to find inner node Pak for hierarchical cache Hierarchy.
[2017.12.27-15.31.54:214][  0]LogDerivedDataCache: FDerivedDataBackendGraph:  CompressedPak pak cache file ../../../../../../Projects/clue_seeker/ue4_client/DerivedDataCache/Compressed.ddp not found, will not use a pak cache.
[2017.12.27-15.31.54:214][  0]LogDerivedDataCache: Unable to find inner node CompressedPak for hierarchical cache Hierarchy.
[2017.12.27-15.31.54:231][  0]LogDerivedDataCache: Display: Pak cache opened for reading ../../../Engine/DerivedDataCache/Compressed.ddp.
[2017.12.27-15.31.54:242][  0]LogDerivedDataCache: Using Local data cache path C:/Users/Lisa/AppData/Local/UnrealEngine/Common/DerivedDataCache: Writable
[2017.12.27-15.31.54:255][  0]LogMaterial: Verifying Global Shaders for PCD3D_SM5
[2017.12.27-15.31.54:255][  0]LogSlate: Using Freetype 2.6.0
[2017.12.27-15.31.54:278][  0]LogSlate: SlateFontCache - WITH_FREETYPE: 1, WITH_HARFBUZZ: 1
[2017.12.27-15.31.54:278][  0]LogSlate: SlateFontCache - WITH_FREETYPE: 1, WITH_HARFBUZZ: 1
[2017.12.27-15.31.58:584][  0]LogInit: Selected Device Profile: [Windows]
[2017.12.27-15.31.58:964][  0]LogSimplygon: Simplygon DLL not present - disabling.
[2017.12.27-15.31.59:010][  0]LogMeshReduction: Using SimplygonSwarm for distributed automatic mesh merging
[2017.12.27-15.31.59:010][  0]LogMeshReduction: Using QuadricMeshReduction for automatic static mesh reduction
[2017.12.27-15.31.59:010][  0]LogMeshReduction: No automatic skeletal mesh reduction module available
[2017.12.27-15.31.59:010][  0]LogMeshReduction: No automatic mesh merging module available
[2017.12.27-15.31.59:010][  0]LogMeshMerging: No automatic mesh merging module available
[2017.12.27-15.31.59:153][  0]LogNetVersion: ue4_client , NetCL: 3709383, EngineNetVer: 2, GameNetVer: 0 (Checksum: 4093617248)
[2017.12.27-15.31.59:358][  0]LogAssetRegistry: FAssetRegistry took 0.0267 seconds to start up
[2017.12.27-15.32.00:031][  0]LogPackageLocalizationCache: Processed 7 localized package path(s) for 2 prioritized culture(s) in 0.080807 seconds
[2017.12.27-15.32.00:038][  0]LogUObjectArray: 35900 objects as part of root set at end of initial load.
[2017.12.27-15.32.00:038][  0]LogUObjectAllocator: 7372024 out of 0 bytes used by permanent object pool.
[2017.12.27-15.32.00:038][  0]LogUObjectArray: CloseDisregardForGC: 0/0 objects in disregard for GC pool
[2017.12.27-15.32.00:096][  0]LogInit: WinSock: version 1.1 (2.2), MaxSocks=32767, MaxUdp=65467
[2017.12.27-15.32.18:560][  0]LogAssetRegistry: Error: Failed to open file for write ../../../../../../Projects/clue_seeker/ue4_client/Intermediate/CachedAssetRegistry.bin
[2017.12.27-15.32.19:182][  0]LogTcpMessaging: Initializing TcpMessaging bridge
[2017.12.27-15.32.19:237][  0]LogUdpMessaging: Initializing bridge on interface 0.0.0.0:0 to multicast group 230.0.0.1:6666.
[2017.12.27-15.32.20:256][  0]LogMaterial: Uniform references updated for custom material expression Custom.
[2017.12.27-15.32.20:828][  0]SourceControl: Source control is disabled
[2017.12.27-15.32.20:828][  0]SourceControl: Source control is disabled
[2017.12.27-15.32.20:893][  0]SourceControl: Source control is disabled
[2017.12.27-15.32.20:958][  0]SourceControl: Source control is disabled
[2017.12.27-15.32.22:621][  0]LogAndroidPermission: UAndroidPermissionCallbackProxy::GetInstance
[2017.12.27-15.32.23:051][  0]LogOcInput: OculusInput pre-init called
[2017.12.27-15.32.23:606][  0]LogEngine: Initializing Engine...
[2017.12.27-15.32.23:609][  0]LogHMD: Failed to initialize OpenVR with code 110
[2017.12.27-15.32.24:137][  0]LogStats: UGameplayTagsManager::ConstructGameplayTagTree: Construct from data asset -  0.000 s
[2017.12.27-15.32.24:137][  0]LogStats: UGameplayTagsManager::ConstructGameplayTagTree: GameplayTagTreeChangedEvent.Broadcast -  0.000 s
[2017.12.27-15.32.24:341][  0]LogAIModule: Creating AISystem for world Untitled
[2017.12.27-15.32.24:457][  0]LogInit: XAudio2 using 'Speakers (Realtek High Definition Audio)' : 2 channels at 48 kHz using 32 bits per sample (channel mask 0x3)
[2017.12.27-15.32.24:562][  0]LogInit: FAudioDevice initialized.
[2017.12.27-15.32.24:573][  0]LogDerivedDataCache: Error: Could not save memory cache C:/Users/Lisa/AppData/Local/UnrealEngine/4.18/DerivedDataCache/Boot.ddc.
[2017.12.27-15.32.24:592][  0]LogInit: Texture streaming: Enabled
[2017.12.27-15.32.24:787][  0]LogEngineSessionManager: EngineSessionManager initialized
[2017.12.27-15.32.24:972][  0]LogInit: Transaction tracking system initialized
[2017.12.27-15.32.25:418][  0]BlueprintLog: New page: Editor Load
[2017.12.27-15.32.27:061][  0]LocalizationService: Localization service is disabled
[2017.12.27-15.32.28:692][  0]LogConsoleResponse: Display: 
[2017.12.27-15.32.29:314][  0]LogCook: Display: Max memory allowance for cook 16384mb min free memory 0mb
[2017.12.27-15.32.29:314][  0]LogCook: Display: Mobile HDR setting 1
[2017.12.27-15.32.29:314][  0]LogGameplayTags: Display: UGameplayTagsManager::DoneAddingNativeTags. DelegateIsBound: 0
[2017.12.27-15.32.29:855][  0]LogFileCache: Scanning file cache for directory 'D:/Projects/clue_seeker/ue4_client/Content/' took 0.02s
[2017.12.27-15.32.32:746][  0]SourceControl: Source control is disabled
[2017.12.27-15.32.32:747][  0]Cmd: MAP LOAD FILE="../../../../../../Projects/clue_seeker/ue4_client/Content/ThirdPersonBP/Maps/ThirdPersonExampleMap.umap" TEMPLATE=0 SHOWPROGRESS=1 FEATURELEVEL=3
[2017.12.27-15.32.32:747][  0]LightingResults: New page: Lighting Build
[2017.12.27-15.32.32:827][  0]MapCheck: New page: Map Check
[2017.12.27-15.32.32:827][  0]LightingResults: New page: Lighting Build
[2017.12.27-15.32.35:024][  0]LogAIModule: Creating AISystem for world ThirdPersonExampleMap
[2017.12.27-15.32.35:031][  0]LogEditorServer: Finished looking for orphan Actors (0.000 secs)
[2017.12.27-15.32.35:189][  0]Cmd: MAP CHECKDEP NOCLEARLOG
[2017.12.27-15.32.35:248][  0]MapCheck: Map check complete: 0 Error(s), 0 Warning(s), took 59.233ms to complete.
[2017.12.27-15.32.35:248][  0]LogFileHelpers: Loading map 'ThirdPersonExampleMap' took 2.502
[2017.12.27-15.32.35:482][  0]LogCollectionManager: Loaded 0 collections in 0.001944 seconds
[2017.12.27-15.32.35:576][  0]LogFileCache: Scanning file cache for directory 'D:/Projects/clue_seeker/ue4_client/Saved/Collections/' took 0.01s
[2017.12.27-15.32.35:576][  0]LogFileCache: Scanning file cache for directory 'D:/Projects/clue_seeker/ue4_client/Content/Developers/Lisa/Collections/' took 0.01s
[2017.12.27-15.32.35:576][  0]LogFileCache: Scanning file cache for directory 'D:/Projects/clue_seeker/ue4_client/Content/Collections/' took 0.01s
[2017.12.27-15.32.35:576][  0]LogCollectionManager: Rebuilt the GUID cache for 0 collections in 0.000000 seconds
[2017.12.27-15.32.35:586][  0]LogContentBrowser: Native class hierarchy populated in 0.0102 seconds. Added 2363 classes and 519 folders.
[2017.12.27-15.32.35:650][  0]LogContentBrowser: Native class hierarchy updated for 'WidgetCarousel' in 0.0003 seconds. Added 0 classes and 0 folders.
[2017.12.27-15.32.36:610][  0]LogContentBrowser: Native class hierarchy updated for 'AddContentDialog' in 0.0002 seconds. Added 0 classes and 0 folders.
[2017.12.27-15.32.36:665][  0]LogContentBrowser: Native class hierarchy updated for 'SceneOutliner' in 0.0003 seconds. Added 1 classes and 2 folders.
[2017.12.27-15.32.36:737][  0]LogSlate: Took 0.000153 seconds to synchronously load lazily loaded font '../../../Engine/Content/Slate/Fonts/Roboto-Regular.ttf' (155K)
[2017.12.27-15.32.36:755][  0]LogSlate: Took 0.016782 seconds to synchronously load lazily loaded font '../../../Engine/Content/Slate/Fonts/Roboto-Bold.ttf' (160K)
[2017.12.27-15.32.36:777][  0]LogSlate: Took 0.016850 seconds to synchronously load lazily loaded font '../../../Engine/Content/Editor/Slate/Fonts/FontAwesome.ttf' (139K)
[2017.12.27-15.32.36:900][  0]LogRenderer: Reallocating scene render targets to support 1208x580 Format 10 NumSamples 1 (Frame:1).
[2017.12.27-15.32.37:268][  0]LogContentBrowser: Native class hierarchy updated for 'HierarchicalLODOutliner' in 0.0002 seconds. Added 1 classes and 2 folders.
[2017.12.27-15.32.37:268][  0]LogLoad: (Engine Initialization) Total time: 57.76 seconds
[2017.12.27-15.32.37:268][  0]LogLoad: (Engine Initialization) Total Blueprint compile time: 0.00 seconds
[2017.12.27-15.32.37:268][  0]LogExternalProfiler: Found external profiler: VSPerf
[2017.12.27-15.32.37:268][  0]LogExternalProfiler: Using external profiler: VSPerf
[2017.12.27-15.32.37:627][  0]LogContentStreaming: Texture pool size now 1000 MB
[2017.12.27-15.32.37:701][  0]LogSlate: Took 0.000122 seconds to synchronously load lazily loaded font '../../../Engine/Content/Slate/Fonts/Roboto-Light.ttf' (159K)
[2017.12.27-15.32.37:949][  1]LogAssetRegistry: Asset discovery search completed in 38.6135 seconds
[2017.12.27-15.32.37:952][  1]LogCollectionManager: Rebuilt the object cache for 0 collections in 0.000000 seconds (found 0 objects)
[2017.12.27-15.32.37:952][  1]LogCollectionManager: Fixed up redirectors for 0 collections in 0.000043 seconds (updated 0 objects)
[2017.12.27-15.32.38:610][  3]LogSlate: Took 0.000191 seconds to synchronously load lazily loaded font '../../../Engine/Content/Slate/Fonts/Roboto-Light.ttf' (159K)
[2017.12.27-15.33.00:941][692]LogSlate: Took 0.000136 seconds to synchronously load lazily loaded font '../../../Engine/Content/Slate/Fonts/Roboto-Light.ttf' (159K)
[2017.12.27-15.33.01:224][692]LogContentBrowser: Native class hierarchy updated for 'BlueprintGraph' in 0.0007 seconds. Added 116 classes and 0 folders.
[2017.12.27-15.33.02:119][692]LogSlate: Took 0.019942 seconds to synchronously load lazily loaded font '../../../Engine/Content/Editor/Slate/Fonts/Roboto-BoldCondensed.ttf' (158K)
[2017.12.27-15.33.02:329][693]LogSlate: Took 0.004851 seconds to synchronously load lazily loaded font '../../../Engine/Content/Editor/Slate/Fonts/Roboto-Italic.ttf' (157K)
[2017.12.27-15.33.18:425][187]LogTemp: Repeating last play command: Selected Viewport
[2017.12.27-15.33.21:976][187]LogBlueprintUserMessages: Early PlayInEditor Detection: Level '/Game/ThirdPersonBP/Maps/ThirdPersonExampleMap.ThirdPersonExampleMap:PersistentLevel' has LevelScriptBlueprint '/Game/ThirdPersonBP/Maps/ThirdPersonExampleMap.ThirdPersonExampleMap:PersistentLevel.ThirdPersonExampleMap' with GeneratedClass '/Game/ThirdPersonBP/Maps/ThirdPersonExampleMap.ThirdPersonExampleMap_C' with ClassGeneratedBy '/Game/ThirdPersonBP/Maps/ThirdPersonExampleMap.ThirdPersonExampleMap:PersistentLevel.ThirdPersonExampleMap'
[2017.12.27-15.33.21:995][187]LogPlayLevel: PlayLevel: No blueprints needed recompiling
[2017.12.27-15.33.22:103][187]PIE: New page: PIE session: ThirdPersonExampleMap (Dec 27, 2017, 5:33:22 PM)
[2017.12.27-15.33.22:108][187]LogPlayLevel: Creating play world package: /Game/ThirdPersonBP/Maps/UEDPIE_0_ThirdPersonExampleMap
[2017.12.27-15.33.22:168][187]LogPlayLevel: PIE: StaticDuplicateObject took: (0.059879s)
[2017.12.27-15.33.22:169][187]LogAIModule: Creating AISystem for world ThirdPersonExampleMap
[2017.12.27-15.33.22:179][187]LogPlayLevel: PIE: World Init took: (0.010910s)
[2017.12.27-15.33.22:189][187]LogPlayLevel: PIE: Created PIE world by copying editor world from /Game/ThirdPersonBP/Maps/ThirdPersonExampleMap.ThirdPersonExampleMap to /Game/ThirdPersonBP/Maps/UEDPIE_0_ThirdPersonExampleMap.ThirdPersonExampleMap (0.080678s)
[2017.12.27-15.33.22:251][187]LogInit: XAudio2 using 'Speakers (Realtek High Definition Audio)' : 2 channels at 48 kHz using 32 bits per sample (channel mask 0x3)
[2017.12.27-15.33.22:260][187]LogInit: FAudioDevice initialized.
[2017.12.27-15.33.22:560][187]LogLoad: Game class is 'ThirdPersonGameMode_C'
[2017.12.27-15.33.22:575][187]LogWorld: Bringing World /Game/ThirdPersonBP/Maps/UEDPIE_0_ThirdPersonExampleMap.ThirdPersonExampleMap up for play (max tick rate 0) at 2017.12.27-16.33.22
[2017.12.27-15.33.22:599][187]LogWorld: Bringing up level for play took: 0.024439
[2017.12.27-15.33.22:895][187]LogContentBrowser: Native class hierarchy updated for 'MovieSceneCapture' in 0.0003 seconds. Added 11 classes and 0 folders.
[2017.12.27-15.33.23:079][187]PIE: Play in editor start time for /Game/ThirdPersonBP/Maps/UEDPIE_0_ThirdPersonExampleMap 1.407
[2017.12.27-15.33.23:080][187]LogBlueprintUserMessages: Late PlayInEditor Detection: Level '/Game/ThirdPersonBP/Maps/ThirdPersonExampleMap.ThirdPersonExampleMap:PersistentLevel' has LevelScriptBlueprint '/Game/ThirdPersonBP/Maps/ThirdPersonExampleMap.ThirdPersonExampleMap:PersistentLevel.ThirdPersonExampleMap' with GeneratedClass '/Game/ThirdPersonBP/Maps/ThirdPersonExampleMap.ThirdPersonExampleMap_C' with ClassGeneratedBy '/Game/ThirdPersonBP/Maps/ThirdPersonExampleMap.ThirdPersonExampleMap:PersistentLevel.ThirdPersonExampleMap'
[2017.12.27-15.33.30:553][927]LogBlueprintUserMessages: Early EndPlayMap Detection: Level '/Game/ThirdPersonBP/Maps/ThirdPersonExampleMap.ThirdPersonExampleMap:PersistentLevel' has LevelScriptBlueprint '/Game/ThirdPersonBP/Maps/ThirdPersonExampleMap.ThirdPersonExampleMap:PersistentLevel.ThirdPersonExampleMap' with GeneratedClass '/Game/ThirdPersonBP/Maps/ThirdPersonExampleMap.ThirdPersonExampleMap_C' with ClassGeneratedBy '/Game/ThirdPersonBP/Maps/ThirdPersonExampleMap.ThirdPersonExampleMap:PersistentLevel.ThirdPersonExampleMap'
[2017.12.27-15.33.30:599][927]LogBlueprintUserMessages: Late EndPlayMap Detection: Level '/Game/ThirdPersonBP/Maps/ThirdPersonExampleMap.ThirdPersonExampleMap:PersistentLevel' has LevelScriptBlueprint '/Game/ThirdPersonBP/Maps/ThirdPersonExampleMap.ThirdPersonExampleMap:PersistentLevel.ThirdPersonExampleMap' with GeneratedClass '/Game/ThirdPersonBP/Maps/ThirdPersonExampleMap.ThirdPersonExampleMap_C' with ClassGeneratedBy '/Game/ThirdPersonBP/Maps/ThirdPersonExampleMap.ThirdPersonExampleMap:PersistentLevel.ThirdPersonExampleMap'
[2017.12.27-15.33.37:355][552]LogAIModule: Creating AISystem for world MainMenu
[2017.12.27-15.33.37:377][552]Cmd: MAP LOAD FILE="../../../../../../Projects/clue_seeker/ue4_client/Content/Maps/MainMenu.umap" TEMPLATE=0 SHOWPROGRESS=1 FEATURELEVEL=3
[2017.12.27-15.33.37:377][552]LightingResults: New page: Lighting Build
[2017.12.27-15.33.37:377][552]LoadErrors: New page: Loading map: MainMenu.umap
[2017.12.27-15.33.37:378][552]MapCheck: New page: Map Check
[2017.12.27-15.33.37:378][552]LightingResults: New page: Lighting Build
[2017.12.27-15.33.37:451][552]LogEditorServer: Finished looking for orphan Actors (0.000 secs)
[2017.12.27-15.33.37:497][552]Cmd: MAP CHECKDEP NOCLEARLOG
[2017.12.27-15.33.37:541][552]MapCheck: Map check complete: 0 Error(s), 0 Warning(s), took 43.551ms to complete.
[2017.12.27-15.33.37:541][552]LogFileHelpers: Loading map 'MainMenu' took 0.165
[2017.12.27-15.33.39:786][763]LogTemp: Repeating last play command: Selected Viewport
[2017.12.27-15.33.39:807][763]LogPlayLevel: PlayLevel: No blueprints needed recompiling
[2017.12.27-15.33.39:807][763]PIE: New page: PIE session: MainMenu (Dec 27, 2017, 5:33:39 PM)
[2017.12.27-15.33.39:807][763]LogPlayLevel: Creating play world package: /Game/Maps/UEDPIE_0_MainMenu
[2017.12.27-15.33.39:808][763]LogPlayLevel: PIE: StaticDuplicateObject took: (0.000555s)
[2017.12.27-15.33.39:808][763]LogAIModule: Creating AISystem for world MainMenu
[2017.12.27-15.33.39:808][763]LogPlayLevel: PIE: World Init took: (0.000565s)
[2017.12.27-15.33.39:808][763]LogPlayLevel: PIE: Created PIE world by copying editor world from /Game/Maps/MainMenu.MainMenu to /Game/Maps/UEDPIE_0_MainMenu.MainMenu (0.001318s)
[2017.12.27-15.33.39:829][763]LogInit: XAudio2 using 'Speakers (Realtek High Definition Audio)' : 2 channels at 48 kHz using 32 bits per sample (channel mask 0x3)
[2017.12.27-15.33.39:901][763]LogInit: FAudioDevice initialized.
[2017.12.27-15.33.39:942][763]LogLoad: Game class is 'ThirdPersonGameMode_C'
[2017.12.27-15.33.39:942][763]LogWorld: Bringing World /Game/Maps/UEDPIE_0_MainMenu.MainMenu up for play (max tick rate 0) at 2017.12.27-16.33.39
[2017.12.27-15.33.39:943][763]LogWorld: Bringing up level for play took: 0.000435
[2017.12.27-15.33.39:945][763]PIE: Play in editor start time for /Game/Maps/UEDPIE_0_MainMenu 0.273
[2017.12.27-15.33.48:258][638]LogAIModule: Creating AISystem for world Lobby
[2017.12.27-15.33.48:286][638]Cmd: MAP LOAD FILE="../../../../../../Projects/clue_seeker/ue4_client/Content/Maps/Lobby.umap" TEMPLATE=0 SHOWPROGRESS=1 FEATURELEVEL=3
[2017.12.27-15.33.48:286][638]LightingResults: New page: Lighting Build
[2017.12.27-15.33.48:286][638]LoadErrors: New page: Loading map: Lobby.umap
[2017.12.27-15.33.48:287][638]MapCheck: New page: Map Check
[2017.12.27-15.33.48:287][638]LightingResults: New page: Lighting Build
[2017.12.27-15.33.48:391][638]LogEditorServer: Finished looking for orphan Actors (0.000 secs)
[2017.12.27-15.33.48:435][638]Cmd: MAP CHECKDEP NOCLEARLOG
[2017.12.27-15.33.48:478][638]MapCheck: Map check complete: 0 Error(s), 0 Warning(s), took 43.025ms to complete.
[2017.12.27-15.33.48:479][638]LogFileHelpers: Loading map 'Lobby' took 0.194
[2017.12.27-15.33.51:222][880]LogTemp: Repeating last play command: Selected Viewport
[2017.12.27-15.33.51:243][880]LogPlayLevel: PlayLevel: No blueprints needed recompiling
[2017.12.27-15.33.51:244][880]PIE: New page: PIE session: Lobby (Dec 27, 2017, 5:33:51 PM)
[2017.12.27-15.33.51:244][880]LogPlayLevel: Creating play world package: /Game/Maps/UEDPIE_0_Lobby
[2017.12.27-15.33.51:252][880]LogPlayLevel: PIE: StaticDuplicateObject took: (0.008074s)
[2017.12.27-15.33.51:252][880]LogAIModule: Creating AISystem for world Lobby
[2017.12.27-15.33.51:253][880]LogPlayLevel: PIE: World Init took: (0.000729s)
[2017.12.27-15.33.51:253][880]LogPlayLevel: PIE: Created PIE world by copying editor world from /Game/Maps/Lobby.Lobby to /Game/Maps/UEDPIE_0_Lobby.Lobby (0.009059s)
[2017.12.27-15.33.51:277][880]LogInit: XAudio2 using 'Speakers (Realtek High Definition Audio)' : 2 channels at 48 kHz using 32 bits per sample (channel mask 0x3)
[2017.12.27-15.33.51:292][880]LogInit: FAudioDevice initialized.
[2017.12.27-15.33.51:322][880]LogLoad: Game class is 'LobbyGM_C'
[2017.12.27-15.33.51:323][880]LogWorld: Bringing World /Game/Maps/UEDPIE_0_Lobby.Lobby up for play (max tick rate 0) at 2017.12.27-16.33.51
[2017.12.27-15.33.51:323][880]LogWorld: Bringing up level for play took: 0.000925
[2017.12.27-15.33.51:325][880]PIE: Play in editor start time for /Game/Maps/UEDPIE_0_Lobby -0.347
[2017.12.27-15.34.11:346][870]LogAIModule: Creating AISystem for world MainMenu
[2017.12.27-15.34.11:364][870]Cmd: MAP LOAD FILE="../../../../../../Projects/clue_seeker/ue4_client/Content/Maps/MainMenu.umap" TEMPLATE=0 SHOWPROGRESS=1 FEATURELEVEL=3
[2017.12.27-15.34.11:364][870]LightingResults: New page: Lighting Build
[2017.12.27-15.34.11:365][870]LoadErrors: New page: Loading map: MainMenu.umap
[2017.12.27-15.34.11:366][870]MapCheck: New page: Map Check
[2017.12.27-15.34.11:366][870]LightingResults: New page: Lighting Build
[2017.12.27-15.34.11:471][870]LogEditorServer: Finished looking for orphan Actors (0.000 secs)
[2017.12.27-15.34.11:513][870]Cmd: MAP CHECKDEP NOCLEARLOG
[2017.12.27-15.34.11:559][870]MapCheck: Map check complete: 0 Error(s), 0 Warning(s), took 45.133ms to complete.
[2017.12.27-15.34.11:559][870]LogFileHelpers: Loading map 'MainMenu' took 0.196
[2017.12.27-15.34.16:834][418]Cmd: MAP LOAD FILE="../../../../../../Projects/clue_seeker/ue4_client/Content/Maps/MainMenu.umap" TEMPLATE=0 SHOWPROGRESS=1 FEATURELEVEL=3
[2017.12.27-15.34.16:834][418]LightingResults: New page: Lighting Build
[2017.12.27-15.34.16:834][418]LoadErrors: New page: Loading map: MainMenu.umap
[2017.12.27-15.34.16:835][418]MapCheck: New page: Map Check
[2017.12.27-15.34.16:835][418]LightingResults: New page: Lighting Build
[2017.12.27-15.34.16:856][418]LogAIModule: Creating AISystem for world MainMenu
[2017.12.27-15.34.16:961][418]LogEditorServer: Finished looking for orphan Actors (0.000 secs)
[2017.12.27-15.34.17:003][418]Cmd: MAP CHECKDEP NOCLEARLOG
[2017.12.27-15.34.17:045][418]MapCheck: Map check complete: 0 Error(s), 0 Warning(s), took 42.052ms to complete.
[2017.12.27-15.34.17:046][418]LogFileHelpers: Loading map 'MainMenu' took 0.214
[2017.12.27-15.34.20:222][727]Cmd: MAP LOAD FILE="../../../../../../Projects/clue_seeker/ue4_client/Content/Maps/MainMenu.umap" TEMPLATE=0 SHOWPROGRESS=1 FEATURELEVEL=3
[2017.12.27-15.34.20:223][727]LightingResults: New page: Lighting Build
[2017.12.27-15.34.20:224][727]LoadErrors: New page: Loading map: MainMenu.umap
[2017.12.27-15.34.20:224][727]MapCheck: New page: Map Check
[2017.12.27-15.34.20:224][727]LightingResults: New page: Lighting Build
[2017.12.27-15.34.20:249][727]LogAIModule: Creating AISystem for world MainMenu
[2017.12.27-15.34.20:417][727]LogEditorServer: Finished looking for orphan Actors (0.000 secs)
[2017.12.27-15.34.20:476][727]Cmd: MAP CHECKDEP NOCLEARLOG
[2017.12.27-15.34.20:534][727]MapCheck: Map check complete: 0 Error(s), 0 Warning(s), took 58.592ms to complete.
[2017.12.27-15.34.20:535][727]LogFileHelpers: Loading map 'MainMenu' took 0.314
[2017.12.27-15.34.52:633][164]LogSlate: Warning: Prevented a slow task dialog from being summoned while a context menu was open
[2017.12.27-15.35.00:038][924]Cmd: OBJ SAVEPACKAGE PACKAGE="/Game/Maps/MainMenu" FILE="../../../../../../Projects/clue_seeker/ue4_client/Content/Maps/MainMenu.umap" SILENT=true AUTOSAVING=false KEEPDIRTY=false
[2017.12.27-15.35.00:094][924]LogSavePackage: Save=10.77ms
[2017.12.27-15.35.00:094][924]LogSavePackage: Moving '../../../../../../Projects/clue_seeker/ue4_client/Saved/MainMenu8E5CB0D24F7388CD6C555FA64481B266.tmp' to '../../../../../../Projects/clue_seeker/ue4_client/Content/Maps/MainMenu.umap'
[2017.12.27-15.35.00:097][924]LogSavePackage: Display: Finished SavePackage ../../../../../../Projects/clue_seeker/ue4_client/Content/Maps/MainMenu.umap
[2017.12.27-15.35.06:695][585]LogTemp: Repeating last play command: Selected Viewport
[2017.12.27-15.35.06:721][585]LogPlayLevel: PlayLevel: No blueprints needed recompiling
[2017.12.27-15.35.06:721][585]PIE: New page: PIE session: MainMenu (Dec 27, 2017, 5:35:06 PM)
[2017.12.27-15.35.06:721][585]LogPlayLevel: Creating play world package: /Game/Maps/UEDPIE_0_MainMenu
[2017.12.27-15.35.06:722][585]LogPlayLevel: PIE: StaticDuplicateObject took: (0.000640s)
[2017.12.27-15.35.06:723][585]LogAIModule: Creating AISystem for world MainMenu
[2017.12.27-15.35.06:723][585]LogPlayLevel: PIE: World Init took: (0.000611s)
[2017.12.27-15.35.06:723][585]LogPlayLevel: PIE: Created PIE world by copying editor world from /Game/Maps/MainMenu.MainMenu to /Game/Maps/UEDPIE_0_MainMenu.MainMenu (0.001473s)
[2017.12.27-15.35.06:756][585]LogInit: XAudio2 using 'Speakers (Realtek High Definition Audio)' : 2 channels at 48 kHz using 32 bits per sample (channel mask 0x3)
[2017.12.27-15.35.06:774][585]LogInit: FAudioDevice initialized.
[2017.12.27-15.35.06:806][585]LogLoad: Game class is 'GameplayGM_C'
[2017.12.27-15.35.06:808][585]LogWorld: Bringing World /Game/Maps/UEDPIE_0_MainMenu.MainMenu up for play (max tick rate 0) at 2017.12.27-16.35.06
[2017.12.27-15.35.06:808][585]LogWorld: Bringing up level for play took: 0.000422
[2017.12.27-15.35.06:810][585]PIE: Play in editor start time for /Game/Maps/UEDPIE_0_MainMenu -0.863
[2017.12.27-15.35.18:627][869]LogSlate: Warning: Prevented a slow task dialog from being summoned while a context menu was open
[2017.12.27-15.35.35:895][752]LogAIModule: Creating AISystem for world Lobby
[2017.12.27-15.35.35:916][752]Cmd: MAP LOAD FILE="../../../../../../Projects/clue_seeker/ue4_client/Content/Maps/Lobby.umap" TEMPLATE=0 SHOWPROGRESS=1 FEATURELEVEL=3
[2017.12.27-15.35.35:916][752]LightingResults: New page: Lighting Build
[2017.12.27-15.35.35:917][752]LoadErrors: New page: Loading map: Lobby.umap
[2017.12.27-15.35.35:917][752]MapCheck: New page: Map Check
[2017.12.27-15.35.35:917][752]LightingResults: New page: Lighting Build
[2017.12.27-15.35.36:000][752]LogEditorServer: Finished looking for orphan Actors (0.000 secs)
[2017.12.27-15.35.36:043][752]Cmd: MAP CHECKDEP NOCLEARLOG
[2017.12.27-15.35.36:085][752]MapCheck: Map check complete: 0 Error(s), 0 Warning(s), took 42.643ms to complete.
[2017.12.27-15.35.36:085][752]LogFileHelpers: Loading map 'Lobby' took 0.170
[2017.12.27-15.35.50:838][ 43]LogAIModule: Creating AISystem for world MainMenu
[2017.12.27-15.35.50:856][ 43]Cmd: MAP LOAD FILE="../../../../../../Projects/clue_seeker/ue4_client/Content/Maps/MainMenu.umap" TEMPLATE=0 SHOWPROGRESS=1 FEATURELEVEL=3
[2017.12.27-15.35.50:856][ 43]LightingResults: New page: Lighting Build
[2017.12.27-15.35.50:857][ 43]LoadErrors: New page: Loading map: MainMenu.umap
[2017.12.27-15.35.50:858][ 43]MapCheck: New page: Map Check
[2017.12.27-15.35.50:858][ 43]LightingResults: New page: Lighting Build
[2017.12.27-15.35.50:934][ 43]LogEditorServer: Finished looking for orphan Actors (0.000 secs)
[2017.12.27-15.35.50:975][ 43]Cmd: MAP CHECKDEP NOCLEARLOG
[2017.12.27-15.35.51:017][ 43]MapCheck: Map check complete: 0 Error(s), 0 Warning(s), took 42.217ms to complete.
[2017.12.27-15.35.51:017][ 43]LogFileHelpers: Loading map 'MainMenu' took 0.162
[2017.12.27-15.37.36:052][497]LogMaterial: Missing cached shader map for material GridMaterial, compiling. 
[2017.12.27-15.37.36:904][497]LogSlate: Took 0.000138 seconds to synchronously load lazily loaded font '../../../Engine/Content/Slate/Fonts/Roboto-Regular.ttf' (155K)
[2017.12.27-15.37.36:978][497]LogMaterial: Missing cached shader map for material PersonaFloorMat, compiling. 
[2017.12.27-15.39.33:087][900]LogTemp: Executing iPhonePackager certificates Engine -bundlename com.YourCompany.ue4client
[2017.12.27-15.39.33:087][900]LogTemp: CWD: D:\Program Files\Epic Games\UE_4.18\Engine\Binaries\DotNET\IOS
[2017.12.27-15.39.33:087][900]LogTemp: Initial Dir: D:\Program Files\Epic Games\UE_4.18
[2017.12.27-15.39.33:087][900]LogTemp: Env CWD: D:\Program Files\Epic Games\UE_4.18\Engine\Binaries\DotNET\IOS
[2017.12.27-15.39.33:087][900]LogTemp: BranchPath = DESKTOP-AATF6VQ/D/Program Files/Epic Games/UE_4.18/Engine/Binaries --- GameBranchPath = DESKTOP-AATF6VQ/D/Program Files/Epic Games/UE_4.18/Engine/Binaries
[2017.12.27-15.39.33:087][900]LogTemp: IPP ERROR: Could not find provision directory 'C:\Users\Lisa\AppData\Local/Apple Computer/MobileDevice/Provisioning Profiles/'.
[2017.12.27-15.39.33:087][900]LogSlate: Only BGRA pngs, bmps or icos are supported in by External Image Picker
[2017.12.27-15.40.19:206][798]LogSlate: Warning: Prevented a slow task dialog from being summoned while a context menu was open
[2017.12.27-15.40.27:813][719]LogTemp: Repeating last play command: Selected Viewport
[2017.12.27-15.40.27:836][719]LogPlayLevel: PlayLevel: No blueprints needed recompiling
[2017.12.27-15.40.27:836][719]PIE: New page: PIE session: MainMenu (Dec 27, 2017, 5:40:27 PM)
[2017.12.27-15.40.27:836][719]LogPlayLevel: Creating play world package: /Game/Maps/UEDPIE_0_MainMenu
[2017.12.27-15.40.27:837][719]LogPlayLevel: PIE: StaticDuplicateObject took: (0.000567s)
[2017.12.27-15.40.27:837][719]LogAIModule: Creating AISystem for world MainMenu
[2017.12.27-15.40.27:837][719]LogPlayLevel: PIE: World Init took: (0.000528s)
[2017.12.27-15.40.27:838][719]LogPlayLevel: PIE: Created PIE world by copying editor world from /Game/Maps/MainMenu.MainMenu to /Game/Maps/UEDPIE_0_MainMenu.MainMenu (0.001328s)
[2017.12.27-15.40.27:858][719]LogInit: XAudio2 using 'Speakers (Realtek High Definition Audio)' : 2 channels at 48 kHz using 32 bits per sample (channel mask 0x3)
[2017.12.27-15.40.27:868][719]LogInit: FAudioDevice initialized.
[2017.12.27-15.40.27:900][719]LogLoad: Game class is 'GameplayGM_C'
[2017.12.27-15.40.27:901][719]LogWorld: Bringing World /Game/Maps/UEDPIE_0_MainMenu.MainMenu up for play (max tick rate 0) at 2017.12.27-16.40.27
[2017.12.27-15.40.27:901][719]LogWorld: Bringing up level for play took: 0.000406
[2017.12.27-15.40.27:903][719]PIE: Play in editor start time for /Game/Maps/UEDPIE_0_MainMenu 0.231
[2017.12.27-15.40.33:231][304]Cmd: OBJ SAVEPACKAGE PACKAGE="/Game/Maps/MainMenu" FILE="../../../../../../Projects/clue_seeker/ue4_client/Content/Maps/MainMenu.umap" SILENT=true AUTOSAVING=false KEEPDIRTY=false
[2017.12.27-15.40.33:264][304]LogSavePackage: Save=8.41ms
[2017.12.27-15.40.33:264][304]LogSavePackage: Moving '../../../../../../Projects/clue_seeker/ue4_client/Saved/MainMenuB62C05014969326303BA53B0699BD013.tmp' to '../../../../../../Projects/clue_seeker/ue4_client/Content/Maps/MainMenu.umap'
[2017.12.27-15.40.33:264][304]LogSavePackage: Display: Finished SavePackage ../../../../../../Projects/clue_seeker/ue4_client/Content/Maps/MainMenu.umap
[2017.12.27-15.40.34:595][457]Cmd: OBJ SAVEPACKAGE PACKAGE="/Game/Maps/MainMenu" FILE="../../../../../../Projects/clue_seeker/ue4_client/Content/Maps/MainMenu.umap" SILENT=true AUTOSAVING=false KEEPDIRTY=false
[2017.12.27-15.40.34:623][457]LogSavePackage: Save=8.44ms
[2017.12.27-15.40.34:623][457]LogSavePackage: Moving '../../../../../../Projects/clue_seeker/ue4_client/Saved/MainMenu4DBC542E4DB40801F67EFCAEED33C3B0.tmp' to '../../../../../../Projects/clue_seeker/ue4_client/Content/Maps/MainMenu.umap'
[2017.12.27-15.40.34:624][457]LogSavePackage: Display: Finished SavePackage ../../../../../../Projects/clue_seeker/ue4_client/Content/Maps/MainMenu.umap
[2017.12.27-15.40.36:956][716]LogTemp: Repeating last play command: Selected Viewport
[2017.12.27-15.40.36:974][716]LogPlayLevel: PlayLevel: No blueprints needed recompiling
[2017.12.27-15.40.36:974][716]PIE: New page: PIE session: MainMenu (Dec 27, 2017, 5:40:36 PM)
[2017.12.27-15.40.36:974][716]LogPlayLevel: Creating play world package: /Game/Maps/UEDPIE_0_MainMenu
[2017.12.27-15.40.36:975][716]LogPlayLevel: PIE: StaticDuplicateObject took: (0.000570s)
[2017.12.27-15.40.36:975][716]LogAIModule: Creating AISystem for world MainMenu
[2017.12.27-15.40.36:975][716]LogPlayLevel: PIE: World Init took: (0.000541s)
[2017.12.27-15.40.36:976][716]LogPlayLevel: PIE: Created PIE world by copying editor world from /Game/Maps/MainMenu.MainMenu to /Game/Maps/UEDPIE_0_MainMenu.MainMenu (0.001315s)
[2017.12.27-15.40.36:996][716]LogInit: XAudio2 using 'Speakers (Realtek High Definition Audio)' : 2 channels at 48 kHz using 32 bits per sample (channel mask 0x3)
[2017.12.27-15.40.37:006][716]LogInit: FAudioDevice initialized.
[2017.12.27-15.40.37:037][716]LogLoad: Game class is 'GameplayGM_C'
[2017.12.27-15.40.37:037][716]LogWorld: Bringing World /Game/Maps/UEDPIE_0_MainMenu.MainMenu up for play (max tick rate 0) at 2017.12.27-16.40.37
[2017.12.27-15.40.37:037][716]LogWorld: Bringing up level for play took: 0.000301
[2017.12.27-15.40.37:039][716]PIE: Play in editor start time for /Game/Maps/UEDPIE_0_MainMenu -0.633
[2017.12.27-15.43.22:182][ 67]Cmd: OBJ SAVEPACKAGE PACKAGE="/Game/Blueprints/All_levels/GameInfoInstance" FILE="../../../../../../Projects/clue_seeker/ue4_client/Content/Blueprints/All_levels/GameInfoInstance.uasset" SILENT=true
[2017.12.27-15.43.22:292][ 67]LogSavePackage: Save=99.84ms
[2017.12.27-15.43.22:292][ 67]LogSavePackage: Moving '../../../../../../Projects/clue_seeker/ue4_client/Saved/GameInfoInstanceB15650104C04852805643E951D8A4326.tmp' to '../../../../../../Projects/clue_seeker/ue4_client/Content/Blueprints/All_levels/GameInfoInstance.uasset'
[2017.12.27-15.43.22:292][ 67]LogFileManager: Warning: DeleteFile was unable to delete '../../../../../../Projects/clue_seeker/ue4_client/Content/Blueprints/All_levels/GameInfoInstance.uasset', retrying in .5s...
[2017.12.27-15.43.22:793][ 67]LogFileManager: Error: Error deleting file '../../../../../../Projects/clue_seeker/ue4_client/Content/Blueprints/All_levels/GameInfoInstance.uasset'.
[2017.12.27-15.43.22:793][ 67]LogSavePackage: Error: Error saving '../../../../../../Projects/clue_seeker/ue4_client/Content/Blueprints/All_levels/GameInfoInstance.uasset'
[2017.12.27-15.43.22:794][ 67]LogSavePackage: Display: Finished SavePackage ../../../../../../Projects/clue_seeker/ue4_client/Content/Blueprints/All_levels/GameInfoInstance.uasset
[2017.12.27-15.43.36:699][ 67]Cmd: OBJ SAVEPACKAGE PACKAGE="/Game/Blueprints/All_levels/GameInfoInstance" FILE="../../../../../../Projects/clue_seeker/ue4_client/Content/Blueprints/All_levels/GameInfoInstance.uasset" SILENT=true
[2017.12.27-15.43.36:795][ 67]LogSavePackage: Save=89.44ms
[2017.12.27-15.43.36:795][ 67]LogSavePackage: Moving '../../../../../../Projects/clue_seeker/ue4_client/Saved/GameInfoInstanceD6676A394EAF27D73D5AAFBE8FD75092.tmp' to '../../../../../../Projects/clue_seeker/ue4_client/Content/Blueprints/All_levels/GameInfoInstance.uasset'
[2017.12.27-15.43.36:795][ 67]LogFileManager: Warning: DeleteFile was unable to delete '../../../../../../Projects/clue_seeker/ue4_client/Content/Blueprints/All_levels/GameInfoInstance.uasset', retrying in .5s...
[2017.12.27-15.43.37:296][ 67]LogFileManager: Error: Error deleting file '../../../../../../Projects/clue_seeker/ue4_client/Content/Blueprints/All_levels/GameInfoInstance.uasset'.
[2017.12.27-15.43.37:296][ 67]LogSavePackage: Error: Error saving '../../../../../../Projects/clue_seeker/ue4_client/Content/Blueprints/All_levels/GameInfoInstance.uasset'
[2017.12.27-15.43.37:297][ 67]LogSavePackage: Display: Finished SavePackage ../../../../../../Projects/clue_seeker/ue4_client/Content/Blueprints/All_levels/GameInfoInstance.uasset
[2017.12.27-15.43.41:735][ 67]EditorErrors: New page: Save Output
[2017.12.27-15.43.41:735][ 67]EditorErrors: Warning: Error saving '../../../../../../Projects/clue_seeker/ue4_client/Content/Blueprints/All_levels/GameInfoInstance.uasset'
[2017.12.27-15.43.41:735][ 67]EditorErrors: Warning: Error saving '../../../../../../Projects/clue_seeker/ue4_client/Content/Blueprints/All_levels/GameInfoInstance.uasset'
[2017.12.27-15.44.06:191][992]Cmd: OBJ SAVEPACKAGE PACKAGE="/Game/Blueprints/All_levels/GameInfoInstance" FILE="../../../../../../Projects/clue_seeker/ue4_client/Content/Blueprints/All_levels/GameInfoInstance.uasset" SILENT=true
[2017.12.27-15.44.06:279][992]LogSavePackage: Save=83.91ms
[2017.12.27-15.44.06:279][992]LogSavePackage: Moving '../../../../../../Projects/clue_seeker/ue4_client/Saved/GameInfoInstance32DFC49345F427A898F6AC9D1AF97740.tmp' to '../../../../../../Projects/clue_seeker/ue4_client/Content/Blueprints/All_levels/GameInfoInstance.uasset'
[2017.12.27-15.44.06:279][992]LogFileManager: Warning: DeleteFile was unable to delete '../../../../../../Projects/clue_seeker/ue4_client/Content/Blueprints/All_levels/GameInfoInstance.uasset', retrying in .5s...
[2017.12.27-15.44.06:780][992]LogFileManager: Error: Error deleting file '../../../../../../Projects/clue_seeker/ue4_client/Content/Blueprints/All_levels/GameInfoInstance.uasset'.
[2017.12.27-15.44.06:780][992]LogSavePackage: Error: Error saving '../../../../../../Projects/clue_seeker/ue4_client/Content/Blueprints/All_levels/GameInfoInstance.uasset'
[2017.12.27-15.44.06:781][992]LogSavePackage: Display: Finished SavePackage ../../../../../../Projects/clue_seeker/ue4_client/Content/Blueprints/All_levels/GameInfoInstance.uasset
[2017.12.27-15.44.46:807][992]Cmd: OBJ SAVEPACKAGE PACKAGE="/Game/Blueprints/All_levels/GameInfoInstance" FILE="../../../../../../Projects/clue_seeker/ue4_client/Content/Blueprints/All_levels/GameInfoInstance.uasset" SILENT=true
[2017.12.27-15.44.46:896][992]LogSavePackage: Save=83.59ms
[2017.12.27-15.44.46:896][992]LogSavePackage: Moving '../../../../../../Projects/clue_seeker/ue4_client/Saved/GameInfoInstance462A637C41821C40827CA5AFEEA11AB3.tmp' to '../../../../../../Projects/clue_seeker/ue4_client/Content/Blueprints/All_levels/GameInfoInstance.uasset'
[2017.12.27-15.44.46:897][992]LogSavePackage: Display: Finished SavePackage ../../../../../../Projects/clue_seeker/ue4_client/Content/Blueprints/All_levels/GameInfoInstance.uasset
[2017.12.27-15.44.46:901][992]EditorErrors: New page: Save Output
[2017.12.27-15.44.46:901][992]EditorErrors: Warning: Error saving '../../../../../../Projects/clue_seeker/ue4_client/Content/Blueprints/All_levels/GameInfoInstance.uasset'
[2017.12.27-15.44.50:790][429]Cmd: OBJ SAVEPACKAGE PACKAGE="/Game/Blueprints/All_levels/GameInfoInstance" FILE="../../../../../../Projects/clue_seeker/ue4_client/Content/Blueprints/All_levels/GameInfoInstance.uasset" SILENT=true
[2017.12.27-15.44.50:886][429]LogSavePackage: Save=92.68ms
[2017.12.27-15.44.50:886][429]LogSavePackage: Moving '../../../../../../Projects/clue_seeker/ue4_client/Saved/GameInfoInstanceD855DCBF416B8F4A36F6CABD2D88ABEE.tmp' to '../../../../../../Projects/clue_seeker/ue4_client/Content/Blueprints/All_levels/GameInfoInstance.uasset'
[2017.12.27-15.44.50:887][429]LogSavePackage: Display: Finished SavePackage ../../../../../../Projects/clue_seeker/ue4_client/Content/Blueprints/All_levels/GameInfoInstance.uasset
[2017.12.27-15.44.56:142][  3]LogTemp: Repeating last play command: Selected Viewport
[2017.12.27-15.44.56:165][  3]LogPlayLevel: PlayLevel: No blueprints needed recompiling
[2017.12.27-15.44.56:165][  3]PIE: New page: PIE session: MainMenu (Dec 27, 2017, 5:44:56 PM)
[2017.12.27-15.44.56:170][  3]LogPlayLevel: Creating play world package: /Game/Maps/UEDPIE_0_MainMenu
[2017.12.27-15.44.56:170][  3]LogPlayLevel: PIE: StaticDuplicateObject took: (0.000571s)
[2017.12.27-15.44.56:171][  3]LogAIModule: Creating AISystem for world MainMenu
[2017.12.27-15.44.56:171][  3]LogPlayLevel: PIE: World Init took: (0.000633s)
[2017.12.27-15.44.56:171][  3]LogPlayLevel: PIE: Created PIE world by copying editor world from /Game/Maps/MainMenu.MainMenu to /Game/Maps/UEDPIE_0_MainMenu.MainMenu (0.001445s)
[2017.12.27-15.44.56:193][  3]LogInit: XAudio2 using 'Speakers (Realtek High Definition Audio)' : 2 channels at 48 kHz using 32 bits per sample (channel mask 0x3)
[2017.12.27-15.44.56:205][  3]LogInit: FAudioDevice initialized.
[2017.12.27-15.44.56:238][  3]LogLoad: Game class is 'GameplayGM_C'
[2017.12.27-15.44.56:239][  3]LogWorld: Bringing World /Game/Maps/UEDPIE_0_MainMenu.MainMenu up for play (max tick rate 0) at 2017.12.27-16.44.56
[2017.12.27-15.44.56:239][  3]LogWorld: Bringing up level for play took: 0.000409
[2017.12.27-15.44.56:241][  3]PIE: Play in editor start time for /Game/Maps/UEDPIE_0_MainMenu 0.569
[2017.12.27-15.45.10:096][410]LogSlate: Only BGRA pngs, bmps or icos are supported in by External Image Picker
[2017.12.27-15.45.10:140][411]LogTemp: Executing iPhonePackager certificates Engine -bundlename com.YourCompany.ue4client
[2017.12.27-15.45.10:140][411]LogTemp: CWD: D:\Program Files\Epic Games\UE_4.18\Engine\Binaries\DotNET\IOS
[2017.12.27-15.45.10:140][411]LogTemp: Initial Dir: D:\Program Files\Epic Games\UE_4.18
[2017.12.27-15.45.10:140][411]LogTemp: Env CWD: D:\Program Files\Epic Games\UE_4.18\Engine\Binaries\DotNET\IOS
[2017.12.27-15.45.10:140][411]LogTemp: BranchPath = DESKTOP-AATF6VQ/D/Program Files/Epic Games/UE_4.18/Engine/Binaries --- GameBranchPath = DESKTOP-AATF6VQ/D/Program Files/Epic Games/UE_4.18/Engine/Binaries
[2017.12.27-15.45.10:150][412]LogTemp: IPP ERROR: Could not find provision directory 'C:\Users\Lisa\AppData\Local/Apple Computer/MobileDevice/Provisioning Profiles/'.
[2017.12.27-15.45.20:622][525]Cmd: OBJ SAVEPACKAGE PACKAGE="/Game/Maps/MainMenu" FILE="../../../../../../Projects/clue_seeker/ue4_client/Content/Maps/MainMenu.umap" SILENT=true AUTOSAVING=false KEEPDIRTY=false
[2017.12.27-15.45.20:650][525]LogSavePackage: Save=9.25ms
[2017.12.27-15.45.20:650][525]LogSavePackage: Moving '../../../../../../Projects/clue_seeker/ue4_client/Saved/MainMenu49305D624D9B7EBBA44F44801B3E2E6D.tmp' to '../../../../../../Projects/clue_seeker/ue4_client/Content/Maps/MainMenu.umap'
[2017.12.27-15.45.20:650][525]LogSavePackage: Display: Finished SavePackage ../../../../../../Projects/clue_seeker/ue4_client/Content/Maps/MainMenu.umap
[2017.12.27-15.45.22:112][665]Cmd: QUIT_EDITOR
[2017.12.27-15.45.23:038][665]LogWindowsTextInputMethodSystem: Display: IME system now deactivated.
[2017.12.27-15.45.23:041][665]LogExit: Preparing to exit.
[2017.12.27-15.45.23:547][665]LogDirectoryWatcher: A directory notification for 'D:/Projects/clue_seeker/ue4_client/Content/' was aborted.
[2017.12.27-15.45.23:575][665]LogExit: Editor shut down
[2017.12.27-15.45.23:579][665]LogExit: Transaction tracking system shut down
[2017.12.27-15.45.23:670][665]LogDirectoryWatcher: A directory notification for '../../../Engine/Content/' was aborted.
[2017.12.27-15.45.23:670][665]LogDirectoryWatcher: A directory notification for '../../../../../../Projects/clue_seeker/ue4_client/Content/' was aborted.
[2017.12.27-15.45.23:670][665]LogDirectoryWatcher: A directory notification for '../../../Engine/Plugins/2D/Paper2D/Content/' was aborted.
[2017.12.27-15.45.23:670][665]LogDirectoryWatcher: A directory notification for '../../../Engine/Plugins/Media/MediaCompositing/Content/' was aborted.
[2017.12.27-15.45.23:670][665]LogDirectoryWatcher: A directory notification for '../../../Engine/Plugins/Runtime/AppleARKit/Content/' was aborted.
[2017.12.27-15.45.23:670][665]LogDirectoryWatcher: A directory notification for '../../../Engine/Plugins/Runtime/Oculus/OculusVR/Content/' was aborted.
[2017.12.27-15.45.23:670][665]LogDirectoryWatcher: A directory notification for '../../../Engine/Plugins/Runtime/Steam/SteamVR/Content/' was aborted.
[2017.12.27-15.45.23:749][665]LogExit: Object subsystem successfully closed.
[2017.12.27-15.45.23:766][665]LogD3D11RHI: Shutdown
[2017.12.27-15.45.23:766][665]LogD3D11RHI: CleanupD3DDevice
[2017.12.27-15.45.23:768][665]LogD3D11RHI: ~FD3D11DynamicRHI
[2017.12.27-15.45.23:779][665]LogModuleManager: Shutting down and abandoning module ExternalImagePicker (556)
[2017.12.27-15.45.23:779][665]LogModuleManager: Shutting down and abandoning module MovieSceneCapture (554)
[2017.12.27-15.45.23:779][665]LogModuleManager: Shutting down and abandoning module SequencerWidgets (552)
[2017.12.27-15.45.23:779][665]LogModuleManager: Shutting down and abandoning module BlueprintGraph (550)
[2017.12.27-15.45.23:779][665]LogModuleManager: Shutting down and abandoning module HierarchicalLODOutliner (548)
[2017.12.27-15.45.23:779][665]LogModuleManager: Shutting down and abandoning module SceneOutliner (546)
[2017.12.27-15.45.23:779][665]LogModuleManager: Shutting down and abandoning module AddContentDialog (544)
[2017.12.27-15.45.23:779][665]LogDirectoryWatcher: A directory notification for 'D:/Program Files/Epic Games/UE_4.18/FeaturePacks/' was aborted.
[2017.12.27-15.45.23:780][665]LogModuleManager: Shutting down and abandoning module WidgetCarousel (543)
[2017.12.27-15.45.23:780][665]LogModuleManager: Shutting down and abandoning module EditorWidgets (540)
[2017.12.27-15.45.23:780][665]LogModuleManager: Shutting down and abandoning module CollectionManager (538)
[2017.12.27-15.45.23:780][665]LogDirectoryWatcher: A directory notification for 'D:/Projects/clue_seeker/ue4_client/Content/Collections/' was aborted.
[2017.12.27-15.45.23:780][665]LogDirectoryWatcher: A directory notification for 'D:/Projects/clue_seeker/ue4_client/Content/Developers/Lisa/Collections/' was aborted.
[2017.12.27-15.45.23:780][665]LogDirectoryWatcher: A directory notification for 'D:/Projects/clue_seeker/ue4_client/Saved/Collections/' was aborted.
[2017.12.27-15.45.23:780][665]LogModuleManager: Shutting down and abandoning module StatsViewer (536)
[2017.12.27-15.45.23:780][665]LogModuleManager: Shutting down and abandoning module FoliageEdit (534)
[2017.12.27-15.45.23:780][665]LogModuleManager: Shutting down and abandoning module LandscapeEditor (532)
[2017.12.27-15.45.23:780][665]LogModuleManager: Shutting down and abandoning module MeshPaintMode (530)
[2017.12.27-15.45.23:780][665]LogModuleManager: Shutting down and abandoning module SceneDepthPickerMode (528)
[2017.12.27-15.45.23:780][665]LogModuleManager: Shutting down and abandoning module ActorPickerMode (526)
[2017.12.27-15.45.23:780][665]LogModuleManager: Shutting down and abandoning module GeometryMode (524)
[2017.12.27-15.45.23:781][665]LogModuleManager: Shutting down and abandoning module TextureAlignMode (522)
[2017.12.27-15.45.23:781][665]LogModuleManager: Shutting down and abandoning module BspMode (520)
[2017.12.27-15.45.23:781][665]LogModuleManager: Shutting down and abandoning module PIEPreviewDeviceProfileSelector (518)
[2017.12.27-15.45.23:781][665]LogModuleManager: Shutting down and abandoning module HardwareSurvey (516)
[2017.12.27-15.45.23:781][665]LogModuleManager: Shutting down and abandoning module SequenceRecorderSections (514)
[2017.12.27-15.45.23:781][665]LogModuleManager: Shutting down and abandoning module AutomationWorker (512)
[2017.12.27-15.45.23:781][665]LogModuleManager: Shutting down and abandoning module MatineeToLevelSequence (510)
[2017.12.27-15.45.23:781][665]LogModuleManager: Shutting down and abandoning module LevelSequenceEditor (508)
[2017.12.27-15.45.23:781][665]LogModuleManager: Shutting down and abandoning module PlacementMode (507)
[2017.12.27-15.45.23:781][665]LogModuleManager: Shutting down and abandoning module WmfMediaFactory (504)
[2017.12.27-15.45.23:781][665]LogModuleManager: Shutting down and abandoning module WmfMediaEditor (502)
[2017.12.27-15.45.23:781][665]LogModuleManager: Shutting down and abandoning module OpenExrWrapper (500)
[2017.12.27-15.45.23:781][665]LogModuleManager: Shutting down and abandoning module ImgMediaFactory (498)
[2017.12.27-15.45.23:781][665]LogModuleManager: Shutting down and abandoning module ImgMediaEditor (496)
[2017.12.27-15.45.23:781][665]LogModuleManager: Shutting down and abandoning module AvfMediaFactory (494)
[2017.12.27-15.45.23:781][665]LogModuleManager: Shutting down and abandoning module AvfMediaEditor (492)
[2017.12.27-15.45.23:781][665]LogModuleManager: Shutting down and abandoning module AndroidMediaFactory (490)
[2017.12.27-15.45.23:781][665]LogModuleManager: Shutting down and abandoning module AndroidMediaEditor (488)
[2017.12.27-15.45.23:781][665]LogModuleManager: Shutting down and abandoning module CharacterAI (486)
[2017.12.27-15.45.23:781][665]LogModuleManager: Shutting down and abandoning module AudioCapture (484)
[2017.12.27-15.45.23:781][665]LogModuleManager: Shutting down and abandoning module SequenceRecorder (483)
[2017.12.27-15.45.23:781][665]LogModuleManager: Shutting down and abandoning module SmartSnapping (480)
[2017.12.27-15.45.23:781][665]LogModuleManager: Shutting down and abandoning module SessionServices (478)
[2017.12.27-15.45.23:781][665]LogModuleManager: Shutting down and abandoning module ViewportSnapping (476)
[2017.12.27-15.45.23:781][665]LogModuleManager: Shutting down and abandoning module ViewportInteraction (474)
[2017.12.27-15.45.23:781][665]LogModuleManager: Shutting down and abandoning module ClothPainter (472)
[2017.12.27-15.45.23:781][665]LogModuleManager: Shutting down and abandoning module SkeletalMeshEditor (471)
[2017.12.27-15.45.23:781][665]LogModuleManager: Shutting down and abandoning module LogVisualizer (468)
[2017.12.27-15.45.23:781][665]LogModuleManager: Shutting down and abandoning module IntroTutorials (466)
[2017.12.27-15.45.23:781][665]LogModuleManager: Shutting down and abandoning module GameProjectGeneration (465)
[2017.12.27-15.45.23:781][665]LogModuleManager: Shutting down and abandoning module IOSPlatformEditor (462)
[2017.12.27-15.45.23:781][665]LogModuleManager: Shutting down and abandoning module HTML5PlatformEditor (460)
[2017.12.27-15.45.23:781][665]LogModuleManager: Shutting down and abandoning module AndroidPlatformEditor (458)
[2017.12.27-15.45.23:781][665]LogModuleManager: Shutting down and abandoning module AndroidDeviceDetection (457)
[2017.12.27-15.45.24:294][665]LogModuleManager: Shutting down and abandoning module WindowsPlatformEditor (454)
[2017.12.27-15.45.24:294][665]LogModuleManager: Shutting down and abandoning module IOSRuntimeSettings (452)
[2017.12.27-15.45.24:294][665]LogModuleManager: Shutting down and abandoning module AndroidRuntimeSettings (450)
[2017.12.27-15.45.24:294][665]LogModuleManager: Shutting down and abandoning module InputBindingEditor (448)
[2017.12.27-15.45.24:294][665]LogModuleManager: Shutting down and abandoning module MergeActors (446)
[2017.12.27-15.45.24:294][665]LogModuleManager: Shutting down and abandoning module SizeMap (444)
[2017.12.27-15.45.24:294][665]LogModuleManager: Shutting down and abandoning module TreeMap (442)
[2017.12.27-15.45.24:294][665]LogModuleManager: Shutting down and abandoning module ReferenceViewer (440)
[2017.12.27-15.45.24:294][665]LogModuleManager: Shutting down and abandoning module LocalizationDashboard (438)
[2017.12.27-15.45.24:294][665]LogModuleManager: Shutting down and abandoning module LocalizationService (437)
[2017.12.27-15.45.24:294][665]LogModuleManager: Shutting down and abandoning module HardwareTargeting (434)
[2017.12.27-15.45.24:294][665]LogModuleManager: Shutting down and abandoning module DeviceProfileEditor (432)
[2017.12.27-15.45.24:294][665]LogModuleManager: Shutting down and abandoning module UndoHistory (430)
[2017.12.27-15.45.24:294][665]LogModuleManager: Shutting down and abandoning module XmlParser (428)
[2017.12.27-15.45.24:294][665]LogModuleManager: Shutting down and abandoning module Blutility (426)
[2017.12.27-15.45.24:294][665]LogModuleManager: Shutting down and abandoning module ProjectSettingsViewer (424)
[2017.12.27-15.45.24:295][665]LogModuleManager: Shutting down and abandoning module ProjectTargetPlatformEditor (423)
[2017.12.27-15.45.24:295][665]LogModuleManager: Shutting down and abandoning module EditorSettingsViewer (420)
[2017.12.27-15.45.24:295][665]LogModuleManager: Shutting down and abandoning module SettingsEditor (418)
[2017.12.27-15.45.24:295][665]LogModuleManager: Shutting down and abandoning module ProjectLauncher (416)
[2017.12.27-15.45.24:295][665]LogModuleManager: Shutting down and abandoning module SessionFrontend (414)
[2017.12.27-15.45.24:295][665]LogModuleManager: Shutting down and abandoning module ProfilerClient (412)
[2017.12.27-15.45.24:295][665]LogModuleManager: Shutting down and abandoning module DeviceManager (410)
[2017.12.27-15.45.24:295][665]LogModuleManager: Shutting down and abandoning module TargetDeviceServices (409)
[2017.12.27-15.45.24:358][665]LogModuleManager: Shutting down and abandoning module AutomationController (406)
[2017.12.27-15.45.24:358][665]LogModuleManager: Shutting down and abandoning module AutomationWindow (404)
[2017.12.27-15.45.24:358][665]LogModuleManager: Shutting down and abandoning module Layers (402)
[2017.12.27-15.45.24:358][665]LogModuleManager: Shutting down and abandoning module ComponentVisualizers (400)
[2017.12.27-15.45.24:358][665]LogModuleManager: Shutting down and abandoning module DetailCustomizations (398)
[2017.12.27-15.45.24:358][665]LogModuleManager: Shutting down and abandoning module PackagesDialog (396)
[2017.12.27-15.45.24:358][665]LogModuleManager: Shutting down and abandoning module Persona (394)
[2017.12.27-15.45.24:358][665]LogModuleManager: Shutting down and abandoning module AdvancedPreviewScene (393)
[2017.12.27-15.45.24:358][665]LogModuleManager: Shutting down and abandoning module AnimGraph (391)
[2017.12.27-15.45.24:358][665]LogModuleManager: Shutting down and abandoning module Kismet (388)
[2017.12.27-15.45.24:366][665]LogModuleManager: Shutting down and abandoning module ClassViewer (386)
[2017.12.27-15.45.24:367][665]LogModuleManager: Shutting down and abandoning module Toolbox (384)
[2017.12.27-15.45.24:367][665]LogModuleManager: Shutting down and abandoning module ModuleUI (382)
[2017.12.27-15.45.24:367][665]LogModuleManager: Shutting down and abandoning module MovieSceneTools (380)
[2017.12.27-15.45.24:367][665]LogModuleManager: Shutting down and abandoning module OutputLog (378)
[2017.12.27-15.45.24:367][665]LogModuleManager: Shutting down and abandoning module GammaUI (376)
[2017.12.27-15.45.24:367][665]LogModuleManager: Shutting down and abandoning module Documentation (374)
[2017.12.27-15.45.24:367][665]LogModuleManager: Shutting down and abandoning module MovieSceneTracks (372)
[2017.12.27-15.45.24:367][665]LogModuleManager: Shutting down and abandoning module MovieScene (370)
[2017.12.27-15.45.24:367][665]LogModuleManager: Shutting down and abandoning module StreamingPauseRendering (368)
[2017.12.27-15.45.24:367][665]LogModuleManager: Shutting down and abandoning module LauncherPlatform (366)
[2017.12.27-15.45.24:367][665]LogModuleManager: Shutting down and abandoning module AnalyticsET (364)
[2017.12.27-15.45.24:367][665]LogModuleManager: Shutting down and abandoning module PortalServices (362)
[2017.12.27-15.45.24:367][665]LogModuleManager: Shutting down and abandoning module PortalRpc (360)
[2017.12.27-15.45.24:367][665]LogModuleManager: Shutting down and abandoning module MessagingRpc (358)
[2017.12.27-15.45.24:367][665]LogModuleManager: Shutting down and abandoning module AIModule (356)
[2017.12.27-15.45.24:367][665]LogModuleManager: Shutting down and abandoning module GameplayDebugger (355)
[2017.12.27-15.45.24:368][665]LogModuleManager: Shutting down and abandoning module AITestSuite (353)
[2017.12.27-15.45.24:368][665]LogModuleManager: Shutting down and abandoning module DesktopPlatform (350)
[2017.12.27-15.45.24:368][665]LogModuleManager: Shutting down and abandoning module ProfilerService (348)
[2017.12.27-15.45.24:585][665]LogModuleManager: Shutting down and abandoning module TaskGraph (346)
[2017.12.27-15.45.24:585][665]LogModuleManager: Shutting down and abandoning module SteamVRController (344)
[2017.12.27-15.45.24:585][665]LogModuleManager: Shutting down and abandoning module ProceduralMeshComponentEditor (342)
[2017.12.27-15.45.24:585][665]LogModuleManager: Shutting down and abandoning module ProceduralMeshComponent (340)
[2017.12.27-15.45.24:585][665]LogModuleManager: Shutting down and abandoning module OculusInput (338)
[2017.12.27-15.45.24:585][665]LogModuleManager: Shutting down and abandoning module MobilePatchingUtils (336)
[2017.12.27-15.45.24:585][665]LogModuleManager: Shutting down and abandoning module CustomMeshComponent (334)
[2017.12.27-15.45.24:585][665]LogModuleManager: Shutting down and abandoning module CableComponent (332)
[2017.12.27-15.45.24:585][665]LogModuleManager: Shutting down and abandoning module ArchVisCharacter (330)
[2017.12.27-15.45.24:585][665]LogModuleManager: Shutting down and abandoning module AndroidPermission (328)
[2017.12.27-15.45.24:585][665]LogModuleManager: Shutting down and abandoning module ActorSequence (324)
[2017.12.27-15.45.24:585][665]LogModuleManager: Shutting down and abandoning module MediaPlayerEditor (322)
[2017.12.27-15.45.24:585][665]LogModuleManager: Shutting down and abandoning module MediaCompositingEditor (320)
[2017.12.27-15.45.24:585][665]LogModuleManager: Shutting down and abandoning module MediaCompositing (318)
[2017.12.27-15.45.24:585][665]LogModuleManager: Shutting down and abandoning module HTML5Networking (316)
[2017.12.27-15.45.24:585][665]LogModuleManager: Shutting down and abandoning module AlembicImporter (314)
[2017.12.27-15.45.24:585][665]LogModuleManager: Shutting down and abandoning module AlembicLibrary (313)
[2017.12.27-15.45.24:585][665]LogModuleManager: Shutting down and abandoning module GeometryCache (312)
[2017.12.27-15.45.24:585][665]LogModuleManager: Shutting down and abandoning module GeometryCacheEd (311)
[2017.12.27-15.45.24:585][665]LogModuleManager: Shutting down and abandoning module SpeedTreeImporter (306)
[2017.12.27-15.45.24:585][665]LogModuleManager: Shutting down and abandoning module PluginBrowser (304)
[2017.12.27-15.45.24:585][665]LogModuleManager: Shutting down and abandoning module MobileLauncherProfileWizard (302)
[2017.12.27-15.45.24:585][665]LogModuleManager: Shutting down and abandoning module VisualStudioSourceCodeAccess (300)
[2017.12.27-15.45.24:585][665]LogModuleManager: Shutting down and abandoning module VisualStudioCodeSourceCodeAccess (298)
[2017.12.27-15.45.24:586][665]LogModuleManager: Shutting down and abandoning module UObjectPlugin (296)
[2017.12.27-15.45.24:586][665]LogModuleManager: Shutting down and abandoning module SubversionSourceControl (294)
[2017.12.27-15.45.24:586][665]LogModuleManager: Shutting down and abandoning module PerforceSourceControl (292)
[2017.12.27-15.45.24:586][665]LogModuleManager: Shutting down and abandoning module GitSourceControl (290)
[2017.12.27-15.45.24:586][665]LogModuleManager: Shutting down and abandoning module SourceControl (289)
[2017.12.27-15.45.24:586][665]LogModuleManager: Shutting down and abandoning module LightPropagationVolumeEditor (286)
[2017.12.27-15.45.24:586][665]LogModuleManager: Shutting down and abandoning module PaperTiledImporter (284)
[2017.12.27-15.45.24:586][665]LogModuleManager: Shutting down and abandoning module PaperSpriteSheetImporter (282)
[2017.12.27-15.45.24:586][665]LogModuleManager: Shutting down and abandoning module Paper2DEditor (280)
[2017.12.27-15.45.24:586][665]LogModuleManager: Shutting down and abandoning module MeshPaint (279)
[2017.12.27-15.45.24:586][665]LogModuleManager: Shutting down and abandoning module LevelEditor (277)
[2017.12.27-15.45.24:587][665]LogModuleManager: Shutting down and abandoning module PixelInspectorModule (276)
[2017.12.27-15.45.24:587][665]LogModuleManager: Shutting down and abandoning module MainFrame (274)
[2017.12.27-15.45.24:587][665]LogModuleManager: Shutting down and abandoning module HotReload (273)
[2017.12.27-15.45.24:587][665]LogModuleManager: Shutting down and abandoning module RuntimePhysXCooking (268)
[2017.12.27-15.45.24:587][665]LogModuleManager: Shutting down and abandoning module PhysXVehiclesEditor (266)
[2017.12.27-15.45.24:587][665]LogModuleManager: Shutting down and abandoning module PhysXVehicles (264)
[2017.12.27-15.45.24:587][665]LogModuleManager: Shutting down and abandoning module OculusEditor (262)
[2017.12.27-15.45.24:587][665]LogModuleManager: Shutting down and abandoning module LocationServicesBPLibrary (260)
[2017.12.27-15.45.24:587][665]LogModuleManager: Shutting down and abandoning module ImmediatePhysicsEditor (258)
[2017.12.27-15.45.24:587][665]LogModuleManager: Shutting down and abandoning module ImmediatePhysics (256)
[2017.12.27-15.45.24:587][665]LogModuleManager: Shutting down and abandoning module UdpMessaging (254)
[2017.12.27-15.45.24:688][665]LogModuleManager: Shutting down and abandoning module TcpMessaging (252)
[2017.12.27-15.45.24:788][665]LogModuleManager: Shutting down and abandoning module GameplayTagsEditor (250)
[2017.12.27-15.45.24:788][665]LogModuleManager: Shutting down and abandoning module FacialAnimationEditor (248)
[2017.12.27-15.45.24:788][665]LogModuleManager: Shutting down and abandoning module FacialAnimation (246)
[2017.12.27-15.45.24:788][665]LogModuleManager: Shutting down and abandoning module AssetManagerEditor (244)
[2017.12.27-15.45.24:788][665]LogModuleManager: Shutting down and abandoning module GraphEditor (243)
[2017.12.27-15.45.24:789][665]LogModuleManager: Shutting down and abandoning module ContentBrowser (241)
[2017.12.27-15.45.24:790][665]LogModuleManager: Shutting down and abandoning module LightPropagationVolumeRuntime (238)
[2017.12.27-15.45.24:790][665]LogModuleManager: Shutting down and abandoning module Paper2D (236)
[2017.12.27-15.45.24:790][665]LogModuleManager: Shutting down and abandoning module WindowsMoviePlayer (234)
[2017.12.27-15.45.24:790][665]LogModuleManager: Shutting down and abandoning module WmfMedia (232)
[2017.12.27-15.45.24:791][665]LogModuleManager: Shutting down and abandoning module ImgMedia (230)
[2017.12.27-15.45.24:791][665]LogModuleManager: Shutting down and abandoning module PacketHandler (228)
[2017.12.27-15.45.24:791][665]LogModuleManager: Shutting down and abandoning module ClothingSystemEditor (226)
[2017.12.27-15.45.24:791][665]LogModuleManager: Shutting down and abandoning module ClothingSystemRuntime (224)
[2017.12.27-15.45.24:791][665]LogModuleManager: Shutting down and abandoning module MediaAssets (222)
[2017.12.27-15.45.24:791][665]LogModuleManager: Shutting down and abandoning module Media (221)
[2017.12.27-15.45.24:797][665]LogModuleManager: Shutting down and abandoning module Overlay (218)
[2017.12.27-15.45.24:797][665]LogModuleManager: Shutting down and abandoning module OverlayEditor (217)
[2017.12.27-15.45.24:797][665]LogModuleManager: Shutting down and abandoning module VREditor (214)
[2017.12.27-15.45.24:797][665]LogModuleManager: Shutting down and abandoning module StringTableEditor (212)
[2017.12.27-15.45.24:797][665]LogModuleManager: Shutting down and abandoning module GameplayTasksEditor (210)
[2017.12.27-15.45.24:797][665]LogModuleManager: Shutting down and abandoning module BehaviorTreeEditor (208)
[2017.12.27-15.45.24:797][665]LogModuleManager: Shutting down and abandoning module FunctionalTesting (206)
[2017.12.27-15.45.24:797][665]LogModuleManager: Shutting down and abandoning module CollisionAnalyzer (204)
[2017.12.27-15.45.24:797][665]LogModuleManager: Shutting down and abandoning module WorkspaceMenuStructure (203)
[2017.12.27-15.45.24:797][665]LogModuleManager: Shutting down and abandoning module UMG (200)
[2017.12.27-15.45.24:797][665]LogModuleManager: Shutting down and abandoning module UMGEditor (199)
[2017.12.27-15.45.24:797][665]LogModuleManager: Shutting down and abandoning module Sequencer (198)
[2017.12.27-15.45.24:797][665]LogModuleManager: Shutting down and abandoning module MessageLog (195)
[2017.12.27-15.45.24:797][665]LogModuleManager: Shutting down and abandoning module SlateReflector (190)
[2017.12.27-15.45.24:797][665]LogModuleManager: Shutting down and abandoning module Slate (188)
[2017.12.27-15.45.24:797][665]LogModuleManager: Shutting down and abandoning module EditorStyle (186)
[2017.12.27-15.45.24:799][665]LogModuleManager: Shutting down and abandoning module MRMesh (184)
[2017.12.27-15.45.24:799][665]LogModuleManager: Shutting down and abandoning module SourceCodeAccess (182)
[2017.12.27-15.45.24:799][665]LogModuleManager: Shutting down and abandoning module HeadMountedDisplay (180)
[2017.12.27-15.45.24:799][665]LogModuleManager: Shutting down and abandoning module XAudio2 (178)
[2017.12.27-15.45.24:799][665]LogModuleManager: Shutting down and abandoning module Networking (176)
[2017.12.27-15.45.24:799][665]LogModuleManager: Shutting down and abandoning module Core (172)
[2017.12.27-15.45.24:799][665]LogModuleManager: Shutting down and abandoning module LevelSequence (168)
[2017.12.27-15.45.24:799][665]LogModuleManager: Shutting down and abandoning module DirectoryWatcher (166)
[2017.12.27-15.45.24:799][665]LogModuleManager: Shutting down and abandoning module KismetCompiler (164)
[2017.12.27-15.45.24:799][665]LogModuleManager: Shutting down and abandoning module MeshUtilities (162)
[2017.12.27-15.45.24:800][665]LogModuleManager: Shutting down and abandoning module MeshMergeUtilities (161)
[2017.12.27-15.45.24:800][665]LogModuleManager: Shutting down and abandoning module MeshReductionInterface (160)
[2017.12.27-15.45.24:800][665]LogModuleManager: Shutting down and abandoning module SimplygonSwarm (159)
[2017.12.27-15.45.24:800][665]LogModuleManager: Shutting down and abandoning module SimplygonMeshReduction (157)
[2017.12.27-15.45.24:800][665]LogModuleManager: Shutting down and abandoning module QuadricMeshReduction (155)
[2017.12.27-15.45.24:800][665]LogModuleManager: Shutting down and abandoning module MaterialBaking (151)
[2017.12.27-15.45.24:800][665]LogModuleManager: Shutting down and abandoning module DerivedDataCache (148)
[2017.12.27-15.45.24:878][665]LogDerivedDataCache: Shutdown
[2017.12.27-15.45.24:878][665]LogModuleManager: Shutting down and abandoning module TargetPlatform (146)
[2017.12.27-15.45.24:878][665]LogModuleManager: Shutting down and abandoning module VulkanShaderFormat (145)
[2017.12.27-15.45.24:878][665]LogModuleManager: Shutting down and abandoning module ShaderFormatVectorVM (143)
[2017.12.27-15.45.24:878][665]LogModuleManager: Shutting down and abandoning module ShaderFormatOpenGL (141)
[2017.12.27-15.45.24:878][665]LogModuleManager: Shutting down and abandoning module ShaderFormatD3D (139)
[2017.12.27-15.45.24:878][665]LogModuleManager: Shutting down and abandoning module MetalShaderFormat (137)
[2017.12.27-15.45.24:878][665]LogModuleManager: Shutting down and abandoning module TextureFormatUncompressed (135)
[2017.12.27-15.45.24:878][665]LogModuleManager: Shutting down and abandoning module TextureFormatPVR (133)
[2017.12.27-15.45.24:878][665]LogModuleManager: Shutting down and abandoning module TextureFormatDXT (131)
[2017.12.27-15.45.24:878][665]LogModuleManager: Shutting down and abandoning module TextureFormatIntelISPCTexComp (129)
[2017.12.27-15.45.24:878][665]LogModuleManager: Shutting down and abandoning module TextureFormatASTC (127)
[2017.12.27-15.45.24:878][665]LogModuleManager: Shutting down and abandoning module ImageWrapper (126)
[2017.12.27-15.45.24:878][665]LogModuleManager: Shutting down and abandoning module TextureFormatAndroid (123)
[2017.12.27-15.45.24:878][665]LogModuleManager: Shutting down and abandoning module AudioFormatOpus (121)
[2017.12.27-15.45.24:878][665]LogModuleManager: Shutting down and abandoning module AudioFormatOgg (119)
[2017.12.27-15.45.24:878][665]LogModuleManager: Shutting down and abandoning module AudioFormatADPCM (117)
[2017.12.27-15.45.24:878][665]LogModuleManager: Shutting down and abandoning module LinuxTargetPlatform (115)
[2017.12.27-15.45.24:879][665]LogModuleManager: Shutting down and abandoning module LinuxServerTargetPlatform (113)
[2017.12.27-15.45.24:879][665]LogModuleManager: Shutting down and abandoning module LinuxNoEditorTargetPlatform (111)
[2017.12.27-15.45.24:879][665]LogModuleManager: Shutting down and abandoning module LinuxClientTargetPlatform (109)
[2017.12.27-15.45.24:879][665]LogModuleManager: Shutting down and abandoning module TVOSTargetPlatform (107)
[2017.12.27-15.45.24:879][665]LogModuleManager: Shutting down and abandoning module Messaging (105)
[2017.12.27-15.45.24:879][665]LogModuleManager: Shutting down and abandoning module IOSTargetPlatform (103)
[2017.12.27-15.45.24:879][665]LogModuleManager: Shutting down and abandoning module HTML5TargetPlatform (101)
[2017.12.27-15.45.24:879][665]LogModuleManager: Shutting down and abandoning module AndroidTargetPlatform (99)
[2017.12.27-15.45.24:879][665]LogModuleManager: Shutting down and abandoning module Android_PVRTCTargetPlatform (97)
[2017.12.27-15.45.24:879][665]LogModuleManager: Shutting down and abandoning module Android_MultiTargetPlatform (95)
[2017.12.27-15.45.24:879][665]LogModuleManager: Shutting down and abandoning module Android_ETC2TargetPlatform (93)
[2017.12.27-15.45.24:879][665]LogModuleManager: Shutting down and abandoning module Android_ETC1TargetPlatform (91)
[2017.12.27-15.45.24:879][665]LogModuleManager: Shutting down and abandoning module Android_DXTTargetPlatform (89)
[2017.12.27-15.45.24:879][665]LogModuleManager: Shutting down and abandoning module Android_ATCTargetPlatform (87)
[2017.12.27-15.45.24:879][665]LogModuleManager: Shutting down and abandoning module Android_ASTCTargetPlatform (85)
[2017.12.27-15.45.24:879][665]LogModuleManager: Shutting down and abandoning module WindowsTargetPlatform (83)
[2017.12.27-15.45.24:879][665]LogModuleManager: Shutting down and abandoning module WindowsServerTargetPlatform (81)
[2017.12.27-15.45.24:879][665]LogModuleManager: Shutting down and abandoning module WindowsNoEditorTargetPlatform (79)
[2017.12.27-15.45.24:879][665]LogModuleManager: Shutting down and abandoning module WindowsClientTargetPlatform (77)
[2017.12.27-15.45.24:879][665]LogModuleManager: Shutting down and abandoning module MacTargetPlatform (75)
[2017.12.27-15.45.24:879][665]LogModuleManager: Shutting down and abandoning module MacServerTargetPlatform (73)
[2017.12.27-15.45.24:879][665]LogModuleManager: Shutting down and abandoning module MacNoEditorTargetPlatform (71)
[2017.12.27-15.45.24:879][665]LogModuleManager: Shutting down and abandoning module MacClientTargetPlatform (69)
[2017.12.27-15.45.24:879][665]LogModuleManager: Shutting down and abandoning module AllDesktopTargetPlatform (67)
[2017.12.27-15.45.24:879][665]LogModuleManager: Shutting down and abandoning module InputCore (64)
[2017.12.27-15.45.24:879][665]LogModuleManager: Shutting down and abandoning module Settings (62)
[2017.12.27-15.45.24:879][665]LogModuleManager: Shutting down and abandoning module PhysXCooking (60)
[2017.12.27-15.45.24:879][665]LogModuleManager: Shutting down and abandoning module SteamVR (58)
[2017.12.27-15.45.24:879][665]LogModuleManager: Shutting down and abandoning module OculusHMD (56)
[2017.12.27-15.45.24:879][665]LogModuleManager: Shutting down and abandoning module ExampleDeviceProfileSelector (54)
[2017.12.27-15.45.24:879][665]LogModuleManager: Shutting down and abandoning module AppleARKit (52)
[2017.12.27-15.45.24:879][665]LogModuleManager: Shutting down and abandoning module AugmentedReality (51)
[2017.12.27-15.45.24:879][665]LogModuleManager: Shutting down and abandoning module OnlineBlueprintSupport (48)
[2017.12.27-15.45.24:879][665]LogModuleManager: Shutting down and abandoning module OnlineSubsystem (44)
[2017.12.27-15.45.24:879][665]LogModuleManager: Shutting down and abandoning module XMPP (43)
[2017.12.27-15.45.24:879][665]LogModuleManager: Shutting down and abandoning module HTTP (41)
[2017.12.27-15.45.24:879][665]LogHttp: Display: Http module shutting down, but needs to wait on 1 outstanding Http requests:
[2017.12.27-15.45.24:879][665]LogHttp: Display: 	verb=[POST] url=[https://datarouter.ol.epicgames.com/datarouter/api/v1/public/data?SessionID=%7B6D516C13-4725-78BA-D936-08B4C3BF4CC9%7D&AppID=UEEditor.Rocket.Release&AppVersion=4.18.2-3794801%2B%2B%2BUE4%2BRelease-4.18&UserID=02120db54e76bdd2db237a913785b994%7Cc6ca3522dedb4ffaa90897244e48bfe8%7C3b96f443-42aa-477d-ab59-da1a4d2b0af1&AppEnvironment=datacollector-binary&UploadType=eteventstream] status=Processing
[2017.12.27-15.45.24:908][665]LogModuleManager: Shutting down and abandoning module SSL (40)
[2017.12.27-15.45.24:909][665]LogModuleManager: Shutting down and abandoning module AnimationModifiers (36)
[2017.12.27-15.45.24:909][665]LogModuleManager: Shutting down and abandoning module PropertyEditor (35)
[2017.12.27-15.45.24:909][665]LogModuleManager: Shutting down and abandoning module AudioEditor (32)
[2017.12.27-15.45.24:909][665]LogModuleManager: Shutting down and abandoning module TextureCompressor (30)
[2017.12.27-15.45.24:909][665]LogModuleManager: Shutting down and abandoning module ShaderCore (28)
[2017.12.27-15.45.24:909][665]LogModuleManager: Shutting down and abandoning module Landscape (26)
[2017.12.27-15.45.24:909][665]LogModuleManager: Shutting down and abandoning module SlateRHIRenderer (24)
[2017.12.27-15.45.24:912][665]LogModuleManager: Shutting down and abandoning module OpenGLDrv (22)
[2017.12.27-15.45.24:912][665]LogModuleManager: Shutting down and abandoning module D3D11RHI (20)
[2017.12.27-15.45.24:912][665]LogModuleManager: Shutting down and abandoning module AnimGraphRuntime (18)
[2017.12.27-15.45.24:912][665]LogModuleManager: Shutting down and abandoning module Renderer (16)
[2017.12.27-15.45.24:912][665]LogModuleManager: Shutting down and abandoning module Engine (14)
[2017.12.27-15.45.24:912][665]LogModuleManager: Shutting down and abandoning module CoreUObject (12)
[2017.12.27-15.45.24:912][665]LogModuleManager: Shutting down and abandoning module NetworkFile (10)
[2017.12.27-15.45.24:912][665]LogModuleManager: Shutting down and abandoning module CookedIterativeFile (8)
[2017.12.27-15.45.24:912][665]LogModuleManager: Shutting down and abandoning module StreamingFile (6)
[2017.12.27-15.45.24:912][665]LogModuleManager: Shutting down and abandoning module SandboxFile (4)
[2017.12.27-15.45.24:912][665]LogModuleManager: Shutting down and abandoning module PakFile (2)
[2017.12.27-15.45.24:930][665]LogExit: Exiting.
[2017.12.27-15.45.24:943][665]Log file closed, 12/27/17 16:45:24
