"../../../ue4_client/Content/InfinityBladeWarriors/Character/CompleteCharacters/Textures_Materials/CharM_Pit/T_CharM_Pit_D.uasset" 0
"../../../ue4_client/Content/InfinityBladeWarriors/Character/CompleteCharacters/Textures_Materials/CharM_Pit/T_CharM_Pit_Mask.uasset" 1
"../../../ue4_client/Content/InfinityBladeWarriors/Character/CompleteCharacters/Textures_Materials/CharM_Pit/T_CharM_Pit_N.uasset" 2
"../../../ue4_client/Content/InfinityBladeWarriors/Character/CompleteCharacters/Textures_Materials/CharM_Pit/M_Char_Pit.uasset" 3
"../../../Engine/Content/EngineMeshes/Humanoid.uasset" 4
"../../../ue4_client/Content/InfinityBladeWarriors/Character/CompleteCharacters/SK_Mannequin_Skeleton.uasset" 5
"../../../ue4_client/Content/InfinityBladeWarriors/Character/CompleteCharacters/SK_CharM_Pit.uasset" 6
"../../../ue4_client/Content/InfinityBladeWarriors/Character/CompleteCharacters/Textures_Materials/CharM_Barbarous/T_CharM_Barbarous_MetalMask.uasset" 7
"../../../ue4_client/Content/InfinityBladeWarriors/Character/CompleteCharacters/Textures_Materials/CharM_Barbarous/T_CharM_Barbarous_N.uasset" 8
"../../../ue4_client/Content/InfinityBladeWarriors/Character/CompleteCharacters/Textures_Materials/CharM_Barbarous/T_CharM_BarbarousElite_D.uasset" 9
"../../../ue4_client/Content/InfinityBladeWarriors/Character/CompleteCharacters/Textures_Materials/CharM_Barbarous/M_Char_Barbarous_Elite.uasset" 10
"../../../ue4_client/Content/InfinityBladeWarriors/Character/CompleteCharacters/Textures_Materials/CharM_Barbarous/SK_CharM_Barbarous_Skeleton.uasset" 11
"../../../ue4_client/Content/InfinityBladeWarriors/Character/CompleteCharacters/Textures_Materials/CharM_Base/T_CharM_Base_D_MetalMask.uasset" 12
"../../../ue4_client/Content/InfinityBladeWarriors/Character/CompleteCharacters/Textures_Materials/CharM_Bladed/T_CharM_Bladed_Elite_D.uasset" 13
"../../../ue4_client/Content/InfinityBladeWarriors/Character/CompleteCharacters/Textures_Materials/CharM_Natural/T_CharM_NaturalElite_D.uasset" 14
"../../../ue4_client/Content/InfinityBladeWarriors/Character/CompleteCharacters/Textures_Materials/CharM_Natural/T_CharM_NaturalElite_Mask.uasset" 15
"../../../ue4_client/Content/InfinityBladeWarriors/Character/CompleteCharacters/Textures_Materials/CharM_Natural/T_CharM_NaturalElite_N.uasset" 16
"../../../ue4_client/Content/InfinityBladeWarriors/Character/CompleteCharacters/Textures_Materials/CharM_Pit/T_CharM_Trench_D.uasset" 17
"../../../ue4_client/Content/InfinityBladeWarriors/Character/CompleteCharacters/Textures_Materials/CharM_Pit/M_Char_Pit2.uasset" 18
"../../../ue4_client/Content/InfinityBladeWarriors/Character/CompleteCharacters/Textures_Materials/CharM_Pit/T_CharM_Pit3_D.uasset" 19
"../../../ue4_client/Content/InfinityBladeWarriors/Character/CompleteCharacters/Textures_Materials/CharM_Pit/M_Char_Pit3.uasset" 20
"../../../ue4_client/Content/InfinityBladeWarriors/Character/CompleteCharacters/Textures_Materials/CharM_Pit/T_CharM_Gorge_D.uasset" 21
"../../../ue4_client/Content/InfinityBladeWarriors/Character/CompleteCharacters/Textures_Materials/CharM_Ram/T_CharM_Ram_C_D.uasset" 22
"../../../ue4_client/Content/InfinityBladeWarriors/Character/CompleteCharacters/Textures_Materials/CharM_Ram/T_CharM_Ram_D.uasset" 23
"../../../ue4_client/Content/InfinityBladeWarriors/Character/CompleteCharacters/Textures_Materials/CharM_Shell/T_CharM_ShellB_D.uasset" 24
"../../../ue4_client/Content/InfinityBladeWarriors/Character/CompleteCharacters/Textures_Materials/CharM_Shell/T_CharM_Shell_C.uasset" 25
"../../../ue4_client/Content/InfinityBladeWarriors/Character/CompleteCharacters/Textures_Materials/CharM_Bladed/T_CharM_Bladed_D.uasset" 26
"../../../ue4_client/Content/InfinityBladeWarriors/Character/CompleteCharacters/Textures_Materials/CharM_Bladed/T_CharM_Bladed_MetalMask1.uasset" 27
"../../../ue4_client/Content/InfinityBladeWarriors/Character/CompleteCharacters/Textures_Materials/CharM_Bladed/T_CharM_Bladed_N.uasset" 28
"../../../ue4_client/Content/InfinityBladeWarriors/Character/CompleteCharacters/Textures_Materials/CharM_solid/M_CharM_Solid_Alternate.uasset" 29
"../../../ue4_client/Content/InfinityBladeWarriors/Character/CompleteCharacters/Textures_Materials/CharM_solid/T_CharM_Solid_Alt.uasset" 30
"../../../ue4_client/Content/InfinityBladeWarriors/Character/CompleteCharacters/Textures_Materials/CharM_solid/T_CharM_Solid_Alternate.uasset" 31
"../../../ue4_client/Content/InfinityBladeWarriors/Character/CompleteCharacters/Textures_Materials/CharM_solid/T_CharM_Solid_Alt_Mask.uasset" 32
"../../../ue4_client/Content/InfinityBladeWarriors/Character/CompleteCharacters/Textures_Materials/CharM_Warrior/T_CharM_Warrior_Emissive.uasset" 33
"../../../ue4_client/Content/Mannequin/Character/Mesh/UE4_Mannequin_Skeleton.uasset" 34
"../../../ue4_client/Content/Mannequin/Animations/ThirdPersonJump_End.uasset" 35
"../../../ue4_client/Content/StarterContent/Materials/M_Basic_Wall.uasset" 36
"../../../ue4_client/Content/StarterContent/Architecture/Pillar_50x500.uasset" 37
"../../../ue4_client/Content/StarterContent/Architecture/Wall_400x300.uasset" 38
"../../../ue4_client/Content/StarterContent/Architecture/Wall_400x400.uasset" 39
"../../../ue4_client/Content/StarterContent/Architecture/Wall_500x500.uasset" 40
"../../../ue4_client/Content/StarterContent/Architecture/Wall_Door_400x400.uasset" 41
"../../../ue4_client/Content/StarterContent/Architecture/Wall_Window_400x400.uasset" 42
"../../../ue4_client/Content/StarterContent/Audio/Light01_Cue.uasset" 43
"../../../ue4_client/Content/StarterContent/Audio/Light02_Cue.uasset" 44
"../../../ue4_client/Content/StarterContent/Audio/Explosion_Cue.uasset" 45
"../../../ue4_client/Content/StarterContent/Textures/T_Burst_M.uasset" 46
"../../../ue4_client/Content/StarterContent/Particles/Materials/M_Burst.uasset" 47
"../../../ue4_client/Content/StarterContent/Textures/T_Explosion_SubUV.uasset" 48
"../../../ue4_client/Content/StarterContent/Particles/Materials/M_explosion_subUV.uasset" 49
"../../../ue4_client/Content/StarterContent/Particles/Materials/m_flare_01.uasset" 50
"../../../Engine/Content/Functions/Engine_MaterialFunctions01/Gradient/RadialGradient.uasset" 51
"../../../ue4_client/Content/StarterContent/Particles/Materials/M_radial_ramp.uasset" 52
"../../../ue4_client/Content/StarterContent/Textures/T_Smoke_SubUV.uasset" 53
"../../../ue4_client/Content/StarterContent/Textures/T_Smoke_Tiled_D.uasset" 54
"../../../ue4_client/Content/StarterContent/Particles/Materials/M_smoke_subUV.uasset" 55
"../../../ue4_client/Content/StarterContent/Particles/P_Explosion.uasset" 56
"../../../ue4_client/Content/StarterContent/Blueprints/Blueprint_Effect_Explosion.uasset" 57
"../../../Engine/Content/EditorMeshes/ColorCalibrator/T_ColorGrid.uasset" 58
"../../../ue4_client/Content/StarterContent/Materials/M_ColorGrid_LowSpec.uasset" 59
"../../../ue4_client/Content/StarterContent/Textures/T_Bush_D.uasset" 60
"../../../ue4_client/Content/StarterContent/Textures/T_Bush_N.uasset" 61
"../../../ue4_client/Content/StarterContent/Props/Materials/M_Bush.uasset" 62
"../../../ue4_client/Content/StarterContent/Props/SM_Bush.uasset" 63
"../../../ue4_client/Content/StarterContent/Textures/T_Chair_M.uasset" 64
"../../../ue4_client/Content/StarterContent/Textures/T_Chair_N.uasset" 65
"../../../ue4_client/Content/StarterContent/Props/Materials/M_Chair.uasset" 66
"../../../ue4_client/Content/StarterContent/Props/SM_Couch.uasset" 67
"../../../ue4_client/Content/StarterContent/Materials/M_Glass.uasset" 68
"../../../ue4_client/Content/StarterContent/Textures/T_Door_M.uasset" 69
"../../../ue4_client/Content/StarterContent/Textures/T_Door_N.uasset" 70
"../../../ue4_client/Content/StarterContent/Props/Materials/M_Door.uasset" 71
"../../../ue4_client/Content/StarterContent/Props/SM_Door.uasset" 72
"../../../ue4_client/Content/StarterContent/Props/Materials/M_MaterialSphere.uasset" 73
"../../../ue4_client/Content/StarterContent/Props/Materials/M_MaterialSphere_Plain.uasset" 74
"../../../ue4_client/Content/StarterContent/Props/SM_MatPreviewMesh_02.uasset" 75
"../../../Engine/Content/Functions/Engine_MaterialFunctions02/Utility/BlendAngleCorrectedNormals.uasset" 76
"../../../ue4_client/Content/StarterContent/Textures/T_Detail_Rocky_N.uasset" 77
"../../../ue4_client/Content/StarterContent/Textures/T_Rock_Basalt_D.uasset" 78
"../../../ue4_client/Content/StarterContent/Textures/T_RockMesh_M.uasset" 79
"../../../ue4_client/Content/StarterContent/Textures/T_RockMesh_N.uasset" 80
"../../../ue4_client/Content/StarterContent/Props/Materials/M_Rock.uasset" 81
"../../../ue4_client/Content/StarterContent/Props/SM_Rock.uasset" 82
"../../../ue4_client/Content/StarterContent/Textures/T_Shelf_M.uasset" 83
"../../../ue4_client/Content/StarterContent/Textures/T_Shelf_N.uasset" 84
"../../../ue4_client/Content/StarterContent/Props/Materials/M_Shelf.uasset" 85
"../../../ue4_client/Content/StarterContent/Props/SM_Shelf.uasset" 86
"../../../ue4_client/Content/StarterContent/Materials/M_Basic_Floor.uasset" 87
"../../../ue4_client/Content/StarterContent/Props/SM_Stairs.uasset" 88
"../../../ue4_client/Content/StarterContent/Shapes/Shape_Cone.uasset" 89
"../../../ue4_client/Content/StarterContent/Shapes/Shape_Cylinder.uasset" 90
"../../../ue4_client/Content/StarterContent/Shapes/Shape_NarrowCapsule.uasset" 91
"../../../ue4_client/Content/StarterContent/Shapes/Shape_Pipe.uasset" 92
"../../../ue4_client/Content/StarterContent/Shapes/Shape_Pipe_180.uasset" 93
"../../../ue4_client/Content/StarterContent/Shapes/Shape_Pipe_90.uasset" 94
"../../../ue4_client/Content/StarterContent/Shapes/Shape_Plane.uasset" 95
"../../../ue4_client/Content/StarterContent/Shapes/Shape_Torus.uasset" 96
"../../../ue4_client/Content/StarterContent/Shapes/Shape_Trim.uasset" 97
"../../../ue4_client/Content/StarterContent/Shapes/Shape_Trim_90_In.uasset" 98
"../../../ue4_client/Content/StarterContent/Shapes/Shape_Trim_90_Out.uasset" 99
"../../../ue4_client/Content/StarterContent/Shapes/Shape_TriPyramid.uasset" 100
"../../../ue4_client/Content/StarterContent/Shapes/Shape_Tube.uasset" 101
"../../../ue4_client/Content/StarterContent/Shapes/Shape_Wedge_A.uasset" 102
"../../../ue4_client/Content/StarterContent/Shapes/Shape_Wedge_B.uasset" 103
"../../../ue4_client/Content/StarterContent/Shapes/Shape_WideCapsule.uasset" 104
"../../../ue4_client/Content/Mannequin/Animations/ThirdPerson_Jump.uasset" 105
"../../../ue4_client/Content/Mannequin/Animations/ThirdPersonJump_Loop.uasset" 106
"../../../ue4_client/Content/Mannequin/Animations/ThirdPersonJump_Start.uasset" 107
"../../../ue4_client/Content/Mannequin/Animations/ThirdPersonIdle.uasset" 108
"../../../ue4_client/Content/Mannequin/Animations/ThirdPersonRun.uasset" 109
"../../../ue4_client/Content/Mannequin/Animations/ThirdPersonWalk.uasset" 110
"../../../ue4_client/Content/Mannequin/Animations/ThirdPerson_IdleRun_2D.uasset" 111
"../../../Engine/Content/EditorBlueprintResources/StandardMacros.uasset" 112
"../../../ue4_client/Content/Mannequin/Animations/ThirdPerson_AnimBP.uasset" 113
"../../../Engine/Content/Functions/MaterialLayerFunctions/MatLayerBlend_NormalBlend.uasset" 114
"../../../Engine/Content/Functions/MaterialLayerFunctions/MatLayerBlend_Simple.uasset" 115
"../../../ue4_client/Content/Mannequin/Character/Materials/MaterialLayers/T_ML_Rubber_Blue_01_D.uasset" 116
"../../../ue4_client/Content/Mannequin/Character/Materials/MaterialLayers/T_ML_Rubber_Blue_01_N.uasset" 117
"../../../ue4_client/Content/Mannequin/Character/Materials/MaterialLayers/ML_GlossyBlack_Latex_UE4.uasset" 118
"../../../ue4_client/Content/Mannequin/Character/Materials/MaterialLayers/ML_Plastic_Shiny_Beige.uasset" 119
"../../../ue4_client/Content/Mannequin/Character/Textures/UE4_LOGO_CARD.uasset" 120
"../../../ue4_client/Content/Mannequin/Character/Materials/MaterialLayers/ML_Plastic_Shiny_Beige_LOGO.uasset" 121
"../../../ue4_client/Content/Mannequin/Character/Materials/MaterialLayers/T_ML_Aluminum01.uasset" 122
"../../../ue4_client/Content/Mannequin/Character/Materials/MaterialLayers/T_ML_Aluminum01_N.uasset" 123
"../../../ue4_client/Content/Mannequin/Character/Materials/MaterialLayers/ML_SoftMetal_UE4.uasset" 124
"../../../ue4_client/Content/Mannequin/Character/Textures/UE4_Mannequin__normals.uasset" 125
"../../../ue4_client/Content/Mannequin/Character/Textures/UE4_Mannequin_MAT_MASKA.uasset" 126
"../../../ue4_client/Content/Mannequin/Character/Materials/M_UE4Man_Body.uasset" 127
"../../../ue4_client/Content/Mannequin/Character/Textures/UE4Man_Logo_N.uasset" 128
"../../../ue4_client/Content/Mannequin/Character/Materials/M_UE4Man_ChestLogo.uasset" 129
"../../../ue4_client/Content/Mannequin/Character/Mesh/SK_Mannequin_PhysicsAsset.uasset" 130
"../../../ue4_client/Content/Mannequin/Character/Mesh/SK_Mannequin.uasset" 131
"../../../ue4_client/Content/ThirdPersonBP/Blueprints/ThirdPersonCharacter.uasset" 132
"../../../Engine/Content/Functions/Engine_MaterialFunctions01/Opacity/CameraDepthFade.uasset" 133
"../../../Engine/Content/EngineMaterials/T_Default_Material_Grid_M.uasset" 134
"../../../Engine/Content/EngineMaterials/T_Default_Material_Grid_N.uasset" 135
"../../../Engine/Content/EngineMaterials/DefaultMaterial.uasset" 136
"../../../Engine/Content/BasicShapes/Cone.uasset" 137
"../../../Engine/Content/BasicShapes/Cylinder.uasset" 138
"../../../Engine/Content/EngineMaterials/WorldGridMaterial.uasset" 139
"../../../Engine/Content/BasicShapes/Plane.uasset" 140
"../../../Engine/Content/BasicShapes/Sphere.uasset" 141
"../../../Engine/Content/EditorLandscapeResources/DataLayer.uasset" 142
"../../../Engine/Content/EditorMaterials/GizmoMaterial.uasset" 143
"../../../Engine/Content/EditorMaterials/MAT_Groups_Toggle.uasset" 144
"../../../Engine/Content/EditorMaterials/MAT_Groups_Visibility.uasset" 145
"../../../Engine/Content/EditorMaterials/PreviewShadowIndicator.uasset" 146
"../../../Engine/Content/EditorMaterials/PreviewShadowIndicatorMaterial.uasset" 147
"../../../Engine/Content/EditorMaterials/MatineeGroups/MAT_ColorTrack.uasset" 148
"../../../Engine/Content/EditorMaterials/MatineeGroups/MAT_Groups_Anim.uasset" 149
"../../../Engine/Content/EditorMaterials/MatineeGroups/MAT_Groups_AudioMaster.uasset" 150
"../../../Engine/Content/EditorMaterials/MatineeGroups/MAT_Groups_Director.uasset" 151
"../../../Engine/Content/EditorMaterials/MatineeGroups/MAT_Groups_Event.uasset" 152
"../../../Engine/Content/EditorMaterials/MatineeGroups/MAT_Groups_Fade.uasset" 153
"../../../Engine/Content/EditorMaterials/MatineeGroups/MAT_Groups_Float.uasset" 154
"../../../Engine/Content/EditorMaterials/MatineeGroups/MAT_Groups_Move.uasset" 155
"../../../Engine/Content/EditorMaterials/MatineeGroups/MAT_Groups_Slomo.uasset" 156
"../../../Engine/Content/EditorMaterials/MatineeGroups/MAT_Groups_Sound.uasset" 157
"../../../Engine/Content/EditorMaterials/MatineeGroups/MAT_Groups_Vector.uasset" 158
"../../../Engine/Content/EditorMaterials/ParticleSystems/PSysThumbnail_NoImage.uasset" 159
"../../../Engine/Content/EditorMaterials/ParticleSystems/PSysThumbnail_OOD.uasset" 160
"../../../Engine/Content/EditorMaterials/Camera/CineMat.uasset" 161
"../../../Engine/Content/EditorMaterials/Camera/MI_CineMat_Rig.uasset" 162
"../../../Engine/Content/EditorMeshes/Camera/SM_CraneRig_Arm.uasset" 163
"../../../Engine/Content/EditorMeshes/Camera/SM_CraneRig_Base.uasset" 164
"../../../Engine/Content/EditorMeshes/Camera/SM_CraneRig_Body.uasset" 165
"../../../Engine/Content/EditorMeshes/Camera/SM_CraneRig_Mount.uasset" 166
"../../../Engine/Content/EditorMeshes/Camera/SM_RailRig_Mount.uasset" 167
"../../../Engine/Content/EditorMeshes/Camera/SM_RailRig_Track.uasset" 168
"../../../Engine/Content/EditorResources/BSPVertex.uasset" 169
"../../../Engine/Content/EditorResources/EmptyActor.uasset" 170
"../../../Engine/Content/EditorResources/S_Actor.uasset" 171
"../../../Engine/Content/EditorResources/S_Trigger.uasset" 172
"../../../Engine/Content/EditorResources/AudioIcons/S_AudioComponent.uasset" 173
"../../../Engine/Content/EditorResources/AudioIcons/S_AudioComponent_AutoActivate.uasset" 174
"../../../Engine/Content/EditorResources/LightIcons/S_LightError.uasset" 175
"../../../Engine/Content/EditorResources/SequenceRecorder/Countdown.uasset" 176
"../../../Engine/Content/EditorResources/SequenceRecorder/RecordingIndicator.uasset" 177
"../../../Engine/Content/EditorSounds/Notifications/CompileFailed.uasset" 178
"../../../Engine/Content/EditorSounds/Notifications/CompileFailed_Cue.uasset" 179
"../../../Engine/Content/EditorSounds/Notifications/CompileSuccess.uasset" 180
"../../../Engine/Content/EditorSounds/Notifications/CompileStart_Cue.uasset" 181
"../../../Engine/Content/EditorSounds/Notifications/CompileSuccess_Cue.uasset" 182
"../../../Engine/Content/EngineDamageTypes/DmgTypeBP_Environmental.uasset" 183
"../../../Engine/Content/EngineDebugMaterials/HeatmapGradient.uasset" 184
"../../../Engine/Content/EngineDebugMaterials/BoneWeightMaterial.uasset" 185
"../../../Engine/Content/EngineDebugMaterials/ClothMaterial.uasset" 186
"../../../Engine/Content/EngineDebugMaterials/ClothMaterial_WF.uasset" 187
"../../../Engine/Content/EngineDebugMaterials/DebugEditorMaterial.uasset" 188
"../../../Engine/Content/EngineDebugMaterials/DebugMeshMaterial.uasset" 189
"../../../Engine/Content/EngineDebugMaterials/GeomMaterial.uasset" 190
"../../../Engine/Content/EngineFonts/Faces/RobotoBold.uasset" 191
"../../../Engine/Content/EngineFonts/Faces/RobotoBoldItalic.uasset" 192
"../../../Engine/Content/EngineFonts/Faces/RobotoItalic.uasset" 193
"../../../Engine/Content/EngineFonts/Faces/RobotoLight.uasset" 194
"../../../Engine/Content/EngineFonts/Faces/RobotoRegular.uasset" 195
"../../../Engine/Content/EngineFonts/Roboto.uasset" 196
"../../../Engine/Content/EngineFonts/Faces/RobotoTiny.uasset" 197
"../../../Engine/Content/EngineFonts/RobotoTiny.uasset" 198
"../../../Engine/Content/EngineMaterials/DefaultBloomKernel.uasset" 199
"../../../Engine/Content/EngineMaterials/DefaultBokeh.uasset" 200
"../../../Engine/Content/EngineMaterials/DefaultDiffuse.uasset" 201
"../../../Engine/Content/EngineMaterials/DefaultDeferredDecalMaterial.uasset" 202
"../../../Engine/Content/EngineMaterials/DefaultLightFunctionMaterial.uasset" 203
"../../../Engine/Content/EngineMaterials/DefaultPhysicalMaterial.uasset" 204
"../../../Engine/Content/Functions/Engine_MaterialFunctions02/Utility/BreakOutFloat2Components.uasset" 205
"../../../Engine/Content/EngineMaterials/DefaultPostProcessMaterial.uasset" 206
"../../../Engine/Content/EngineFonts/RobotoDistanceField.uasset" 207
"../../../Engine/Content/EngineMaterials/DefaultTextMaterialOpaque.uasset" 208
"../../../Engine/Content/EngineMaterials/DefaultWhiteGrid.uasset" 209
"../../../Engine/Content/EngineMaterials/EditorBrushMaterial.uasset" 210
"../../../Engine/Content/EngineMaterials/Good64x64TilingNoiseHighFreq.uasset" 211
"../../../Engine/Content/EngineMaterials/MiniFont.uasset" 212
"../../../Engine/Content/EngineMaterials/InvalidLightmapSettings.uasset" 213
"../../../Engine/Content/EngineMaterials/M_InvalidLightmapSettings.uasset" 214
"../../../Engine/Content/Functions/Engine_MaterialFunctions02/WorldPositionOffset/CameraOffset.uasset" 215
"../../../Engine/Content/EngineMaterials/PhAT_JointLimitMaterial.uasset" 216
"../../../Engine/Content/EngineMaterials/PreintegratedSkinBRDF.uasset" 217
"../../../Engine/Content/EngineMaterials/RemoveSurfaceMaterial.uasset" 218
"../../../Engine/Content/EngineMaterials/WeightMapPlaceholderTexture.uasset" 219
"../../../Engine/Content/EngineResources/WhiteSquareTexture.uasset" 220
"../../../Engine/Content/EngineMaterials/Widget3DPassThrough.uasset" 221
"../../../Engine/Content/EngineMaterials/Widget3DPassThrough_Masked.uasset" 222
"../../../Engine/Content/EngineMaterials/Widget3DPassThrough_Opaque.uasset" 223
"../../../Engine/Content/EngineMaterials/Widget3DPassThrough_Masked_OneSided.uasset" 224
"../../../Engine/Content/EngineMaterials/Widget3DPassThrough_Opaque_OneSided.uasset" 225
"../../../Engine/Content/EngineMaterials/Widget3DPassThrough_Translucent.uasset" 226
"../../../Engine/Content/EngineMaterials/Widget3DPassThrough_Translucent_OneSided.uasset" 227
"../../../Engine/Content/EngineMeshes/Cube.uasset" 228
"../../../Engine/Content/EngineMeshes/Cylinder.uasset" 229
"../../../Engine/Content/EngineMeshes/Sphere.uasset" 230
"../../../Engine/Content/EngineResources/Black.uasset" 231
"../../../Engine/Content/EngineResources/DefaultTexture.uasset" 232
"../../../Engine/Content/EngineResources/DefaultTextureCube.uasset" 233
"../../../Engine/Content/EngineResources/GradientTexture0.uasset" 234
"../../../Engine/Content/EngineSounds/Master.uasset" 235
"../../../Engine/Content/Functions/Engine_MaterialFunctions01/Shading/ConvertFromDiffSpec.uasset" 236
"../../../Engine/Content/Functions/Engine_MaterialFunctions01/Shading/PowerToRoughness.uasset" 237
"../../../Engine/Content/Maps/Templates/Thumbnails/Default.uasset" 238
"../../../Engine/Content/Maps/Templates/Thumbnails/VR-Basic.uasset" 239
"../../../Engine/Content/MobileResources/T_MobileControls_texture.uasset" 240
"../../../Engine/Content/MobileResources/T_MobileMenu2.uasset" 241
"../../../Engine/Content/MobileResources/HUD/AnalogHat.uasset" 242
"../../../Engine/Content/MobileResources/HUD/VirtualJoystick_Background.uasset" 243
"../../../Engine/Content/MobileResources/HUD/VirtualJoystick_Thumb.uasset" 244
"../../../Engine/Content/MobileResources/HUD/DefaultVirtualJoysticks.uasset" 245
"../../../Engine/Content/MobileResources/HUD/LeftVirtualJoystickOnly.uasset" 246
"../../../Engine/Content/MobileResources/HUD/MobileHUDButton1_off.uasset" 247
"../../../Engine/Content/MobileResources/HUD/MobileHUDButton1_on.uasset" 248
"../../../Engine/Content/MobileResources/HUD/MobileHUDButton2_off.uasset" 249
"../../../Engine/Content/MobileResources/HUD/MobileHUDButton2_on.uasset" 250
"../../../Engine/Content/MobileResources/HUD/MobileHUDButton3.uasset" 251
"../../../Engine/Content/MobileResources/HUD/MobileHUDButtonFire.uasset" 252
"../../../Engine/Content/MobileResources/HUD/MobileHUDDirectionPad.uasset" 253
"../../../Engine/Content/MobileResources/HUD/MobileHUDDirectionPad2.uasset" 254
"../../../Engine/Content/MobileResources/HUD/MobileHUDDirectionPad3.uasset" 255
"../../../Engine/Content/MobileResources/HUD/MobileHUDDirectionStick.uasset" 256
"../../../Engine/Content/MobileResources/HUD/T_Castle_ThumbstickInner.uasset" 257
"../../../Engine/Content/MobileResources/HUD/T_Castle_ThumbstickOutter.uasset" 258
"../../../Engine/Content/Tutorial/ContentIntroCurve.uasset" 259
"../../../Engine/Content/Tutorial/Basics/TutorialAssets/icon_tab_Levels_40x.uasset" 260
"../../../Engine/Content/Tutorial/BlueprintTutorials/TutorialAssets/BlueprintInterface_64x.uasset" 261
"../../../Engine/Content/Tutorial/BlueprintTutorials/TutorialAssets/BlueprintMacroLibrary_64x.uasset" 262
"../../../Engine/Content/Tutorial/BlueprintTutorials/TutorialAssets/Blueprint_64x.uasset" 263
"../../../Engine/Content/Tutorial/BlueprintTutorials/TutorialAssets/Tutorial_BP_Interface.uasset" 264
"../../../Engine/Content/Tutorial/Foliage/TutorialAssets/Foliage.uasset" 265
"../../../Engine/Content/Tutorial/Landscape/TutorialAssets/Landscape.uasset" 266
"../../../Engine/Content/Tutorial/Paper2D/TutorialAssets/Paper2DFlipbook_TutorialIcon.uasset" 267
"../../../Engine/Content/Tutorial/Paper2D/TutorialAssets/Paper2DSprite_TutorialIcon.uasset" 268
"../../../Engine/Content/Tutorial/SubEditors/TutorialAssets/icon_Editor_Preferences_General_40x.uasset" 269
"../../../Engine/Content/Tutorial/SubEditors/TutorialAssets/icon_ShowSkeletalMeshes_40x.uasset" 270
"../../../Engine/Content/Tutorial/SubEditors/TutorialAssets/TutorialMaterial.uasset" 271
"../../../Engine/Content/Tutorial/SubEditors/TutorialAssets/T_SmokeSubUV_8X8.uasset" 272
"../../../Engine/Content/Tutorial/SubEditors/TutorialAssets/T_soft_smoke.uasset" 273
"../../../Engine/Content/Tutorial/SubEditors/TutorialAssets/M_smoke_subUV_blackbody.uasset" 274
"../../../Engine/Content/Tutorial/SubEditors/TutorialAssets/TutorialParticleSystem.uasset" 275
"../../../Engine/Content/VREditor/Devices/Generic/GenericHMDMaterial.uasset" 276
"../../../Engine/Content/VREditor/Devices/Generic/GenericHMD.uasset" 277
"../../../Engine/Content/VREditor/FloatingText/LineMaterial.uasset" 278
"../../../Engine/Content/VREditor/FloatingText/JointSphere.uasset" 279
"../../../Engine/Content/VREditor/FloatingText/LineSegmentCylinder.uasset" 280
"../../../Engine/Content/VREditor/Fonts/VRText_RobotoLarge.uasset" 281
"../../../Engine/Content/VREditor/Fonts/VRTextMaterial.uasset" 282
"../../../Engine/Content/VREditor/Fonts/TranslucentVRTextMaterial.uasset" 283
"../../../Engine/Content/VREditor/LaserPointer/CursorPointer.uasset" 284
"../../../Engine/Content/VREditor/LaserPointer/VR_LaserPower_01.uasset" 285
"../../../Engine/Content/VREditor/TransformGizmo/TransformGizmoMaterial.uasset" 286
"../../../Engine/Content/VREditor/LaserPointer/HoverMaterial.uasset" 287
"../../../Engine/Content/VREditor/TransformGizmo/TranslucentTransformGizmoMaterial.uasset" 288
"../../../Engine/Content/VREditor/LaserPointer/TranslucentHoverMaterial.uasset" 289
"../../../Engine/Content/VREditor/LaserPointer/HoverMesh.uasset" 290
"../../../Engine/Content/VREditor/LaserPointer/LaserPointerMaterial.uasset" 291
"../../../Engine/Content/VREditor/LaserPointer/LaserPointerMaterialInst.uasset" 292
"../../../Engine/Content/VREditor/LaserPointer/TranslucentLaserPointerMaterialInst.uasset" 293
"../../../Engine/Content/VREditor/LaserPointer/LaserPointerMesh.uasset" 294
"../../../Engine/Content/VREditor/LaserPointer/LaserPointerMesh_End.uasset" 295
"../../../Engine/Content/VREditor/LaserPointer/LaserPointerMesh_Start.uasset" 296
"../../../Engine/Content/Functions/Engine_MaterialFunctions02/Utility/BreakOutFloat3Components.uasset" 297
"../../../Engine/Content/Functions/Engine_MaterialFunctions02/Math/Transform3x3Matrix.uasset" 298
"../../../Engine/Content/Functions/Engine_MaterialFunctions02/SplitComponents.uasset" 299
"../../../Engine/Content/Functions/Engine_MaterialFunctions02/Utility/MakeFloat3.uasset" 300
"../../../Engine/Content/VREditor/SnapGrid/SnapGridMaterial.uasset" 301
"../../../Engine/Content/VREditor/SnapGrid/SnapGridPlaneMesh.uasset" 302
"../../../Engine/Content/VREditor/Sounds/VR_teleport.uasset" 303
"../../../Engine/Content/VREditor/Sounds/UI/Click_on_Button_Cue.uasset" 304
"../../../Engine/Content/VREditor/Sounds/UI/Dockable_Window_Close.uasset" 305
"../../../Engine/Content/VREditor/Sounds/UI/Dockable_Window_Drop.uasset" 306
"../../../Engine/Content/VREditor/Sounds/UI/Dockable_Window_Open.uasset" 307
"../../../Engine/Content/VREditor/Sounds/UI/Dockable_Window_Pick_Up.uasset" 308
"../../../Engine/Content/VREditor/Sounds/UI/Drop_Item_From_ContentBrowser.uasset" 309
"../../../Engine/Content/VREditor/Sounds/UI/Floating_UI_Open-001.uasset" 310
"../../../Engine/Content/VREditor/Sounds/UI/Gizmo_Handle_Clicked.uasset" 311
"../../../Engine/Content/VREditor/Sounds/UI/Object_PickUp.uasset" 312
"../../../Engine/Content/VREditor/Sounds/UI/Object_Snaps_To_Another_Actor.uasset" 313
"../../../Engine/Content/VREditor/Sounds/UI/Object_Snaps_To_Grid.uasset" 314
"../../../Engine/Content/VREditor/Sounds/UI/Radial_Menu_FadeOut.uasset" 315
"../../../Engine/Content/VREditor/Sounds/UI/Scaling_Down.uasset" 316
"../../../Engine/Content/VREditor/Sounds/UI/Scaling_Up.uasset" 317
"../../../Engine/Content/VREditor/Sounds/UI/Selection_Changes.uasset" 318
"../../../Engine/Content/VREditor/Sounds/UI/Teleport_Mode_Entered.uasset" 319
"../../../Engine/Content/VREditor/Teleport/TeleportDirectionMaterial.uasset" 320
"../../../Engine/Content/VREditor/Teleport/TeleportDirectionMaterial_Inst.uasset" 321
"../../../Engine/Content/VREditor/Teleport/TeleportDirectionMesh.uasset" 322
"../../../Engine/Content/VREditor/TransformGizmo/BoundingBoxCorner.uasset" 323
"../../../Engine/Content/VREditor/TransformGizmo/BoundingBoxEdge.uasset" 324
"../../../Engine/Content/VREditor/TransformGizmo/PlaneTranslationHandle.uasset" 325
"../../../Engine/Content/VREditor/TransformGizmo/RotationHandleFull.uasset" 326
"../../../Engine/Content/VREditor/TransformGizmo/RotationHandleIndicator.uasset" 327
"../../../Engine/Content/VREditor/TransformGizmo/RotationHandleQuarter.uasset" 328
"../../../Engine/Content/VREditor/TransformGizmo/Main.uasset" 329
"../../../Engine/Content/VREditor/TransformGizmo/Xray.uasset" 330
"../../../Engine/Content/VREditor/TransformGizmo/SM_Dialog_Close.uasset" 331
"../../../Engine/Content/VREditor/TransformGizmo/SM_Dialog_Move.uasset" 332
"../../../Engine/Content/VREditor/TransformGizmo/SM_Sequencer_Key.uasset" 333
"../../../Engine/Content/VREditor/TransformGizmo/SM_Sequencer_Node.uasset" 334
"../../../Engine/Content/VREditor/TransformGizmo/StartRotationHandleIndicator.uasset" 335
"../../../Engine/Content/VREditor/TransformGizmo/TranslucentTransformGizmoMaterial_Inst.uasset" 336
"../../../Engine/Content/VREditor/TransformGizmo/TransformGizmoFreeRotation.uasset" 337
"../../../Engine/Content/VREditor/TransformGizmo/TransformGizmoMaterial_Inst.uasset" 338
"../../../Engine/Content/VREditor/TransformGizmo/TranslateArrowHandle.uasset" 339
"../../../Engine/Content/VREditor/TransformGizmo/UniformScaleHandle.uasset" 340
"../../../Engine/Content/VREditor/UI/KeyDiskMaterial.uasset" 341
"../../../Engine/Content/VREditor/UI/DiscMaterial.uasset" 342
"../../../Engine/Content/VREditor/UI/SM_Radial_Disk.uasset" 343
"../../../Engine/Content/VREditor/WorldMovementGrid/SimpleGrid.uasset" 344
"../../../Engine/Content/VREditor/WorldMovementGrid/GridMaterial.uasset" 345
"../../../Engine/Content/Functions/Engine_MaterialFunctions01/Density/ExponentialDensity.uasset" 346
"../../../Engine/Content/VREditor/WorldMovementGrid/GridPostProcess.uasset" 347
"../../../Engine/Content/EditorLandscapeResources/FlattenHeightMat.uasset" 348
"../../../Engine/Content/VREditor/WorldMovementGrid/PlaneMesh.uasset" 349
"../../../Engine/Plugins/2D/Paper2D/Content/PlaceholderTextures/DummySpriteTexture.uasset" 350
"../../../Engine/Plugins/2D/Paper2D/Content/DummySprite.uasset" 351
"../../../Engine/Plugins/2D/Paper2D/Content/DefaultPaperTerrainMaterial.uasset" 352
"../../../Engine/Plugins/2D/Paper2D/Content/DefaultSpriteMaterial.uasset" 353
"../../../Engine/Plugins/2D/Paper2D/Content/MaskedUnlitSpriteMaterial.uasset" 354
"../../../Engine/Plugins/2D/Paper2D/Content/OpaqueUnlitSpriteMaterial.uasset" 355
"../../../Engine/Plugins/Media/MediaCompositing/Content/DefaultMediaPlaneMaterial.uasset" 356
"../../../Engine/Content/Functions/Engine_MaterialFunctions01/Texturing/ScaleUVsByCenter.uasset" 357
"../../../Engine/Content/Functions/Engine_MaterialFunctions02/Utility/MakeFloat4.uasset" 358
"../../../Engine/Plugins/Runtime/AppleARKit/Content/ARKitCameraMaterial.uasset" 359
"../../../Engine/Plugins/Runtime/Oculus/OculusVR/Content/Textures/GearVRController_AO.uasset" 360
"../../../Engine/Plugins/Runtime/Oculus/OculusVR/Content/Textures/GearVRController_Color.uasset" 361
"../../../Engine/Plugins/Runtime/Oculus/OculusVR/Content/Textures/GearVRController_Normal.uasset" 362
"../../../Engine/Plugins/Runtime/Oculus/OculusVR/Content/Materials/GearVRControllerMaterial.uasset" 363
"../../../Engine/Plugins/Runtime/Oculus/OculusVR/Content/Meshes/GearVrController.uasset" 364
"../../../ue4_client/Content/Maps/LoadingScreen.umap" 365
"../../../Engine/Content/EngineSky/C_Sky_Cloud_Color.uasset" 366
"../../../Engine/Content/EngineSky/C_Sky_Horizon_Color.uasset" 367
"../../../Engine/Content/EngineSky/C_Sky_Zenith_Color.uasset" 368
"../../../Engine/Content/EngineSky/T_Sky_Blue.uasset" 369
"../../../Engine/Content/EngineSky/T_Sky_Clouds_M.uasset" 370
"../../../Engine/Content/EngineSky/T_Sky_Stars.uasset" 371
"../../../Engine/Content/EngineSky/M_Sky_Panning_Clouds2.uasset" 372
"../../../Engine/Content/EngineSky/SM_SkySphere.uasset" 373
"../../../Engine/Content/EngineSky/BP_Sky_Sphere.uasset" 374
"../../../Engine/Content/EditorBlueprintResources/ActorMacros.uasset" 375
"../../../ue4_client/Content/Blueprints/All_levels/PlayerInfo.uasset" 376
"../../../ue4_client/Content/Blueprints/All_levels/PlayerSaveGame.uasset" 377
"../../../ue4_client/Content/StarterContent/Textures/T_Spark_Core.uasset" 378
"../../../ue4_client/Content/UI/MainMenu/OptionsMenu.uasset" 379
"../../../ue4_client/Content/UI/All_levels/LoadingScreen.uasset" 380
"../../../ue4_client/Content/UI/MainMenu/ErrorDialog.uasset" 381
"../../../ue4_client/Content/UI/MainMenu/HostMenu.uasset" 382
"../../../ue4_client/Content/UI/MainMenu/MainMenu.uasset" 383
"../../../ue4_client/Content/UI/MainMenu/ServerMenu.uasset" 384
"../../../ue4_client/Content/Blueprints/All_levels/GameInfoInstance.uasset" 385
"../../../ue4_client/Content/InfinityBladeWarriors/Animations/ThirdPerson_Jump.uasset" 386
"../../../ue4_client/Content/InfinityBladeWarriors/Animations/ThirdPersonJump_Loop.uasset" 387
"../../../ue4_client/Content/InfinityBladeWarriors/Animations/ThirdPersonJump_Start.uasset" 388
"../../../ue4_client/Content/InfinityBladeWarriors/Animations/ThirdPersonIdle.uasset" 389
"../../../ue4_client/Content/InfinityBladeWarriors/Animations/ThirdPersonRun.uasset" 390
"../../../ue4_client/Content/InfinityBladeWarriors/Animations/ThirdPersonWalk.uasset" 391
"../../../ue4_client/Content/InfinityBladeWarriors/Animations/ThirdPerson_IdleRun_2D.uasset" 392
"../../../ue4_client/Content/InfinityBladeWarriors/Animations/0_BaseAnimateBP.uasset" 393
"../../../ue4_client/Content/Blueprints/Characters/0_Base.uasset" 394
"../../../ue4_client/Content/InfinityBladeWarriors/Character/CompleteCharacters/Textures_Materials/CharM_Barbarous/T_CharM_Barbarous_D.uasset" 395
"../../../ue4_client/Content/InfinityBladeWarriors/Character/CompleteCharacters/Textures_Materials/CharM_Barbarous/M_Char_Barbrous.uasset" 396
"../../../ue4_client/Content/InfinityBladeWarriors/Character/CompleteCharacters/SK_CharM_Barbarous.uasset" 397
"../../../ue4_client/Content/Blueprints/Characters/Hacker_Armed.uasset" 398
"../../../ue4_client/Content/InfinityBladeWarriors/Character/CompleteCharacters/Textures_Materials/CharM_Forge/CharM_Forge_D.uasset" 399
"../../../ue4_client/Content/InfinityBladeWarriors/Character/CompleteCharacters/Textures_Materials/CharM_Forge/CharM_Forge_MetalMask.uasset" 400
"../../../ue4_client/Content/InfinityBladeWarriors/Character/CompleteCharacters/Textures_Materials/CharM_Forge/CharM_Forge_N.uasset" 401
"../../../ue4_client/Content/InfinityBladeWarriors/Character/CompleteCharacters/Textures_Materials/CharM_Forge/M_Char_Forge.uasset" 402
"../../../ue4_client/Content/InfinityBladeWarriors/Character/CompleteCharacters/SK_CharM_Forge.uasset" 403
"../../../ue4_client/Content/Blueprints/Characters/Hacker_Engineer.uasset" 404
"../../../ue4_client/Content/Blueprints/Characters/Hacker_Tech.uasset" 405
"../../../ue4_client/Content/InfinityBladeWarriors/Character/CompleteCharacters/Textures_Materials/CharM_Shell/T_CharM_Shell_D.uasset" 406
"../../../ue4_client/Content/InfinityBladeWarriors/Character/CompleteCharacters/Textures_Materials/CharM_Shell/T_CharM_Shell_Mask.uasset" 407
"../../../ue4_client/Content/InfinityBladeWarriors/Character/CompleteCharacters/Textures_Materials/CharM_Shell/T_CharM_Shell_N.uasset" 408
"../../../ue4_client/Content/InfinityBladeWarriors/Character/CompleteCharacters/Textures_Materials/CharM_Shell/M_Char_Shell.uasset" 409
"../../../ue4_client/Content/InfinityBladeWarriors/Character/CompleteCharacters/SK_CharM_Shell.uasset" 410
"../../../ue4_client/Content/Blueprints/Characters/IT_Guard.uasset" 411
"../../../ue4_client/Content/Blueprints/Characters/IT_Pentester.uasset" 412
"../../../ue4_client/Content/Blueprints/Characters/IT_Tech.uasset" 413
"../../../ue4_client/Content/Textures/char_01.uasset" 414
"../../../ue4_client/Content/Textures/char_02.uasset" 415
"../../../ue4_client/Content/UI/Lobby/CharacterSelect.uasset" 416
"../../../ue4_client/Content/Blueprints/Gameplay/GameplayGM.uasset" 417
"../../../ue4_client/Content/UI/All_levels/GameplayUI.uasset" 418
"../../../ue4_client/Content/Blueprints/Gameplay/GameplayPC.uasset" 419
"../../../ue4_client/Content/UI/All_levels/ChatText.uasset" 420
"../../../ue4_client/Content/UI/All_levels/ChatWindow.uasset" 421
"../../../ue4_client/Content/UI/Lobby/ConnectedPlayer.uasset" 422
"../../../ue4_client/Content/Textures/map_01.uasset" 423
"../../../ue4_client/Content/Textures/map_02.uasset" 424
"../../../ue4_client/Content/UI/Lobby/PlayerButton.uasset" 425
"../../../ue4_client/Content/UI/Lobby/GameSettings.uasset" 426
"../../../ue4_client/Content/UI/Lobby/LobbyMenu.uasset" 427
"../../../ue4_client/Content/Blueprints/Lobby/LobbyPC.uasset" 428
"../../../ue4_client/Content/Blueprints/Lobby/LobbyGM.uasset" 429
"../../../ue4_client/Content/Maps/Lobby_BuiltData.uasset" 430
"../../../Engine/Content/MapTemplates/SM_Template_Map_Floor.uasset" 431
"../../../ue4_client/Content/Maps/Lobby.umap" 432
"../../../ue4_client/Content/ThirdPersonBP/Blueprints/ThirdPersonGameMode.uasset" 433
"../../../ue4_client/Content/Maps/MainMenu_BuiltData.uasset" 434
"../../../ue4_client/Content/Maps/MainMenu.umap" 435
"../../../ue4_client/Content/Maps/Map_01_BuiltData.uasset" 436
"../../../ue4_client/Content/Geometry/Meshes/CubeMaterial.uasset" 437
"../../../ue4_client/Content/Geometry/Meshes/1M_Cube.uasset" 438
"../../../ue4_client/Content/Geometry/Meshes/1M_Cube_Chamfer.uasset" 439
"../../../ue4_client/Content/Geometry/Meshes/TemplateFloor.uasset" 440
"../../../ue4_client/Content/ThirdPerson/Meshes/RampMaterial.uasset" 441
"../../../ue4_client/Content/ThirdPerson/Meshes/Bump_StaticMesh.uasset" 442
"../../../ue4_client/Content/ThirdPerson/Meshes/LeftArm_StaticMesh.uasset" 443
"../../../ue4_client/Content/ThirdPerson/Meshes/Linear_Stair_StaticMesh.uasset" 444
"../../../ue4_client/Content/ThirdPerson/Meshes/Ramp_StaticMesh.uasset" 445
"../../../ue4_client/Content/ThirdPerson/Meshes/RightArm_StaticMesh.uasset" 446
"../../../ue4_client/Content/Maps/Map_01.umap" 447
"../../../ue4_client/Content/Maps/Map_02_BuiltData.uasset" 448
"../../../ue4_client/Content/Maps/Map_02.umap" 449
"../../../Engine/Content/BasicShapes/BasicShapeMaterial.uasset" 450
"../../../ue4_client/Content/InfinityBladeWarriors/Character/CompleteCharacters/Textures_Materials/CharM_Standard/T_CharM_Standard_Elite_D.uasset" 451
"../../../ue4_client/Content/InfinityBladeWarriors/Character/CompleteCharacters/Textures_Materials/CharM_Standard/T_CharM_Standard_Mask.uasset" 452
"../../../ue4_client/Content/InfinityBladeWarriors/Character/CompleteCharacters/Textures_Materials/CharM_Standard/T_CharM_Standard_N.uasset" 453
"../../../ue4_client/Content/InfinityBladeWarriors/Character/CompleteCharacters/Textures_Materials/CharM_Standard/M_Char_Standard_Elite.uasset" 454
"../../../ue4_client/Content/InfinityBladeWarriors/Character/CompleteCharacters/Textures_Materials/CharM_Tusk/T_CharM_Horn_D.uasset" 455
"../../../ue4_client/Content/InfinityBladeWarriors/Character/CompleteCharacters/Textures_Materials/CharM_Tusk/T_CharM_Tusk_E.uasset" 456
"../../../ue4_client/Content/InfinityBladeWarriors/Character/CompleteCharacters/Textures_Materials/CharM_Tusk/T_CharM_Tusk_Mask.uasset" 457
"../../../ue4_client/Content/InfinityBladeWarriors/Character/CompleteCharacters/Textures_Materials/CharM_Tusk/T_CharM_Tusk_N.uasset" 458
"../../../ue4_client/Content/InfinityBladeWarriors/Character/CompleteCharacters/Textures_Materials/CharM_Tusk/M_Char_Horn.uasset" 459
"../../../ue4_client/Content/InfinityBladeWarriors/Character/CompleteCharacters/Textures_Materials/CharM_Tusk/T_CharM_Talon_D.uasset" 460
"../../../ue4_client/Content/InfinityBladeWarriors/Character/CompleteCharacters/Textures_Materials/CharM_Tusk/M_Char_Talon.uasset" 461
"../../../ue4_client/Content/InfinityBladeWarriors/Character/CompleteCharacters/Textures_Materials/CharM_Tusk/T_CharM_Tusk_D.uasset" 462
"../../../ue4_client/Content/InfinityBladeWarriors/Character/CompleteCharacters/Textures_Materials/CharM_Tusk/M_Char_Tusk.uasset" 463
"../../../ue4_client/Content/InfinityBladeWarriors/Character/CompleteCharacters/Textures_Materials/CharM_Warrior/T_CharM_Warrior_D.uasset" 464
"../../../ue4_client/Content/InfinityBladeWarriors/Character/CompleteCharacters/Textures_Materials/CharM_Warrior/T_CharM_Warrior_JewelMask.uasset" 465
"../../../ue4_client/Content/InfinityBladeWarriors/Character/CompleteCharacters/Textures_Materials/CharM_Warrior/T_CharM_Warrior_N.uasset" 466
"../../../ue4_client/Content/InfinityBladeWarriors/Character/CompleteCharacters/Textures_Materials/CharM_Warrior/T_CharM_WarriorB_Mask.uasset" 467
"../../../ue4_client/Content/InfinityBladeWarriors/Character/CompleteCharacters/Textures_Materials/CharM_Warrior/M_Char_Warrior.uasset" 468
"../../../Engine/Content/Functions/Engine_MaterialFunctions01/Gradient/RadialGradientExponential.uasset" 469
"../../../ue4_client/Content/InfinityBladeWarriors/Maps/LevelContent/Architecture/T_MeterGrid_01_M.uasset" 470
"../../../ue4_client/Content/InfinityBladeWarriors/Maps/LevelContent/Architecture/M_CycWall_01.uasset" 471
"../../../Engine/Content/BasicShapes/Cube.uasset" 472
"../../../Engine/Content/MapTemplates/lut/LUT_Daytime.uasset" 473
"../../../ue4_client/Content/InfinityBladeWarriors/Character/CompleteCharacters/Textures_Materials/CharM_Base/T_CharM_Base_D.uasset" 474
"../../../ue4_client/Content/InfinityBladeWarriors/Character/CompleteCharacters/Textures_Materials/CharM_Base/T_CharM_Base_M.uasset" 475
"../../../ue4_client/Content/InfinityBladeWarriors/Character/CompleteCharacters/Textures_Materials/CharM_Base/T_CharM_Base_N.uasset" 476
"../../../ue4_client/Content/InfinityBladeWarriors/Character/CompleteCharacters/Textures_Materials/CharM_Base/M_CharM_Base.uasset" 477
"../../../ue4_client/Content/InfinityBladeWarriors/Character/CompleteCharacters/sk_CharM_Base.uasset" 478
"../../../ue4_client/Content/InfinityBladeWarriors/Character/CompleteCharacters/Textures_Materials/CharM_Bladed/M_CharM_Bladed.uasset" 479
"../../../ue4_client/Content/InfinityBladeWarriors/Character/CompleteCharacters/SK_CharM_Bladed.uasset" 480
"../../../ue4_client/Content/InfinityBladeWarriors/Character/CompleteCharacters/Textures_Materials/CharM_Cardboard/Char_M_Cardboard_D.uasset" 481
"../../../ue4_client/Content/InfinityBladeWarriors/Character/CompleteCharacters/Textures_Materials/CharM_Cardboard/Char_M_Cardboard_N.uasset" 482
"../../../ue4_client/Content/InfinityBladeWarriors/Character/CompleteCharacters/Textures_Materials/CharM_Cardboard/Char_M_Cardboard_Skin_Mask.uasset" 483
"../../../ue4_client/Content/InfinityBladeWarriors/Character/CompleteCharacters/Textures_Materials/CharM_Cardboard/M_Char_Cardboard.uasset" 484
"../../../ue4_client/Content/InfinityBladeWarriors/Character/CompleteCharacters/SK_CharM_Cardboard.uasset" 485
"../../../ue4_client/Content/InfinityBladeWarriors/Character/CompleteCharacters/Textures_Materials/CharM_FrostGiant/T_Char_M_FrostGiant_D.uasset" 486
"../../../ue4_client/Content/InfinityBladeWarriors/Character/CompleteCharacters/Textures_Materials/CharM_FrostGiant/T_Char_M_FrostGiant_Masks.uasset" 487
"../../../ue4_client/Content/InfinityBladeWarriors/Character/CompleteCharacters/Textures_Materials/CharM_FrostGiant/T_Char_M_FrostGiant_MaterialMask.uasset" 488
"../../../ue4_client/Content/InfinityBladeWarriors/Character/CompleteCharacters/Textures_Materials/CharM_FrostGiant/T_Char_M_FrostGiant_N.uasset" 489
"../../../ue4_client/Content/InfinityBladeWarriors/Character/CompleteCharacters/Textures_Materials/CharM_FrostGiant/M_Char_FrostGiant.uasset" 490
"../../../ue4_client/Content/InfinityBladeWarriors/Character/CompleteCharacters/SK_CharM_FrostGiant.uasset" 491
"../../../ue4_client/Content/InfinityBladeWarriors/Character/CompleteCharacters/Textures_Materials/CharM_Golden/T_CharM_Golden_D.uasset" 492
"../../../ue4_client/Content/InfinityBladeWarriors/Character/CompleteCharacters/Textures_Materials/CharM_Golden/T_CharM_Golden_Mask.uasset" 493
"../../../ue4_client/Content/InfinityBladeWarriors/Character/CompleteCharacters/Textures_Materials/CharM_Golden/T_CharM_Golden_N.uasset" 494
"../../../ue4_client/Content/InfinityBladeWarriors/Character/CompleteCharacters/Textures_Materials/CharM_Golden/M_Char_Golden.uasset" 495
"../../../ue4_client/Content/InfinityBladeWarriors/Character/CompleteCharacters/SK_CharM_Golden.uasset" 496
"../../../ue4_client/Content/InfinityBladeWarriors/Character/CompleteCharacters/Textures_Materials/CharM_Natural/T_CharM_Natural_D.uasset" 497
"../../../ue4_client/Content/InfinityBladeWarriors/Character/CompleteCharacters/Textures_Materials/CharM_Natural/T_CharM_Natural_Mask.uasset" 498
"../../../ue4_client/Content/InfinityBladeWarriors/Character/CompleteCharacters/Textures_Materials/CharM_Natural/T_CharM_Natural_N.uasset" 499
"../../../ue4_client/Content/InfinityBladeWarriors/Character/CompleteCharacters/Textures_Materials/CharM_Natural/M_Char_Natural.uasset" 500
"../../../ue4_client/Content/InfinityBladeWarriors/Character/CompleteCharacters/SK_CharM_Natural.uasset" 501
"../../../ue4_client/Content/InfinityBladeWarriors/Character/CompleteCharacters/Textures_Materials/CharM_Ragged/T_CharM_Ragged_D.uasset" 502
"../../../ue4_client/Content/InfinityBladeWarriors/Character/CompleteCharacters/Textures_Materials/CharM_Ragged/T_CharM_Ragged_Elite_Mask.uasset" 503
"../../../ue4_client/Content/InfinityBladeWarriors/Character/CompleteCharacters/Textures_Materials/CharM_Ragged/T_CharM_Ragged_N.uasset" 504
"../../../ue4_client/Content/InfinityBladeWarriors/Character/CompleteCharacters/Textures_Materials/CharM_Ragged/M_Char_Ragged.uasset" 505
"../../../ue4_client/Content/InfinityBladeWarriors/Character/CompleteCharacters/SK_CharM_Ragged0.uasset" 506
"../../../ue4_client/Content/InfinityBladeWarriors/Character/CompleteCharacters/Textures_Materials/CharM_Ragged/T_CharM_Ragged_Elite.uasset" 507
"../../../ue4_client/Content/InfinityBladeWarriors/Character/CompleteCharacters/Textures_Materials/CharM_Ragged/M_Char_RaggedElite.uasset" 508
"../../../ue4_client/Content/InfinityBladeWarriors/Character/CompleteCharacters/SK_CharM_RaggedElite.uasset" 509
"../../../Engine/Content/Functions/Engine_MaterialFunctions02/ExampleContent/Textures/LowResBlurredNoise.uasset" 510
"../../../ue4_client/Content/InfinityBladeWarriors/Character/CompleteCharacters/Textures_Materials/CharM_Ram/T_CharM_Ram_B_D.uasset" 511
"../../../ue4_client/Content/InfinityBladeWarriors/Character/CompleteCharacters/Textures_Materials/CharM_Ram/T_CharM_Ram_B_Mask.uasset" 512
"../../../ue4_client/Content/InfinityBladeWarriors/Character/CompleteCharacters/Textures_Materials/CharM_Ram/T_CharM_Ram_N.uasset" 513
"../../../ue4_client/Content/InfinityBladeWarriors/Character/CompleteCharacters/Textures_Materials/CharM_Ram/M_Char_Ram.uasset" 514
"../../../ue4_client/Content/InfinityBladeWarriors/Character/CompleteCharacters/SK_CharM_Ram.uasset" 515
"../../../ue4_client/Content/InfinityBladeWarriors/Character/CompleteCharacters/Textures_Materials/CharM_Robo/T_CharM_Robo_D.uasset" 516
"../../../ue4_client/Content/InfinityBladeWarriors/Character/CompleteCharacters/Textures_Materials/CharM_Robo/T_CharM_Robo_Mask.uasset" 517
"../../../ue4_client/Content/InfinityBladeWarriors/Character/CompleteCharacters/Textures_Materials/CharM_Robo/T_CharM_Robo_N.uasset" 518
"../../../ue4_client/Content/InfinityBladeWarriors/Character/CompleteCharacters/Textures_Materials/CharM_Robo/M_Char_Robo.uasset" 519
"../../../ue4_client/Content/InfinityBladeWarriors/Character/CompleteCharacters/SK_CharM_Robo.uasset" 520
"../../../ue4_client/Content/InfinityBladeWarriors/Character/CompleteCharacters/Textures_Materials/CharM_solid/T_CharM_solid_D.uasset" 521
"../../../ue4_client/Content/InfinityBladeWarriors/Character/CompleteCharacters/Textures_Materials/CharM_solid/T_CharM_solid_Mask.uasset" 522
"../../../ue4_client/Content/InfinityBladeWarriors/Character/CompleteCharacters/Textures_Materials/CharM_solid/T_CharM_solid_N.uasset" 523
"../../../ue4_client/Content/InfinityBladeWarriors/Character/CompleteCharacters/Textures_Materials/CharM_solid/M_Char_Solid.uasset" 524
"../../../ue4_client/Content/InfinityBladeWarriors/Character/CompleteCharacters/SK_CharM_solid.uasset" 525
"../../../ue4_client/Content/InfinityBladeWarriors/Character/CompleteCharacters/Textures_Materials/CharM_Standard/T_CharM_Standard_D.uasset" 526
"../../../ue4_client/Content/InfinityBladeWarriors/Character/CompleteCharacters/Textures_Materials/CharM_Standard/M_Char_Standard.uasset" 527
"../../../ue4_client/Content/InfinityBladeWarriors/Character/CompleteCharacters/SK_CharM_Standard.uasset" 528
"../../../ue4_client/Content/InfinityBladeWarriors/Character/CompleteCharacters/SK_CharM_Tusk.uasset" 529
"../../../ue4_client/Content/InfinityBladeWarriors/Character/CompleteCharacters/Textures_Materials/CharM_Warrior/T_CharM_WarriorB_D.uasset" 530
"../../../ue4_client/Content/InfinityBladeWarriors/Character/CompleteCharacters/Textures_Materials/CharM_Warrior/M_Char_Warrior_B.uasset" 531
"../../../ue4_client/Content/InfinityBladeWarriors/Character/CompleteCharacters/SK_CharM_Warrior.uasset" 532
"../../../ue4_client/Content/InfinityBladeWarriors/Maps/LevelContent/Architecture/M_1Meter_01.uasset" 533
"../../../ue4_client/Content/InfinityBladeWarriors/Maps/LevelContent/Architecture/SM_1Meter_01.uasset" 534
"../../../ue4_client/Content/InfinityBladeWarriors/Maps/LevelContent/Architecture/M_CycRoom_01.uasset" 535
"../../../ue4_client/Content/InfinityBladeWarriors/Maps/LevelContent/Architecture/SM_CycRoom_01.uasset" 536
"../../../ue4_client/Content/InfinityBladeWarriors/Maps/LevelContent/HDRI/HDRI_Epic_Courtyard_Daylight.uasset" 537
"../../../ue4_client/Content/InfinityBladeWarriors/Maps/Overview.umap" 538
"../../../ue4_client/Content/StarterContent/Blueprints/Assets/FogBrightnessLUT.uasset" 539
"../../../ue4_client/Content/StarterContent/Blueprints/Assets/SunlightColorLUT.uasset" 540
"../../../ue4_client/Content/StarterContent/Blueprints/Assets/M_LightStage_Arrows.uasset" 541
"../../../Engine/Content/MapTemplates/Sky/DaylightAmbientCubemap.uasset" 542
"../../../ue4_client/Content/StarterContent/Blueprints/Assets/M_LightStage_Skybox_Master.uasset" 543
"../../../ue4_client/Content/StarterContent/Blueprints/Assets/M_LightStage_Skybox_Black.uasset" 544
"../../../ue4_client/Content/StarterContent/Blueprints/Assets/M_LightStage_Skybox_HDRI.uasset" 545
"../../../Engine/Content/EditorMaterials/Thumbnails/SkySphereMaterial.uasset" 546
"../../../ue4_client/Content/StarterContent/Blueprints/Assets/Skybox.uasset" 547
"../../../ue4_client/Content/StarterContent/Blueprints/Assets/SM_Arrows.uasset" 548
"../../../ue4_client/Content/StarterContent/HDRI/HDRI_Epic_Courtyard_Daylight.uasset" 549
"../../../ue4_client/Content/StarterContent/Blueprints/BP_LightStudio.uasset" 550
"../../../ue4_client/Content/StarterContent/Maps/Advanced_Lighting_BuiltData.uasset" 551
"../../../ue4_client/Content/StarterContent/Materials/M_AssetPlatform.uasset" 552
"../../../Engine/Content/EditorMeshes/ColorCalibrator/M_ChromeBall.uasset" 553
"../../../Engine/Content/EditorMeshes/ColorCalibrator/M_ClearCoat.uasset" 554
"../../../Engine/Content/EditorMeshes/ColorCalibrator/M_ClearCoatBlack.uasset" 555
"../../../Engine/Content/EditorMeshes/ColorCalibrator/Color_checker.uasset" 556
"../../../Engine/Content/EditorMeshes/ColorCalibrator/M_ColorGrid.uasset" 557
"../../../Engine/Content/EditorMeshes/ColorCalibrator/M_GreyBall.uasset" 558
"../../../Engine/Content/EditorMeshes/ColorCalibrator/SM_ColorCalibrator.uasset" 559
"../../../ue4_client/Content/StarterContent/Architecture/SM_AssetPlatform.uasset" 560
"../../../ue4_client/Content/StarterContent/Maps/Advanced_Lighting.umap" 561
"../../../ue4_client/Content/StarterContent/Maps/Minimal_Default_BuiltData.uasset" 562
"../../../ue4_client/Content/StarterContent/Textures/T_MacroVariation.uasset" 563
"../../../ue4_client/Content/StarterContent/Materials/M_Metal_Brushed_Nickel.uasset" 564
"../../../ue4_client/Content/StarterContent/Textures/T_Metal_Aluminum_D.uasset" 565
"../../../ue4_client/Content/StarterContent/Textures/T_Metal_Gold_N.uasset" 566
"../../../ue4_client/Content/StarterContent/Materials/M_Metal_Burnished_Steel.uasset" 567
"../../../ue4_client/Content/StarterContent/Textures/T_Metal_Copper_D.uasset" 568
"../../../ue4_client/Content/StarterContent/Materials/M_Metal_Copper.uasset" 569
"../../../ue4_client/Content/StarterContent/Textures/T_Statue_M.uasset" 570
"../../../ue4_client/Content/StarterContent/Textures/T_Statue_N.uasset" 571
"../../../ue4_client/Content/StarterContent/Props/Materials/M_StatueGlass.uasset" 572
"../../../ue4_client/Content/StarterContent/Architecture/Floor_400x400.uasset" 573
"../../../ue4_client/Content/StarterContent/Audio/Starter_Background_Cue.uasset" 574
"../../../ue4_client/Content/StarterContent/Props/SM_Chair.uasset" 575
"../../../ue4_client/Content/StarterContent/Props/Materials/M_Statue.uasset" 576
"../../../ue4_client/Content/StarterContent/Props/SM_Statue.uasset" 577
"../../../ue4_client/Content/StarterContent/Textures/T_TableRound_M.uasset" 578
"../../../ue4_client/Content/StarterContent/Textures/T_TableRound_N.uasset" 579
"../../../ue4_client/Content/StarterContent/Props/Materials/M_TableRound.uasset" 580
"../../../ue4_client/Content/StarterContent/Props/SM_TableRound.uasset" 581
"../../../ue4_client/Content/StarterContent/Maps/Minimal_Default.umap" 582
"../../../ue4_client/Content/StarterContent/Audio/Fire01_Cue.uasset" 583
"../../../ue4_client/Content/StarterContent/Textures/T_Fire_SubUV.uasset" 584
"../../../ue4_client/Content/StarterContent/Textures/T_Fire_Tiled_D.uasset" 585
"../../../ue4_client/Content/StarterContent/Particles/Materials/M_Fire_SubUV.uasset" 586
"../../../ue4_client/Content/StarterContent/Textures/T_Water_N.uasset" 587
"../../../ue4_client/Content/StarterContent/Particles/Materials/M_Heat_Distortion.uasset" 588
"../../../ue4_client/Content/StarterContent/Particles/Materials/M_Radial_Gradient.uasset" 589
"../../../ue4_client/Content/StarterContent/Particles/P_Fire.uasset" 590
"../../../ue4_client/Content/StarterContent/Blueprints/Blueprint_Effect_Fire.uasset" 591
"../../../ue4_client/Content/StarterContent/Audio/Smoke01_Cue.uasset" 592
"../../../ue4_client/Content/StarterContent/Particles/P_Smoke.uasset" 593
"../../../ue4_client/Content/StarterContent/Blueprints/Blueprint_Effect_Smoke.uasset" 594
"../../../ue4_client/Content/StarterContent/Audio/Fire_Sparks01_Cue.uasset" 595
"../../../ue4_client/Content/StarterContent/Particles/Materials/M_Spark.uasset" 596
"../../../ue4_client/Content/StarterContent/Particles/P_Sparks.uasset" 597
"../../../ue4_client/Content/StarterContent/Blueprints/Blueprint_Effect_Sparks.uasset" 598
"../../../ue4_client/Content/StarterContent/Audio/Steam01_Cue.uasset" 599
"../../../ue4_client/Content/StarterContent/Particles/P_Steam_Lit.uasset" 600
"../../../ue4_client/Content/StarterContent/Blueprints/Blueprint_Effect_Steam.uasset" 601
"../../../ue4_client/Content/StarterContent/Textures/T_Lamp_M.uasset" 602
"../../../ue4_client/Content/StarterContent/Textures/T_Lamp_N.uasset" 603
"../../../ue4_client/Content/StarterContent/Props/Materials/M_Lamp.uasset" 604
"../../../ue4_client/Content/StarterContent/Props/SM_Lamp_Ceiling.uasset" 605
"../../../ue4_client/Content/StarterContent/Blueprints/Blueprint_CeilingLight.uasset" 606
"../../../ue4_client/Content/StarterContent/Props/SM_Lamp_Wall.uasset" 607
"../../../ue4_client/Content/StarterContent/Blueprints/Blueprint_WallSconce.uasset" 608
"../../../ue4_client/Content/StarterContent/Maps/StarterMap_BuiltData.uasset" 609
"../../../Engine/Content/Functions/Engine_MaterialFunctions03/Procedurals/ComputeFilterWidth.uasset" 610
"../../../Engine/Content/EngineMaterials/AntiAliasedTextMaterialTranslucent.uasset" 611
"../../../ue4_client/Content/StarterContent/Textures/T_Brick_Clay_Beveled_D.uasset" 612
"../../../ue4_client/Content/StarterContent/Textures/T_Brick_Clay_Beveled_M.uasset" 613
"../../../ue4_client/Content/StarterContent/Textures/T_Brick_Clay_Beveled_N.uasset" 614
"../../../ue4_client/Content/StarterContent/Materials/M_Brick_Clay_Beveled.uasset" 615
"../../../ue4_client/Content/StarterContent/Textures/T_Brick_Clay_New_D.uasset" 616
"../../../ue4_client/Content/StarterContent/Textures/T_Brick_Clay_New_M.uasset" 617
"../../../ue4_client/Content/StarterContent/Textures/T_Brick_Clay_New_N.uasset" 618
"../../../ue4_client/Content/StarterContent/Materials/M_Brick_Clay_New.uasset" 619
"../../../ue4_client/Content/StarterContent/Textures/T_Brick_Clay_Old_D.uasset" 620
"../../../ue4_client/Content/StarterContent/Textures/T_Brick_Clay_Old_N.uasset" 621
"../../../ue4_client/Content/StarterContent/Textures/T_Perlin_Noise_M.uasset" 622
"../../../ue4_client/Content/StarterContent/Materials/M_Brick_Clay_Old.uasset" 623
"../../../ue4_client/Content/StarterContent/Textures/T_Brick_Cut_Stone_D.uasset" 624
"../../../ue4_client/Content/StarterContent/Textures/T_Brick_Cut_Stone_N.uasset" 625
"../../../ue4_client/Content/StarterContent/Materials/M_Brick_Cut_Stone.uasset" 626
"../../../ue4_client/Content/StarterContent/Textures/T_Brick_Hewn_Stone_D.uasset" 627
"../../../ue4_client/Content/StarterContent/Textures/T_Brick_Hewn_Stone_M.uasset" 628
"../../../ue4_client/Content/StarterContent/Textures/T_Brick_Hewn_Stone_N.uasset" 629
"../../../ue4_client/Content/StarterContent/Materials/M_Brick_Hewn_Stone.uasset" 630
"../../../ue4_client/Content/StarterContent/Textures/T_Ceramic_Tile_M.uasset" 631
"../../../ue4_client/Content/StarterContent/Textures/T_Ceramic_Tile_N.uasset" 632
"../../../ue4_client/Content/StarterContent/Textures/T_Rock_Marble_Polished_D.uasset" 633
"../../../ue4_client/Content/StarterContent/Materials/M_Ceramic_Tile_Checker.uasset" 634
"../../../ue4_client/Content/StarterContent/Textures/T_CobbleStone_Pebble_D.uasset" 635
"../../../ue4_client/Content/StarterContent/Textures/T_CobbleStone_Pebble_M.uasset" 636
"../../../ue4_client/Content/StarterContent/Textures/T_CobbleStone_Pebble_N.uasset" 637
"../../../ue4_client/Content/StarterContent/Materials/M_CobbleStone_Pebble.uasset" 638
"../../../ue4_client/Content/StarterContent/Textures/T_CobbleStone_Rough_D.uasset" 639
"../../../ue4_client/Content/StarterContent/Textures/T_CobbleStone_Rough_N.uasset" 640
"../../../ue4_client/Content/StarterContent/Textures/T_Gradinet_01.uasset" 641
"../../../ue4_client/Content/StarterContent/Textures/T_Rock_Smooth_Granite_D.uasset" 642
"../../../ue4_client/Content/StarterContent/Materials/M_CobbleStone_Rough.uasset" 643
"../../../ue4_client/Content/StarterContent/Textures/T_CobbleStone_Smooth_D.uasset" 644
"../../../ue4_client/Content/StarterContent/Textures/T_CobbleStone_Smooth_M.uasset" 645
"../../../ue4_client/Content/StarterContent/Textures/T_CobbleStone_Smooth_N.uasset" 646
"../../../ue4_client/Content/StarterContent/Materials/M_CobbleStone_Smooth.uasset" 647
"../../../ue4_client/Content/StarterContent/Textures/T_Concrete_Grime_D.uasset" 648
"../../../ue4_client/Content/StarterContent/Textures/T_Metal_Rust_N.uasset" 649
"../../../ue4_client/Content/StarterContent/Materials/M_Concrete_Grime.uasset" 650
"../../../ue4_client/Content/StarterContent/Textures/T_Concrete_Panels_D.uasset" 651
"../../../ue4_client/Content/StarterContent/Textures/T_Concrete_Panels_N.uasset" 652
"../../../ue4_client/Content/StarterContent/Materials/M_Concrete_Panels.uasset" 653
"../../../ue4_client/Content/StarterContent/Textures/T_Concrete_Poured_D.uasset" 654
"../../../ue4_client/Content/StarterContent/Textures/T_Concrete_Poured_N.uasset" 655
"../../../ue4_client/Content/StarterContent/Materials/M_Concrete_Poured.uasset" 656
"../../../ue4_client/Content/StarterContent/Textures/T_Concrete_Tiles_D.uasset" 657
"../../../ue4_client/Content/StarterContent/Textures/T_Concrete_Tiles_M.uasset" 658
"../../../ue4_client/Content/StarterContent/Textures/T_Concrete_Tiles_N.uasset" 659
"../../../ue4_client/Content/StarterContent/Textures/T_Concrete_Tiles_Variation_M.uasset" 660
"../../../ue4_client/Content/StarterContent/Materials/M_Concrete_Tiles.uasset" 661
"../../../ue4_client/Content/StarterContent/Textures/T_Ground_Grass_D.uasset" 662
"../../../ue4_client/Content/StarterContent/Textures/T_Ground_Grass_N.uasset" 663
"../../../ue4_client/Content/StarterContent/Materials/M_Ground_Grass.uasset" 664
"../../../ue4_client/Content/StarterContent/Textures/T_Ground_Gravel_D.uasset" 665
"../../../ue4_client/Content/StarterContent/Textures/T_Ground_Gravel_N.uasset" 666
"../../../ue4_client/Content/StarterContent/Materials/M_Ground_Gravel.uasset" 667
"../../../ue4_client/Content/StarterContent/Textures/T_ground_Moss_D.uasset" 668
"../../../ue4_client/Content/StarterContent/Textures/T_Ground_Moss_N.uasset" 669
"../../../ue4_client/Content/StarterContent/Materials/M_Ground_Moss.uasset" 670
"../../../ue4_client/Content/StarterContent/Materials/M_Metal_Chrome.uasset" 671
"../../../ue4_client/Content/StarterContent/Textures/T_Metal_Gold_D.uasset" 672
"../../../ue4_client/Content/StarterContent/Materials/M_Metal_Gold.uasset" 673
"../../../ue4_client/Content/StarterContent/Textures/T_Metal_Rust_D.uasset" 674
"../../../ue4_client/Content/StarterContent/Materials/M_Metal_Rust.uasset" 675
"../../../ue4_client/Content/StarterContent/Textures/T_Metal_Steel_D.uasset" 676
"../../../ue4_client/Content/StarterContent/Textures/T_Metal_Steel_N.uasset" 677
"../../../ue4_client/Content/StarterContent/Materials/M_Metal_Steel.uasset" 678
"../../../ue4_client/Content/StarterContent/Textures/T_Rock_Basalt_N.uasset" 679
"../../../ue4_client/Content/StarterContent/Materials/M_Rock_Basalt.uasset" 680
"../../../ue4_client/Content/StarterContent/Materials/M_Rock_Marble_Polished.uasset" 681
"../../../ue4_client/Content/StarterContent/Textures/T_Rock_Sandstone_D.uasset" 682
"../../../ue4_client/Content/StarterContent/Textures/T_Rock_Sandstone_N.uasset" 683
"../../../ue4_client/Content/StarterContent/Materials/M_Rock_Sandstone.uasset" 684
"../../../ue4_client/Content/StarterContent/Textures/T_Rock_Slate_D.uasset" 685
"../../../ue4_client/Content/StarterContent/Textures/T_Rock_Slate_N.uasset" 686
"../../../ue4_client/Content/StarterContent/Materials/M_Rock_Slate.uasset" 687
"../../../ue4_client/Content/StarterContent/Textures/T_Checker_Noise_M.uasset" 688
"../../../ue4_client/Content/StarterContent/Textures/T_Single_Tile_N.uasset" 689
"../../../ue4_client/Content/StarterContent/Textures/T_Tech_Dot_M.uasset" 690
"../../../ue4_client/Content/StarterContent/Textures/T_Tech_Dot_N.uasset" 691
"../../../ue4_client/Content/StarterContent/Materials/M_Tech_Checker_Dot.uasset" 692
"../../../ue4_client/Content/StarterContent/Textures/T_Tech_Hex_Tile_M.uasset" 693
"../../../ue4_client/Content/StarterContent/Textures/T_Tech_Hex_Tile_N.uasset" 694
"../../../ue4_client/Content/StarterContent/Materials/M_Tech_Hex_Tile.uasset" 695
"../../../ue4_client/Content/StarterContent/Materials/M_Tech_Hex_Tile_Pulse.uasset" 696
"../../../ue4_client/Content/StarterContent/Textures/T_Tech_Panel_M.uasset" 697
"../../../ue4_client/Content/StarterContent/Textures/T_Tech_Panel_N.uasset" 698
"../../../ue4_client/Content/StarterContent/Materials/M_Tech_Panel.uasset" 699
"../../../ue4_client/Content/StarterContent/Materials/M_Water_Lake.uasset" 700
"../../../ue4_client/Content/StarterContent/Textures/T_Water_M.uasset" 701
"../../../ue4_client/Content/StarterContent/Materials/M_Water_Ocean.uasset" 702
"../../../ue4_client/Content/StarterContent/Textures/T_Wood_Floor_Walnut_D.uasset" 703
"../../../ue4_client/Content/StarterContent/Textures/T_Wood_Floor_Walnut_M.uasset" 704
"../../../ue4_client/Content/StarterContent/Textures/T_Wood_Floor_Walnut_N.uasset" 705
"../../../ue4_client/Content/StarterContent/Materials/M_Wood_Floor_Walnut_Polished.uasset" 706
"../../../Engine/Content/Functions/Engine_MaterialFunctions01/Opacity/AlphaOffset.uasset" 707
"../../../ue4_client/Content/StarterContent/Materials/M_Wood_Floor_Walnut_Worn.uasset" 708
"../../../ue4_client/Content/StarterContent/Textures/T_Wood_Oak_D.uasset" 709
"../../../ue4_client/Content/StarterContent/Textures/T_Wood_Oak_N.uasset" 710
"../../../ue4_client/Content/StarterContent/Materials/M_Wood_Oak.uasset" 711
"../../../ue4_client/Content/StarterContent/Textures/T_Wood_Pine_D.uasset" 712
"../../../ue4_client/Content/StarterContent/Textures/T_Wood_Pine_N.uasset" 713
"../../../ue4_client/Content/StarterContent/Materials/M_Wood_Pine.uasset" 714
"../../../ue4_client/Content/StarterContent/Textures/T_Wood_Walnut_D.uasset" 715
"../../../ue4_client/Content/StarterContent/Textures/T_Wood_Walnut_N.uasset" 716
"../../../ue4_client/Content/StarterContent/Materials/M_Wood_Walnut.uasset" 717
"../../../ue4_client/Content/StarterContent/Architecture/Wall_400x200.uasset" 718
"../../../ue4_client/Content/StarterContent/Architecture/Wall_Door_400x300.uasset" 719
"../../../ue4_client/Content/StarterContent/Architecture/Wall_Window_400x300.uasset" 720
"../../../ue4_client/Content/StarterContent/Audio/Collapse_Cue.uasset" 721
"../../../ue4_client/Content/StarterContent/Audio/Starter_Music_Cue.uasset" 722
"../../../ue4_client/Content/StarterContent/Textures/T_Dust_Particle_D.uasset" 723
"../../../ue4_client/Content/StarterContent/Particles/Materials/M_Dust_Particle.uasset" 724
"../../../ue4_client/Content/StarterContent/Particles/P_Ambient_Dust.uasset" 725
"../../../ue4_client/Content/StarterContent/Props/MaterialSphere.uasset" 726
"../../../ue4_client/Content/StarterContent/Textures/T_Frame_M.uasset" 727
"../../../ue4_client/Content/StarterContent/Textures/T_Frame_N.uasset" 728
"../../../ue4_client/Content/StarterContent/Props/Materials/M_Frame.uasset" 729
"../../../ue4_client/Content/StarterContent/Props/SM_CornerFrame.uasset" 730
"../../../ue4_client/Content/StarterContent/Props/SM_DoorFrame.uasset" 731
"../../../ue4_client/Content/StarterContent/Props/SM_GlassWindow.uasset" 732
"../../../ue4_client/Content/StarterContent/Props/SM_PillarFrame.uasset" 733
"../../../ue4_client/Content/StarterContent/Props/SM_PillarFrame300.uasset" 734
"../../../ue4_client/Content/StarterContent/Props/SM_WindowFrame.uasset" 735
"../../../ue4_client/Content/StarterContent/Shapes/Shape_Cube.uasset" 736
"../../../ue4_client/Content/StarterContent/Shapes/Shape_QuadPyramid.uasset" 737
"../../../ue4_client/Content/StarterContent/Shapes/Shape_Sphere.uasset" 738
"../../../ue4_client/Content/StarterContent/Maps/StarterMap.umap" 739
"../../../ue4_client/Content/ThirdPersonBP/Maps/ThirdPersonExampleMap_BuiltData.uasset" 740
"../../../ue4_client/Content/ThirdPersonBP/Maps/ThirdPersonExampleMap.umap" 741
